2022-01-17 16:46:12.881 [main] ERROR com.kaa.simplebuild.DataProviderJDBC - org.h2.jdbc.JdbcSQLException: Соединение разорвано: "java.net.ConnectException: Connection refused: no further information: localhost"
Connection is broken: "java.net.ConnectException: Connection refused: no further information: localhost" [90067-195]
2022-01-17 16:46:12.897 [main] ERROR com.kaa.simplebuild.DataProviderJDBC - java.lang.NullPointerException
2022-01-17 16:46:15.656 [main] ERROR com.kaa.simplebuild.DataProviderJDBC - org.h2.jdbc.JdbcSQLException: Соединение разорвано: "java.net.ConnectException: Connection refused: no further information: localhost"
Connection is broken: "java.net.ConnectException: Connection refused: no further information: localhost" [90067-195]
2022-01-17 16:46:15.659 [main] ERROR com.kaa.simplebuild.DataProviderJDBC - java.lang.NullPointerException
2022-01-17 16:46:17.712 [main] ERROR com.kaa.simplebuild.DataProviderJDBC - org.h2.jdbc.JdbcSQLException: Соединение разорвано: "java.net.ConnectException: Connection refused: no further information: localhost"
Connection is broken: "java.net.ConnectException: Connection refused: no further information: localhost" [90067-195]
2022-01-17 16:46:17.716 [main] ERROR com.kaa.simplebuild.DataProviderJDBC - java.lang.NullPointerException
2022-01-17 16:46:19.751 [main] ERROR com.kaa.simplebuild.DataProviderJDBC - org.h2.jdbc.JdbcSQLException: Соединение разорвано: "java.net.ConnectException: Connection refused: no further information: localhost"
Connection is broken: "java.net.ConnectException: Connection refused: no further information: localhost" [90067-195]
2022-01-17 16:46:19.753 [main] ERROR com.kaa.simplebuild.DataProviderJDBC - java.lang.NullPointerException
2022-01-17 16:46:21.801 [main] ERROR com.kaa.simplebuild.DataProviderJDBC - org.h2.jdbc.JdbcSQLException: Соединение разорвано: "java.net.ConnectException: Connection refused: no further information: localhost"
Connection is broken: "java.net.ConnectException: Connection refused: no further information: localhost" [90067-195]
2022-01-17 16:46:21.804 [main] ERROR com.kaa.simplebuild.DataProviderJDBC - java.lang.NullPointerException
2022-01-17 16:46:23.875 [main] ERROR com.kaa.simplebuild.DataProviderJDBC - org.h2.jdbc.JdbcSQLException: Соединение разорвано: "java.net.ConnectException: Connection refused: no further information: localhost"
Connection is broken: "java.net.ConnectException: Connection refused: no further information: localhost" [90067-195]
2022-01-17 16:46:23.877 [main] ERROR com.kaa.simplebuild.DataProviderJDBC - java.lang.NullPointerException
2022-01-17 16:46:25.919 [main] ERROR com.kaa.simplebuild.DataProviderJDBC - org.h2.jdbc.JdbcSQLException: Соединение разорвано: "java.net.ConnectException: Connection refused: no further information: localhost"
Connection is broken: "java.net.ConnectException: Connection refused: no further information: localhost" [90067-195]
2022-01-17 16:46:25.922 [main] ERROR com.kaa.simplebuild.DataProviderJDBC - java.lang.NullPointerException
2022-01-17 16:46:27.972 [main] ERROR com.kaa.simplebuild.DataProviderJDBC - org.h2.jdbc.JdbcSQLException: Соединение разорвано: "java.net.ConnectException: Connection refused: no further information: localhost"
Connection is broken: "java.net.ConnectException: Connection refused: no further information: localhost" [90067-195]
2022-01-17 16:46:27.973 [main] ERROR com.kaa.simplebuild.DataProviderJDBC - java.lang.NullPointerException
2022-01-17 16:46:30.035 [main] ERROR com.kaa.simplebuild.DataProviderJDBC - org.h2.jdbc.JdbcSQLException: Соединение разорвано: "java.net.ConnectException: Connection refused: no further information: localhost"
Connection is broken: "java.net.ConnectException: Connection refused: no further information: localhost" [90067-195]
2022-01-17 16:46:32.050 [main] ERROR com.kaa.simplebuild.DataProviderJDBC - org.h2.jdbc.JdbcSQLException: Соединение разорвано: "java.net.ConnectException: Connection refused: no further information: localhost"
Connection is broken: "java.net.ConnectException: Connection refused: no further information: localhost" [90067-195]
2022-01-17 16:46:34.063 [main] ERROR com.kaa.simplebuild.DataProviderJDBC - org.h2.jdbc.JdbcSQLException: Соединение разорвано: "java.net.ConnectException: Connection refused: no further information: localhost"
Connection is broken: "java.net.ConnectException: Connection refused: no further information: localhost" [90067-195]
2022-01-17 16:46:34.064 [main] ERROR com.kaa.simplebuild.DataProviderJDBC - java.lang.NullPointerException
2022-01-17 16:46:36.101 [main] ERROR com.kaa.simplebuild.DataProviderJDBC - org.h2.jdbc.JdbcSQLException: Соединение разорвано: "java.net.ConnectException: Connection refused: no further information: localhost"
Connection is broken: "java.net.ConnectException: Connection refused: no further information: localhost" [90067-195]
2022-01-17 16:46:38.114 [main] ERROR com.kaa.simplebuild.DataProviderJDBC - org.h2.jdbc.JdbcSQLException: Соединение разорвано: "java.net.ConnectException: Connection refused: no further information: localhost"
Connection is broken: "java.net.ConnectException: Connection refused: no further information: localhost" [90067-195]
2022-01-17 16:46:38.117 [main] ERROR com.kaa.simplebuild.DataProviderJDBC - java.lang.NullPointerException
2022-01-17 16:46:53.473 [main] INFO  com.kaa.simplebuild.DataProviderJDBCTest - create  MainPartMaterial{id=1642427213164, name='test', price=1.0, soundTransmission=1.0}
2022-01-17 16:46:53.480 [main] DEBUG com.kaa.simplebuild.DataProviderJDBC - prep3:  DELETE FROM MAINPARTMATERIAL WHERE id= (?) {1: 1642427213164}
2022-01-17 16:46:53.481 [main] DEBUG com.kaa.simplebuild.DataProviderJDBC - conn0: url=jdbc:h2:tcp://localhost/~/test user=ADMIN
2022-01-17 16:46:53.496 [main] INFO  com.kaa.simplebuild.DataProviderJDBC - prep4: INSERT INTO ROOFMATERIAL VALUES (?,?,?,?) {1: 1642427213495, 2: 'test', 3: 1.0, 4: 1}
2022-01-17 16:46:53.496 [main] INFO  com.kaa.simplebuild.DataProviderJDBC - conn1: url=jdbc:h2:tcp://localhost/~/test user=ADMIN
2022-01-17 16:46:53.509 [main] DEBUG com.kaa.simplebuild.DataProviderJDBC - [RoofMaterial{id=1642427213495, name='test', price=1.0, durabilityYears=1}]
2022-01-17 16:46:53.570 [main] DEBUG com.kaa.simplebuild.DataProviderJDBC - []
2022-01-17 16:46:53.577 [main] ERROR com.kaa.simplebuild.DataProviderJDBC - utils.NullObjectException: entity is null
2022-01-17 16:46:53.577 [main] INFO  com.kaa.simplebuild.DataProviderJDBCTest - delnull
2022-01-17 16:46:53.582 [main] DEBUG com.kaa.simplebuild.DataProviderJDBC - []
2022-01-17 16:46:53.583 [main] ERROR com.kaa.simplebuild.DataProviderJDBC - utils.NullObjectException: entity is null
2022-01-17 16:46:53.628 [main] ERROR com.kaa.simplebuild.DataProviderJDBC - utils.NullObjectException: entity is null
2022-01-17 16:46:53.628 [main] INFO  com.kaa.simplebuild.DataProviderJDBCTest - delnull
2022-01-17 16:46:53.629 [main] ERROR com.kaa.simplebuild.DataProviderJDBC - utils.NullObjectException: entity is null
2022-01-17 16:46:53.655 [main] INFO  com.kaa.simplebuild.DataProviderJDBCTest - update  MainPartTemplate{id=1642427213631, name='test2' , priceMultiplier=2.2, idMaterial=2}
2022-01-17 16:46:53.705 [main] INFO  com.kaa.simplebuild.DataProviderJDBC - prep24: INSERT INTO ROOFMATERIAL VALUES (?,?,?,?) {1: 1642427213705, 2: 'test', 3: 1.0, 4: 1}
2022-01-17 16:46:53.705 [main] INFO  com.kaa.simplebuild.DataProviderJDBC - conn5: url=jdbc:h2:tcp://localhost/~/test user=ADMIN
2022-01-17 16:46:53.730 [main] DEBUG com.kaa.simplebuild.DataProviderJDBC - [RoofMaterial{id=1642427213705, name='test2', price=2.0, durabilityYears=2}]
2022-01-17 16:46:53.731 [main] INFO  com.kaa.simplebuild.DataProviderJDBCTest - update  RoofMaterial{id=1642427213705, name='test2', price=2.0, durabilityYears=2}
2022-01-17 16:46:53.732 [main] DEBUG com.kaa.simplebuild.DataProviderJDBC - [RoofMaterial{id=1642427213705, name='test2', price=2.0, durabilityYears=2}]
2022-01-17 16:46:53.733 [main] DEBUG com.kaa.simplebuild.DataProviderJDBC - [RoofMaterial{id=1642427213705, name='test2', price=2.0, durabilityYears=2}]
2022-01-17 16:46:53.772 [main] INFO  com.kaa.simplebuild.DataProviderJDBCTest - create  BasementMaterial{id=1642427213753, name='test', price=1.0, frostResistance=1, waterproof=1}
2022-01-17 16:46:53.814 [main] ERROR com.kaa.simplebuild.DataProviderJDBC - utils.NullObjectException: entity is null
2022-01-17 16:46:53.815 [main] INFO  com.kaa.simplebuild.DataProviderJDBCTest - delnull
2022-01-17 16:46:53.816 [main] ERROR com.kaa.simplebuild.DataProviderJDBC - utils.NullObjectException: entity is null
2022-01-17 16:46:53.858 [main] INFO  com.kaa.simplebuild.DataProviderJDBCTest - update  BasementTemplate{id=1642427213822, name='test2' , priceMultiplier=2.2, idMaterial=2, cellar=false}
2022-01-17 16:46:53.907 [main] ERROR com.kaa.simplebuild.DataProviderJDBC - utils.NullObjectException: entity is null
2022-01-17 16:46:53.908 [main] DEBUG com.kaa.simplebuild.DataProviderJDBC - prep48:  DELETE FROM BUILDINGTEMPLATE WHERE id= (?) {1: 1642427213897}
2022-01-17 16:46:53.929 [main] DEBUG com.kaa.simplebuild.DataProviderJDBC - prep52:  DELETE FROM MAINPARTMATERIAL WHERE id= (?) {1: 1642427213919}
2022-01-17 16:46:53.929 [main] DEBUG com.kaa.simplebuild.DataProviderJDBC - conn13: url=jdbc:h2:tcp://localhost/~/test user=ADMIN
2022-01-17 16:46:53.954 [main] ERROR com.kaa.simplebuild.DataProviderJDBC - utils.NullObjectException: entity is null
2022-01-17 16:46:53.955 [main] DEBUG com.kaa.simplebuild.DataProviderJDBC - prep55:  DELETE FROM BUILDINGTEMPLATE WHERE id= (?) {1: 1642427213938}
2022-01-17 16:46:53.966 [main] ERROR com.kaa.simplebuild.DataProviderJDBC - utils.NullObjectException: entity is null
2022-01-17 16:46:53.966 [main] INFO  com.kaa.simplebuild.DataProviderJDBCTest - delnull
2022-01-17 16:46:53.968 [main] ERROR com.kaa.simplebuild.DataProviderJDBC - utils.NullObjectException: entity is null
2022-01-17 16:46:53.981 [main] DEBUG com.kaa.simplebuild.DataProviderJDBC - prep60:  DELETE FROM MAINPARTMATERIAL WHERE id= (?) {1: 1642427213971}
2022-01-17 16:46:53.982 [main] DEBUG com.kaa.simplebuild.DataProviderJDBC - conn15: url=jdbc:h2:tcp://localhost/~/test user=ADMIN
2022-01-17 16:46:53.992 [main] ERROR com.kaa.simplebuild.DataProviderJDBC - utils.NullObjectException: entity is null
2022-01-17 16:46:53.993 [main] INFO  com.kaa.simplebuild.DataProviderJDBCTest - delnull
2022-01-17 16:46:53.994 [main] ERROR com.kaa.simplebuild.DataProviderJDBC - utils.NullObjectException: entity is null
2022-01-17 16:46:54.008 [main] INFO  com.kaa.simplebuild.DataProviderJDBCTest - create  RoofTemplate{id=1642427213996, name='test' , priceMultiplier=1.0, idMaterial=1, insulation=true, pipe=true}
2022-01-17 16:46:54.039 [main] INFO  com.kaa.simplebuild.DataProviderJDBCTest - update  BuildingTemplate{id=1642427214021, name='test2' , idRoofTenplate=2, idMainPartTemplate=1, idBasementTemplate=1}
2022-01-17 16:46:54.040 [main] ERROR com.kaa.simplebuild.DataProviderJDBC - utils.NullObjectException: entity is null
2022-01-17 16:46:54.041 [main] DEBUG com.kaa.simplebuild.DataProviderJDBC - prep72:  DELETE FROM BUILDINGTEMPLATE WHERE id= (?) {1: 1642427214021}
2022-01-17 16:46:54.066 [main] INFO  com.kaa.simplebuild.DataProviderJDBCTest - update  MainPartMaterial{id=1642427214050, name='test2', price=2.0, soundTransmission=2.0}
2022-01-17 16:46:54.067 [main] DEBUG com.kaa.simplebuild.DataProviderJDBC - prep78:  DELETE FROM MAINPARTMATERIAL WHERE id= (?) {1: 1642427214050}
2022-01-17 16:46:54.067 [main] DEBUG com.kaa.simplebuild.DataProviderJDBC - conn18: url=jdbc:h2:tcp://localhost/~/test user=ADMIN
2022-01-17 16:46:54.108 [main] ERROR com.kaa.simplebuild.DataProviderJDBC - utils.NullObjectException: entity is null
2022-01-17 16:46:54.109 [main] INFO  com.kaa.simplebuild.DataProviderJDBCTest - delnull
2022-01-17 16:46:54.109 [main] ERROR com.kaa.simplebuild.DataProviderJDBC - utils.NullObjectException: entity is null
2022-01-17 16:46:54.132 [main] INFO  com.kaa.simplebuild.DataProviderJDBCTest - update  BasementMaterial{id=1642427214114, name='test2', price=2.0, frostResistance=2, waterproof=2}
2022-01-17 16:46:54.166 [main] INFO  com.kaa.simplebuild.DataProviderJDBCTest - create  MainPartTemplate{id=1642427214158, name='test' , priceMultiplier=1.0, idMaterial=1}
2022-01-17 16:46:54.223 [main] ERROR com.kaa.simplebuild.DataProviderJDBC - utils.NullObjectException: entity is null
2022-01-17 16:46:54.223 [main] INFO  com.kaa.simplebuild.DataProviderJDBCTest - delnull
2022-01-17 16:46:54.224 [main] ERROR com.kaa.simplebuild.DataProviderJDBC - utils.NullObjectException: entity is null
2022-01-17 16:46:54.273 [main] INFO  com.kaa.simplebuild.DataProviderJDBCTest - update  RoofTemplate{id=1642427214230, name='test2' , priceMultiplier=1.0, idMaterial=1, insulation=true, pipe=true}
2022-01-17 16:46:54.291 [main] INFO  com.kaa.simplebuild.DataProviderJDBCTest - create  BasementTemplate{id=1642427214284, name='test' , priceMultiplier=1.0, idMaterial=1, cellar=false}
2022-01-17 16:46:54.309 [main] INFO  com.kaa.simplebuild.DataProviderJDBC - prep117: INSERT INTO ROOFMATERIAL VALUES (?,?,?,?) {1: 1642427214309, 2: 'test', 3: 1.0, 4: 1}
2022-01-17 16:46:54.310 [main] INFO  com.kaa.simplebuild.DataProviderJDBC - conn30: url=jdbc:h2:tcp://localhost/~/test user=ADMIN
2022-01-17 16:46:54.320 [main] DEBUG com.kaa.simplebuild.DataProviderJDBC - [RoofMaterial{id=1642427214309, name='test', price=1.0, durabilityYears=1}]
2022-01-17 16:46:54.320 [main] INFO  com.kaa.simplebuild.DataProviderJDBCTest - create  RoofMaterial{id=1642427214309, name='test', price=1.0, durabilityYears=1}
2022-01-17 16:46:54.321 [main] DEBUG com.kaa.simplebuild.DataProviderJDBC - [RoofMaterial{id=1642427214309, name='test', price=1.0, durabilityYears=1}]
2022-01-17 16:46:54.351 [main] INFO  com.kaa.simplebuild.DataProviderJDBC - prep125: INSERT INTO ROOFMATERIAL VALUES (?,?,?,?) {1: 1642427214351, 2: 'test', 3: 1.0, 4: 1}
2022-01-17 16:46:54.352 [main] INFO  com.kaa.simplebuild.DataProviderJDBC - conn33: url=jdbc:h2:tcp://localhost/~/test user=ADMIN
2022-01-17 16:46:54.358 [main] DEBUG com.kaa.simplebuild.DataProviderJDBC - [RoofMaterial{id=1642427214351, name='test', price=1.0, durabilityYears=1}]
2022-01-17 16:46:54.359 [main] DEBUG com.kaa.simplebuild.DataProviderJDBC - [RoofMaterial{id=1642427214351, name='test', price=1.0, durabilityYears=1}]
2022-01-17 16:46:54.377 [main] INFO  com.kaa.simplebuild.DataProviderJDBCTest - create  BuildingTemplate{id=1642427214368, name='test' , idRoofTenplate=2, idMainPartTemplate=1, idBasementTemplate=1}
2022-01-17 16:46:54.378 [main] ERROR com.kaa.simplebuild.DataProviderJDBC - utils.NullObjectException: entity is null
2022-01-17 16:46:54.378 [main] DEBUG com.kaa.simplebuild.DataProviderJDBC - prep132:  DELETE FROM BUILDINGTEMPLATE WHERE id= (?) {1: 1642427214368}
2022-01-17 16:47:15.838 [main] INFO  com.kaa.simplebuild.DataProviderJDBCTest - create  MainPartMaterial{id=1642427235532, name='test', price=1.0, soundTransmission=1.0}
2022-01-17 16:47:15.844 [main] DEBUG com.kaa.simplebuild.DataProviderJDBC - prep3:  DELETE FROM MAINPARTMATERIAL WHERE id= (?) {1: 1642427235532}
2022-01-17 16:47:15.844 [main] DEBUG com.kaa.simplebuild.DataProviderJDBC - conn0: url=jdbc:h2:tcp://localhost/~/test user=ADMIN
2022-01-17 16:47:15.858 [main] INFO  com.kaa.simplebuild.DataProviderJDBC - prep4: INSERT INTO ROOFMATERIAL VALUES (?,?,?,?) {1: 1642427235858, 2: 'test', 3: 1.0, 4: 1}
2022-01-17 16:47:15.859 [main] INFO  com.kaa.simplebuild.DataProviderJDBC - conn1: url=jdbc:h2:tcp://localhost/~/test user=ADMIN
2022-01-17 16:47:15.871 [main] DEBUG com.kaa.simplebuild.DataProviderJDBC - [RoofMaterial{id=1642427235858, name='test', price=1.0, durabilityYears=1}]
2022-01-17 16:47:15.889 [main] DEBUG com.kaa.simplebuild.DataProviderJDBC - []
2022-01-17 16:47:15.889 [main] ERROR com.kaa.simplebuild.DataProviderJDBC - utils.NullObjectException: entity is null
2022-01-17 16:47:15.889 [main] INFO  com.kaa.simplebuild.DataProviderJDBCTest - delnull
2022-01-17 16:47:15.890 [main] DEBUG com.kaa.simplebuild.DataProviderJDBC - []
2022-01-17 16:47:15.891 [main] ERROR com.kaa.simplebuild.DataProviderJDBC - utils.NullObjectException: entity is null
2022-01-17 16:47:15.919 [main] ERROR com.kaa.simplebuild.DataProviderJDBC - utils.NullObjectException: entity is null
2022-01-17 16:47:15.920 [main] INFO  com.kaa.simplebuild.DataProviderJDBCTest - delnull
2022-01-17 16:47:15.920 [main] ERROR com.kaa.simplebuild.DataProviderJDBC - utils.NullObjectException: entity is null
2022-01-17 16:47:15.946 [main] INFO  com.kaa.simplebuild.DataProviderJDBCTest - update  MainPartTemplate{id=1642427235922, name='test2' , priceMultiplier=2.2, idMaterial=2}
2022-01-17 16:47:15.983 [main] INFO  com.kaa.simplebuild.DataProviderJDBC - prep24: INSERT INTO ROOFMATERIAL VALUES (?,?,?,?) {1: 1642427235983, 2: 'test', 3: 1.0, 4: 1}
2022-01-17 16:47:15.984 [main] INFO  com.kaa.simplebuild.DataProviderJDBC - conn5: url=jdbc:h2:tcp://localhost/~/test user=ADMIN
2022-01-17 16:47:16.006 [main] DEBUG com.kaa.simplebuild.DataProviderJDBC - [RoofMaterial{id=1642427235983, name='test2', price=2.0, durabilityYears=2}]
2022-01-17 16:47:16.006 [main] INFO  com.kaa.simplebuild.DataProviderJDBCTest - update  RoofMaterial{id=1642427235983, name='test2', price=2.0, durabilityYears=2}
2022-01-17 16:47:16.007 [main] DEBUG com.kaa.simplebuild.DataProviderJDBC - [RoofMaterial{id=1642427235983, name='test2', price=2.0, durabilityYears=2}]
2022-01-17 16:47:16.008 [main] DEBUG com.kaa.simplebuild.DataProviderJDBC - [RoofMaterial{id=1642427235983, name='test2', price=2.0, durabilityYears=2}]
2022-01-17 16:47:16.034 [main] INFO  com.kaa.simplebuild.DataProviderJDBCTest - create  BasementMaterial{id=1642427236020, name='test', price=1.0, frostResistance=1, waterproof=1}
2022-01-17 16:47:16.063 [main] ERROR com.kaa.simplebuild.DataProviderJDBC - utils.NullObjectException: entity is null
2022-01-17 16:47:16.063 [main] INFO  com.kaa.simplebuild.DataProviderJDBCTest - delnull
2022-01-17 16:47:16.064 [main] ERROR com.kaa.simplebuild.DataProviderJDBC - utils.NullObjectException: entity is null
2022-01-17 16:47:16.090 [main] INFO  com.kaa.simplebuild.DataProviderJDBCTest - update  BasementTemplate{id=1642427236069, name='test2' , priceMultiplier=2.2, idMaterial=2, cellar=false}
2022-01-17 16:47:16.116 [main] ERROR com.kaa.simplebuild.DataProviderJDBC - utils.NullObjectException: entity is null
2022-01-17 16:47:16.117 [main] DEBUG com.kaa.simplebuild.DataProviderJDBC - prep48:  DELETE FROM BUILDINGTEMPLATE WHERE id= (?) {1: 1642427236104}
2022-01-17 16:47:16.138 [main] DEBUG com.kaa.simplebuild.DataProviderJDBC - prep52:  DELETE FROM MAINPARTMATERIAL WHERE id= (?) {1: 1642427236127}
2022-01-17 16:47:16.139 [main] DEBUG com.kaa.simplebuild.DataProviderJDBC - conn13: url=jdbc:h2:tcp://localhost/~/test user=ADMIN
2022-01-17 16:47:16.171 [main] ERROR com.kaa.simplebuild.DataProviderJDBC - utils.NullObjectException: entity is null
2022-01-17 16:47:16.174 [main] DEBUG com.kaa.simplebuild.DataProviderJDBC - prep55:  DELETE FROM BUILDINGTEMPLATE WHERE id= (?) {1: 1642427236154}
2022-01-17 16:47:16.181 [main] ERROR com.kaa.simplebuild.DataProviderJDBC - utils.NullObjectException: entity is null
2022-01-17 16:47:16.182 [main] INFO  com.kaa.simplebuild.DataProviderJDBCTest - delnull
2022-01-17 16:47:16.183 [main] ERROR com.kaa.simplebuild.DataProviderJDBC - utils.NullObjectException: entity is null
2022-01-17 16:47:16.193 [main] DEBUG com.kaa.simplebuild.DataProviderJDBC - prep60:  DELETE FROM MAINPARTMATERIAL WHERE id= (?) {1: 1642427236185}
2022-01-17 16:47:16.194 [main] DEBUG com.kaa.simplebuild.DataProviderJDBC - conn15: url=jdbc:h2:tcp://localhost/~/test user=ADMIN
2022-01-17 16:47:16.201 [main] ERROR com.kaa.simplebuild.DataProviderJDBC - utils.NullObjectException: entity is null
2022-01-17 16:47:16.202 [main] INFO  com.kaa.simplebuild.DataProviderJDBCTest - delnull
2022-01-17 16:47:16.202 [main] ERROR com.kaa.simplebuild.DataProviderJDBC - utils.NullObjectException: entity is null
2022-01-17 16:47:16.219 [main] INFO  com.kaa.simplebuild.DataProviderJDBCTest - create  RoofTemplate{id=1642427236204, name='test' , priceMultiplier=1.0, idMaterial=1, insulation=true, pipe=true}
2022-01-17 16:47:16.248 [main] INFO  com.kaa.simplebuild.DataProviderJDBCTest - update  BuildingTemplate{id=1642427236229, name='test2' , idRoofTenplate=2, idMainPartTemplate=1, idBasementTemplate=1}
2022-01-17 16:47:16.249 [main] ERROR com.kaa.simplebuild.DataProviderJDBC - utils.NullObjectException: entity is null
2022-01-17 16:47:16.249 [main] DEBUG com.kaa.simplebuild.DataProviderJDBC - prep72:  DELETE FROM BUILDINGTEMPLATE WHERE id= (?) {1: 1642427236229}
2022-01-17 16:47:16.276 [main] INFO  com.kaa.simplebuild.DataProviderJDBCTest - update  MainPartMaterial{id=1642427236257, name='test2', price=2.0, soundTransmission=2.0}
2022-01-17 16:47:16.277 [main] DEBUG com.kaa.simplebuild.DataProviderJDBC - prep78:  DELETE FROM MAINPARTMATERIAL WHERE id= (?) {1: 1642427236257}
2022-01-17 16:47:16.277 [main] DEBUG com.kaa.simplebuild.DataProviderJDBC - conn18: url=jdbc:h2:tcp://localhost/~/test user=ADMIN
2022-01-17 16:47:16.325 [main] ERROR com.kaa.simplebuild.DataProviderJDBC - utils.NullObjectException: entity is null
2022-01-17 16:47:16.325 [main] INFO  com.kaa.simplebuild.DataProviderJDBCTest - delnull
2022-01-17 16:47:16.326 [main] ERROR com.kaa.simplebuild.DataProviderJDBC - utils.NullObjectException: entity is null
2022-01-17 16:47:16.355 [main] INFO  com.kaa.simplebuild.DataProviderJDBCTest - update  BasementMaterial{id=1642427236331, name='test2', price=2.0, frostResistance=2, waterproof=2}
2022-01-17 16:47:16.393 [main] INFO  com.kaa.simplebuild.DataProviderJDBCTest - create  MainPartTemplate{id=1642427236386, name='test' , priceMultiplier=1.0, idMaterial=1}
2022-01-17 16:47:16.418 [main] ERROR com.kaa.simplebuild.DataProviderJDBC - utils.NullObjectException: entity is null
2022-01-17 16:47:16.418 [main] INFO  com.kaa.simplebuild.DataProviderJDBCTest - delnull
2022-01-17 16:47:16.419 [main] ERROR com.kaa.simplebuild.DataProviderJDBC - utils.NullObjectException: entity is null
2022-01-17 16:47:16.449 [main] INFO  com.kaa.simplebuild.DataProviderJDBCTest - update  RoofTemplate{id=1642427236422, name='test2' , priceMultiplier=1.0, idMaterial=1, insulation=true, pipe=true}
2022-01-17 16:47:16.467 [main] INFO  com.kaa.simplebuild.DataProviderJDBCTest - create  BasementTemplate{id=1642427236459, name='test' , priceMultiplier=1.0, idMaterial=1, cellar=false}
2022-01-17 16:47:16.476 [main] INFO  com.kaa.simplebuild.DataProviderJDBC - prep117: INSERT INTO ROOFMATERIAL VALUES (?,?,?,?) {1: 1642427236476, 2: 'test', 3: 1.0, 4: 1}
2022-01-17 16:47:16.476 [main] INFO  com.kaa.simplebuild.DataProviderJDBC - conn30: url=jdbc:h2:tcp://localhost/~/test user=ADMIN
2022-01-17 16:47:16.483 [main] DEBUG com.kaa.simplebuild.DataProviderJDBC - [RoofMaterial{id=1642427236476, name='test', price=1.0, durabilityYears=1}]
2022-01-17 16:47:16.483 [main] INFO  com.kaa.simplebuild.DataProviderJDBCTest - create  RoofMaterial{id=1642427236476, name='test', price=1.0, durabilityYears=1}
2022-01-17 16:47:16.483 [main] DEBUG com.kaa.simplebuild.DataProviderJDBC - [RoofMaterial{id=1642427236476, name='test', price=1.0, durabilityYears=1}]
2022-01-17 16:47:16.510 [main] INFO  com.kaa.simplebuild.DataProviderJDBC - prep125: INSERT INTO ROOFMATERIAL VALUES (?,?,?,?) {1: 1642427236510, 2: 'test', 3: 1.0, 4: 1}
2022-01-17 16:47:16.510 [main] INFO  com.kaa.simplebuild.DataProviderJDBC - conn33: url=jdbc:h2:tcp://localhost/~/test user=ADMIN
2022-01-17 16:47:16.516 [main] DEBUG com.kaa.simplebuild.DataProviderJDBC - [RoofMaterial{id=1642427236510, name='test', price=1.0, durabilityYears=1}]
2022-01-17 16:47:16.517 [main] DEBUG com.kaa.simplebuild.DataProviderJDBC - [RoofMaterial{id=1642427236510, name='test', price=1.0, durabilityYears=1}]
2022-01-17 16:47:16.532 [main] INFO  com.kaa.simplebuild.DataProviderJDBCTest - create  BuildingTemplate{id=1642427236525, name='test' , idRoofTenplate=2, idMainPartTemplate=1, idBasementTemplate=1}
2022-01-17 16:47:16.533 [main] ERROR com.kaa.simplebuild.DataProviderJDBC - utils.NullObjectException: entity is null
2022-01-17 16:47:16.533 [main] DEBUG com.kaa.simplebuild.DataProviderJDBC - prep132:  DELETE FROM BUILDINGTEMPLATE WHERE id= (?) {1: 1642427236525}
2022-01-17 16:47:38.019 [main] INFO  com.kaa.simplebuild.DataProviderJDBCTest - create  MainPartMaterial{id=1642427257713, name='test', price=1.0, soundTransmission=1.0}
2022-01-17 16:47:38.024 [main] DEBUG com.kaa.simplebuild.DataProviderJDBC - prep3:  DELETE FROM MAINPARTMATERIAL WHERE id= (?) {1: 1642427257713}
2022-01-17 16:47:38.025 [main] DEBUG com.kaa.simplebuild.DataProviderJDBC - conn0: url=jdbc:h2:tcp://localhost/~/test user=ADMIN
2022-01-17 16:47:38.040 [main] INFO  com.kaa.simplebuild.DataProviderJDBC - prep4: INSERT INTO ROOFMATERIAL VALUES (?,?,?,?) {1: 1642427258039, 2: 'test', 3: 1.0, 4: 1}
2022-01-17 16:47:38.040 [main] INFO  com.kaa.simplebuild.DataProviderJDBC - conn1: url=jdbc:h2:tcp://localhost/~/test user=ADMIN
2022-01-17 16:47:38.052 [main] DEBUG com.kaa.simplebuild.DataProviderJDBC - [RoofMaterial{id=1642427258039, name='test', price=1.0, durabilityYears=1}]
2022-01-17 16:47:38.070 [main] DEBUG com.kaa.simplebuild.DataProviderJDBC - []
2022-01-17 16:47:38.071 [main] ERROR com.kaa.simplebuild.DataProviderJDBC - utils.NullObjectException: entity is null
2022-01-17 16:47:38.071 [main] INFO  com.kaa.simplebuild.DataProviderJDBCTest - delnull
2022-01-17 16:47:38.072 [main] DEBUG com.kaa.simplebuild.DataProviderJDBC - []
2022-01-17 16:47:38.072 [main] ERROR com.kaa.simplebuild.DataProviderJDBC - utils.NullObjectException: entity is null
2022-01-17 16:47:38.103 [main] ERROR com.kaa.simplebuild.DataProviderJDBC - utils.NullObjectException: entity is null
2022-01-17 16:47:38.103 [main] INFO  com.kaa.simplebuild.DataProviderJDBCTest - delnull
2022-01-17 16:47:38.104 [main] ERROR com.kaa.simplebuild.DataProviderJDBC - utils.NullObjectException: entity is null
2022-01-17 16:47:38.132 [main] INFO  com.kaa.simplebuild.DataProviderJDBCTest - update  MainPartTemplate{id=1642427258107, name='test2' , priceMultiplier=2.2, idMaterial=2}
2022-01-17 16:47:38.213 [main] INFO  com.kaa.simplebuild.DataProviderJDBC - prep24: INSERT INTO ROOFMATERIAL VALUES (?,?,?,?) {1: 1642427258212, 2: 'test', 3: 1.0, 4: 1}
2022-01-17 16:47:38.213 [main] INFO  com.kaa.simplebuild.DataProviderJDBC - conn5: url=jdbc:h2:tcp://localhost/~/test user=ADMIN
2022-01-17 16:47:38.237 [main] DEBUG com.kaa.simplebuild.DataProviderJDBC - [RoofMaterial{id=1642427258212, name='test2', price=2.0, durabilityYears=2}]
2022-01-17 16:47:38.237 [main] INFO  com.kaa.simplebuild.DataProviderJDBCTest - update  RoofMaterial{id=1642427258212, name='test2', price=2.0, durabilityYears=2}
2022-01-17 16:47:38.238 [main] DEBUG com.kaa.simplebuild.DataProviderJDBC - [RoofMaterial{id=1642427258212, name='test2', price=2.0, durabilityYears=2}]
2022-01-17 16:47:38.239 [main] DEBUG com.kaa.simplebuild.DataProviderJDBC - [RoofMaterial{id=1642427258212, name='test2', price=2.0, durabilityYears=2}]
2022-01-17 16:47:38.266 [main] INFO  com.kaa.simplebuild.DataProviderJDBCTest - create  BasementMaterial{id=1642427258252, name='test', price=1.0, frostResistance=1, waterproof=1}
2022-01-17 16:47:38.309 [main] ERROR com.kaa.simplebuild.DataProviderJDBC - utils.NullObjectException: entity is null
2022-01-17 16:47:38.310 [main] INFO  com.kaa.simplebuild.DataProviderJDBCTest - delnull
2022-01-17 16:47:38.310 [main] ERROR com.kaa.simplebuild.DataProviderJDBC - utils.NullObjectException: entity is null
2022-01-17 16:47:38.338 [main] INFO  com.kaa.simplebuild.DataProviderJDBCTest - update  BasementTemplate{id=1642427258315, name='test2' , priceMultiplier=2.2, idMaterial=2, cellar=false}
2022-01-17 16:47:38.364 [main] ERROR com.kaa.simplebuild.DataProviderJDBC - utils.NullObjectException: entity is null
2022-01-17 16:47:38.364 [main] DEBUG com.kaa.simplebuild.DataProviderJDBC - prep48:  DELETE FROM BUILDINGTEMPLATE WHERE id= (?) {1: 1642427258353}
2022-01-17 16:47:38.384 [main] DEBUG com.kaa.simplebuild.DataProviderJDBC - prep52:  DELETE FROM MAINPARTMATERIAL WHERE id= (?) {1: 1642427258374}
2022-01-17 16:47:38.384 [main] DEBUG com.kaa.simplebuild.DataProviderJDBC - conn13: url=jdbc:h2:tcp://localhost/~/test user=ADMIN
2022-01-17 16:47:38.403 [main] ERROR com.kaa.simplebuild.DataProviderJDBC - utils.NullObjectException: entity is null
2022-01-17 16:47:38.404 [main] DEBUG com.kaa.simplebuild.DataProviderJDBC - prep55:  DELETE FROM BUILDINGTEMPLATE WHERE id= (?) {1: 1642427258394}
2022-01-17 16:47:38.411 [main] ERROR com.kaa.simplebuild.DataProviderJDBC - utils.NullObjectException: entity is null
2022-01-17 16:47:38.412 [main] INFO  com.kaa.simplebuild.DataProviderJDBCTest - delnull
2022-01-17 16:47:38.412 [main] ERROR com.kaa.simplebuild.DataProviderJDBC - utils.NullObjectException: entity is null
2022-01-17 16:47:38.424 [main] DEBUG com.kaa.simplebuild.DataProviderJDBC - prep60:  DELETE FROM MAINPARTMATERIAL WHERE id= (?) {1: 1642427258414}
2022-01-17 16:47:38.424 [main] DEBUG com.kaa.simplebuild.DataProviderJDBC - conn15: url=jdbc:h2:tcp://localhost/~/test user=ADMIN
2022-01-17 16:47:38.432 [main] ERROR com.kaa.simplebuild.DataProviderJDBC - utils.NullObjectException: entity is null
2022-01-17 16:47:38.432 [main] INFO  com.kaa.simplebuild.DataProviderJDBCTest - delnull
2022-01-17 16:47:38.433 [main] ERROR com.kaa.simplebuild.DataProviderJDBC - utils.NullObjectException: entity is null
2022-01-17 16:47:38.449 [main] INFO  com.kaa.simplebuild.DataProviderJDBCTest - create  RoofTemplate{id=1642427258436, name='test' , priceMultiplier=1.0, idMaterial=1, insulation=true, pipe=true}
2022-01-17 16:47:38.478 [main] INFO  com.kaa.simplebuild.DataProviderJDBCTest - update  BuildingTemplate{id=1642427258458, name='test2' , idRoofTenplate=2, idMainPartTemplate=1, idBasementTemplate=1}
2022-01-17 16:47:38.479 [main] ERROR com.kaa.simplebuild.DataProviderJDBC - utils.NullObjectException: entity is null
2022-01-17 16:47:38.480 [main] DEBUG com.kaa.simplebuild.DataProviderJDBC - prep72:  DELETE FROM BUILDINGTEMPLATE WHERE id= (?) {1: 1642427258458}
2022-01-17 16:47:38.501 [main] INFO  com.kaa.simplebuild.DataProviderJDBCTest - update  MainPartMaterial{id=1642427258488, name='test2', price=2.0, soundTransmission=2.0}
2022-01-17 16:47:38.502 [main] DEBUG com.kaa.simplebuild.DataProviderJDBC - prep78:  DELETE FROM MAINPARTMATERIAL WHERE id= (?) {1: 1642427258488}
2022-01-17 16:47:38.502 [main] DEBUG com.kaa.simplebuild.DataProviderJDBC - conn18: url=jdbc:h2:tcp://localhost/~/test user=ADMIN
2022-01-17 16:47:38.538 [main] ERROR com.kaa.simplebuild.DataProviderJDBC - utils.NullObjectException: entity is null
2022-01-17 16:47:38.538 [main] INFO  com.kaa.simplebuild.DataProviderJDBCTest - delnull
2022-01-17 16:47:38.539 [main] ERROR com.kaa.simplebuild.DataProviderJDBC - utils.NullObjectException: entity is null
2022-01-17 16:47:38.557 [main] INFO  com.kaa.simplebuild.DataProviderJDBCTest - update  BasementMaterial{id=1642427258543, name='test2', price=2.0, frostResistance=2, waterproof=2}
2022-01-17 16:47:38.585 [main] INFO  com.kaa.simplebuild.DataProviderJDBCTest - create  MainPartTemplate{id=1642427258579, name='test' , priceMultiplier=1.0, idMaterial=1}
2022-01-17 16:47:38.606 [main] ERROR com.kaa.simplebuild.DataProviderJDBC - utils.NullObjectException: entity is null
2022-01-17 16:47:38.606 [main] INFO  com.kaa.simplebuild.DataProviderJDBCTest - delnull
2022-01-17 16:47:38.607 [main] ERROR com.kaa.simplebuild.DataProviderJDBC - utils.NullObjectException: entity is null
2022-01-17 16:47:38.624 [main] INFO  com.kaa.simplebuild.DataProviderJDBCTest - update  RoofTemplate{id=1642427258610, name='test2' , priceMultiplier=1.0, idMaterial=1, insulation=true, pipe=true}
2022-01-17 16:47:38.639 [main] INFO  com.kaa.simplebuild.DataProviderJDBCTest - create  BasementTemplate{id=1642427258632, name='test' , priceMultiplier=1.0, idMaterial=1, cellar=false}
2022-01-17 16:47:38.647 [main] INFO  com.kaa.simplebuild.DataProviderJDBC - prep117: INSERT INTO ROOFMATERIAL VALUES (?,?,?,?) {1: 1642427258647, 2: 'test', 3: 1.0, 4: 1}
2022-01-17 16:47:38.648 [main] INFO  com.kaa.simplebuild.DataProviderJDBC - conn30: url=jdbc:h2:tcp://localhost/~/test user=ADMIN
2022-01-17 16:47:38.656 [main] DEBUG com.kaa.simplebuild.DataProviderJDBC - [RoofMaterial{id=1642427258647, name='test', price=1.0, durabilityYears=1}]
2022-01-17 16:47:38.657 [main] INFO  com.kaa.simplebuild.DataProviderJDBCTest - create  RoofMaterial{id=1642427258647, name='test', price=1.0, durabilityYears=1}
2022-01-17 16:47:38.657 [main] DEBUG com.kaa.simplebuild.DataProviderJDBC - [RoofMaterial{id=1642427258647, name='test', price=1.0, durabilityYears=1}]
2022-01-17 16:47:38.684 [main] INFO  com.kaa.simplebuild.DataProviderJDBC - prep125: INSERT INTO ROOFMATERIAL VALUES (?,?,?,?) {1: 1642427258684, 2: 'test', 3: 1.0, 4: 1}
2022-01-17 16:47:38.685 [main] INFO  com.kaa.simplebuild.DataProviderJDBC - conn33: url=jdbc:h2:tcp://localhost/~/test user=ADMIN
2022-01-17 16:47:38.691 [main] DEBUG com.kaa.simplebuild.DataProviderJDBC - [RoofMaterial{id=1642427258684, name='test', price=1.0, durabilityYears=1}]
2022-01-17 16:47:38.692 [main] DEBUG com.kaa.simplebuild.DataProviderJDBC - [RoofMaterial{id=1642427258684, name='test', price=1.0, durabilityYears=1}]
2022-01-17 16:47:38.708 [main] INFO  com.kaa.simplebuild.DataProviderJDBCTest - create  BuildingTemplate{id=1642427258701, name='test' , idRoofTenplate=2, idMainPartTemplate=1, idBasementTemplate=1}
2022-01-17 16:47:38.709 [main] ERROR com.kaa.simplebuild.DataProviderJDBC - utils.NullObjectException: entity is null
2022-01-17 16:47:38.709 [main] DEBUG com.kaa.simplebuild.DataProviderJDBC - prep132:  DELETE FROM BUILDINGTEMPLATE WHERE id= (?) {1: 1642427258701}
2022-01-17 16:48:30.593 [main] INFO  com.kaa.simplebuild.DataProviderJDBCTest - create  MainPartMaterial{id=1642427310279, name='test', price=1.0, soundTransmission=1.0}
2022-01-17 16:48:30.598 [main] DEBUG com.kaa.simplebuild.DataProviderJDBC - prep3:  DELETE FROM MAINPARTMATERIAL WHERE id= (?) {1: 1642427310279}
2022-01-17 16:48:30.598 [main] DEBUG com.kaa.simplebuild.DataProviderJDBC - conn0: url=jdbc:h2:tcp://localhost/~/test user=ADMIN
2022-01-17 16:48:30.614 [main] INFO  com.kaa.simplebuild.DataProviderJDBC - prep4: INSERT INTO ROOFMATERIAL VALUES (?,?,?,?) {1: 1642427310613, 2: 'test', 3: 1.0, 4: 1}
2022-01-17 16:48:30.614 [main] INFO  com.kaa.simplebuild.DataProviderJDBC - conn1: url=jdbc:h2:tcp://localhost/~/test user=ADMIN
2022-01-17 16:48:30.627 [main] DEBUG com.kaa.simplebuild.DataProviderJDBC - [RoofMaterial{id=1642427310613, name='test', price=1.0, durabilityYears=1}]
2022-01-17 16:48:30.643 [main] DEBUG com.kaa.simplebuild.DataProviderJDBC - []
2022-01-17 16:48:30.644 [main] ERROR com.kaa.simplebuild.DataProviderJDBC - utils.NullObjectException: entity is null
2022-01-17 16:48:30.644 [main] INFO  com.kaa.simplebuild.DataProviderJDBCTest - delnull
2022-01-17 16:48:30.645 [main] DEBUG com.kaa.simplebuild.DataProviderJDBC - []
2022-01-17 16:48:30.645 [main] ERROR com.kaa.simplebuild.DataProviderJDBC - utils.NullObjectException: entity is null
2022-01-17 16:48:30.672 [main] ERROR com.kaa.simplebuild.DataProviderJDBC - utils.NullObjectException: entity is null
2022-01-17 16:48:30.672 [main] INFO  com.kaa.simplebuild.DataProviderJDBCTest - delnull
2022-01-17 16:48:30.673 [main] ERROR com.kaa.simplebuild.DataProviderJDBC - utils.NullObjectException: entity is null
2022-01-17 16:48:30.699 [main] INFO  com.kaa.simplebuild.DataProviderJDBCTest - update  MainPartTemplate{id=1642427310675, name='test2' , priceMultiplier=2.2, idMaterial=2}
2022-01-17 16:48:30.736 [main] INFO  com.kaa.simplebuild.DataProviderJDBC - prep24: INSERT INTO ROOFMATERIAL VALUES (?,?,?,?) {1: 1642427310735, 2: 'test', 3: 1.0, 4: 1}
2022-01-17 16:48:30.736 [main] INFO  com.kaa.simplebuild.DataProviderJDBC - conn5: url=jdbc:h2:tcp://localhost/~/test user=ADMIN
2022-01-17 16:48:30.756 [main] DEBUG com.kaa.simplebuild.DataProviderJDBC - [RoofMaterial{id=1642427310735, name='test2', price=2.0, durabilityYears=2}]
2022-01-17 16:48:30.756 [main] INFO  com.kaa.simplebuild.DataProviderJDBCTest - update  RoofMaterial{id=1642427310735, name='test2', price=2.0, durabilityYears=2}
2022-01-17 16:48:30.757 [main] DEBUG com.kaa.simplebuild.DataProviderJDBC - [RoofMaterial{id=1642427310735, name='test2', price=2.0, durabilityYears=2}]
2022-01-17 16:48:30.758 [main] DEBUG com.kaa.simplebuild.DataProviderJDBC - [RoofMaterial{id=1642427310735, name='test2', price=2.0, durabilityYears=2}]
2022-01-17 16:48:30.784 [main] INFO  com.kaa.simplebuild.DataProviderJDBCTest - create  BasementMaterial{id=1642427310771, name='test', price=1.0, frostResistance=1, waterproof=1}
2022-01-17 16:48:30.826 [main] ERROR com.kaa.simplebuild.DataProviderJDBC - utils.NullObjectException: entity is null
2022-01-17 16:48:30.826 [main] INFO  com.kaa.simplebuild.DataProviderJDBCTest - delnull
2022-01-17 16:48:30.827 [main] ERROR com.kaa.simplebuild.DataProviderJDBC - utils.NullObjectException: entity is null
2022-01-17 16:48:30.860 [main] INFO  com.kaa.simplebuild.DataProviderJDBCTest - update  BasementTemplate{id=1642427310832, name='test2' , priceMultiplier=2.2, idMaterial=2, cellar=false}
2022-01-17 16:48:30.895 [main] ERROR com.kaa.simplebuild.DataProviderJDBC - utils.NullObjectException: entity is null
2022-01-17 16:48:30.901 [main] DEBUG com.kaa.simplebuild.DataProviderJDBC - prep48:  DELETE FROM BUILDINGTEMPLATE WHERE id= (?) {1: 1642427310884}
2022-01-17 16:48:30.934 [main] DEBUG com.kaa.simplebuild.DataProviderJDBC - prep52:  DELETE FROM MAINPARTMATERIAL WHERE id= (?) {1: 1642427310922}
2022-01-17 16:48:30.934 [main] DEBUG com.kaa.simplebuild.DataProviderJDBC - conn13: url=jdbc:h2:tcp://localhost/~/test user=ADMIN
2022-01-17 16:48:30.957 [main] ERROR com.kaa.simplebuild.DataProviderJDBC - utils.NullObjectException: entity is null
2022-01-17 16:48:30.958 [main] DEBUG com.kaa.simplebuild.DataProviderJDBC - prep55:  DELETE FROM BUILDINGTEMPLATE WHERE id= (?) {1: 1642427310947}
2022-01-17 16:48:30.967 [main] ERROR com.kaa.simplebuild.DataProviderJDBC - utils.NullObjectException: entity is null
2022-01-17 16:48:30.967 [main] INFO  com.kaa.simplebuild.DataProviderJDBCTest - delnull
2022-01-17 16:48:30.968 [main] ERROR com.kaa.simplebuild.DataProviderJDBC - utils.NullObjectException: entity is null
2022-01-17 16:48:30.978 [main] DEBUG com.kaa.simplebuild.DataProviderJDBC - prep60:  DELETE FROM MAINPARTMATERIAL WHERE id= (?) {1: 1642427310970}
2022-01-17 16:48:30.978 [main] DEBUG com.kaa.simplebuild.DataProviderJDBC - conn15: url=jdbc:h2:tcp://localhost/~/test user=ADMIN
2022-01-17 16:48:30.986 [main] ERROR com.kaa.simplebuild.DataProviderJDBC - utils.NullObjectException: entity is null
2022-01-17 16:48:30.986 [main] INFO  com.kaa.simplebuild.DataProviderJDBCTest - delnull
2022-01-17 16:48:30.986 [main] ERROR com.kaa.simplebuild.DataProviderJDBC - utils.NullObjectException: entity is null
2022-01-17 16:48:31.000 [main] INFO  com.kaa.simplebuild.DataProviderJDBCTest - create  RoofTemplate{id=1642427310988, name='test' , priceMultiplier=1.0, idMaterial=1, insulation=true, pipe=true}
2022-01-17 16:48:31.045 [main] INFO  com.kaa.simplebuild.DataProviderJDBCTest - update  BuildingTemplate{id=1642427311024, name='test2' , idRoofTenplate=2, idMainPartTemplate=1, idBasementTemplate=1}
2022-01-17 16:48:31.047 [main] ERROR com.kaa.simplebuild.DataProviderJDBC - utils.NullObjectException: entity is null
2022-01-17 16:48:31.048 [main] DEBUG com.kaa.simplebuild.DataProviderJDBC - prep72:  DELETE FROM BUILDINGTEMPLATE WHERE id= (?) {1: 1642427311024}
2022-01-17 16:48:31.073 [main] INFO  com.kaa.simplebuild.DataProviderJDBCTest - update  MainPartMaterial{id=1642427311057, name='test2', price=2.0, soundTransmission=2.0}
2022-01-17 16:48:31.074 [main] DEBUG com.kaa.simplebuild.DataProviderJDBC - prep78:  DELETE FROM MAINPARTMATERIAL WHERE id= (?) {1: 1642427311057}
2022-01-17 16:48:31.075 [main] DEBUG com.kaa.simplebuild.DataProviderJDBC - conn18: url=jdbc:h2:tcp://localhost/~/test user=ADMIN
2022-01-17 16:48:31.126 [main] ERROR com.kaa.simplebuild.DataProviderJDBC - utils.NullObjectException: entity is null
2022-01-17 16:48:31.127 [main] INFO  com.kaa.simplebuild.DataProviderJDBCTest - delnull
2022-01-17 16:48:31.128 [main] ERROR com.kaa.simplebuild.DataProviderJDBC - utils.NullObjectException: entity is null
2022-01-17 16:48:31.151 [main] INFO  com.kaa.simplebuild.DataProviderJDBCTest - update  BasementMaterial{id=1642427311132, name='test2', price=2.0, frostResistance=2, waterproof=2}
2022-01-17 16:48:31.192 [main] INFO  com.kaa.simplebuild.DataProviderJDBCTest - create  MainPartTemplate{id=1642427311182, name='test' , priceMultiplier=1.0, idMaterial=1}
2022-01-17 16:48:31.220 [main] ERROR com.kaa.simplebuild.DataProviderJDBC - utils.NullObjectException: entity is null
2022-01-17 16:48:31.220 [main] INFO  com.kaa.simplebuild.DataProviderJDBCTest - delnull
2022-01-17 16:48:31.221 [main] ERROR com.kaa.simplebuild.DataProviderJDBC - utils.NullObjectException: entity is null
2022-01-17 16:48:31.245 [main] INFO  com.kaa.simplebuild.DataProviderJDBCTest - update  RoofTemplate{id=1642427311224, name='test2' , priceMultiplier=1.0, idMaterial=1, insulation=true, pipe=true}
2022-01-17 16:48:31.260 [main] INFO  com.kaa.simplebuild.DataProviderJDBCTest - create  BasementTemplate{id=1642427311253, name='test' , priceMultiplier=1.0, idMaterial=1, cellar=false}
2022-01-17 16:48:31.270 [main] INFO  com.kaa.simplebuild.DataProviderJDBC - prep117: INSERT INTO ROOFMATERIAL VALUES (?,?,?,?) {1: 1642427311270, 2: 'test', 3: 1.0, 4: 1}
2022-01-17 16:48:31.270 [main] INFO  com.kaa.simplebuild.DataProviderJDBC - conn30: url=jdbc:h2:tcp://localhost/~/test user=ADMIN
2022-01-17 16:48:31.279 [main] DEBUG com.kaa.simplebuild.DataProviderJDBC - [RoofMaterial{id=1642427311270, name='test', price=1.0, durabilityYears=1}]
2022-01-17 16:48:31.279 [main] INFO  com.kaa.simplebuild.DataProviderJDBCTest - create  RoofMaterial{id=1642427311270, name='test', price=1.0, durabilityYears=1}
2022-01-17 16:48:31.279 [main] DEBUG com.kaa.simplebuild.DataProviderJDBC - [RoofMaterial{id=1642427311270, name='test', price=1.0, durabilityYears=1}]
2022-01-17 16:48:31.324 [main] INFO  com.kaa.simplebuild.DataProviderJDBC - prep125: INSERT INTO ROOFMATERIAL VALUES (?,?,?,?) {1: 1642427311323, 2: 'test', 3: 1.0, 4: 1}
2022-01-17 16:48:31.326 [main] INFO  com.kaa.simplebuild.DataProviderJDBC - conn33: url=jdbc:h2:tcp://localhost/~/test user=ADMIN
2022-01-17 16:48:31.334 [main] DEBUG com.kaa.simplebuild.DataProviderJDBC - [RoofMaterial{id=1642427311323, name='test', price=1.0, durabilityYears=1}]
2022-01-17 16:48:31.335 [main] DEBUG com.kaa.simplebuild.DataProviderJDBC - [RoofMaterial{id=1642427311323, name='test', price=1.0, durabilityYears=1}]
2022-01-17 16:48:31.351 [main] INFO  com.kaa.simplebuild.DataProviderJDBCTest - create  BuildingTemplate{id=1642427311344, name='test' , idRoofTenplate=2, idMainPartTemplate=1, idBasementTemplate=1}
2022-01-17 16:48:31.352 [main] ERROR com.kaa.simplebuild.DataProviderJDBC - utils.NullObjectException: entity is null
2022-01-17 16:48:31.353 [main] DEBUG com.kaa.simplebuild.DataProviderJDBC - prep132:  DELETE FROM BUILDINGTEMPLATE WHERE id= (?) {1: 1642427311344}
2022-01-17 16:58:13.690 [main] INFO  com.kaa.simplebuild.DataProviderJDBCTest - create  MainPartMaterial{id=1642427893383, name='test', price=1.0, soundTransmission=1.0}
2022-01-17 16:58:13.696 [main] DEBUG com.kaa.simplebuild.DataProviderJDBC - prep3:  DELETE FROM MAINPARTMATERIAL WHERE id= (?) {1: 1642427893383}
2022-01-17 16:58:13.696 [main] DEBUG com.kaa.simplebuild.DataProviderJDBC - conn0: url=jdbc:h2:tcp://localhost/~/test user=ADMIN
2022-01-17 16:58:13.713 [main] INFO  com.kaa.simplebuild.DataProviderJDBC - prep4: INSERT INTO ROOFMATERIAL VALUES (?,?,?,?) {1: 1642427893712, 2: 'test', 3: 1.0, 4: 1}
2022-01-17 16:58:13.714 [main] INFO  com.kaa.simplebuild.DataProviderJDBC - conn1: url=jdbc:h2:tcp://localhost/~/test user=ADMIN
2022-01-17 16:58:13.728 [main] DEBUG com.kaa.simplebuild.DataProviderJDBC - [RoofMaterial{id=1642427893712, name='test', price=1.0, durabilityYears=1}]
2022-01-17 16:58:13.744 [main] DEBUG com.kaa.simplebuild.DataProviderJDBC - []
2022-01-17 16:58:13.744 [main] ERROR com.kaa.simplebuild.DataProviderJDBC - utils.NullObjectException: entity is null
2022-01-17 16:58:13.744 [main] INFO  com.kaa.simplebuild.DataProviderJDBCTest - delnull
2022-01-17 16:58:13.745 [main] DEBUG com.kaa.simplebuild.DataProviderJDBC - []
2022-01-17 16:58:13.745 [main] ERROR com.kaa.simplebuild.DataProviderJDBC - utils.NullObjectException: entity is null
2022-01-17 16:58:13.780 [main] ERROR com.kaa.simplebuild.DataProviderJDBC - utils.NullObjectException: entity is null
2022-01-17 16:58:13.780 [main] INFO  com.kaa.simplebuild.DataProviderJDBCTest - delnull
2022-01-17 16:58:13.781 [main] ERROR com.kaa.simplebuild.DataProviderJDBC - utils.NullObjectException: entity is null
2022-01-17 16:58:13.817 [main] INFO  com.kaa.simplebuild.DataProviderJDBCTest - update  MainPartTemplate{id=1642427893783, name='test2' , priceMultiplier=2.2, idMaterial=2}
2022-01-17 16:58:13.859 [main] INFO  com.kaa.simplebuild.DataProviderJDBC - prep24: INSERT INTO ROOFMATERIAL VALUES (?,?,?,?) {1: 1642427893859, 2: 'test', 3: 1.0, 4: 1}
2022-01-17 16:58:13.859 [main] INFO  com.kaa.simplebuild.DataProviderJDBC - conn5: url=jdbc:h2:tcp://localhost/~/test user=ADMIN
2022-01-17 16:58:13.884 [main] DEBUG com.kaa.simplebuild.DataProviderJDBC - [RoofMaterial{id=1642427893859, name='test2', price=2.0, durabilityYears=2}]
2022-01-17 16:58:13.884 [main] INFO  com.kaa.simplebuild.DataProviderJDBCTest - update  RoofMaterial{id=1642427893859, name='test2', price=2.0, durabilityYears=2}
2022-01-17 16:58:13.885 [main] DEBUG com.kaa.simplebuild.DataProviderJDBC - [RoofMaterial{id=1642427893859, name='test2', price=2.0, durabilityYears=2}]
2022-01-17 16:58:13.886 [main] DEBUG com.kaa.simplebuild.DataProviderJDBC - [RoofMaterial{id=1642427893859, name='test2', price=2.0, durabilityYears=2}]
2022-01-17 16:58:13.917 [main] INFO  com.kaa.simplebuild.DataProviderJDBCTest - create  BasementMaterial{id=1642427893901, name='test', price=1.0, frostResistance=1, waterproof=1}
2022-01-17 16:58:13.950 [main] ERROR com.kaa.simplebuild.DataProviderJDBC - utils.NullObjectException: entity is null
2022-01-17 16:58:13.951 [main] INFO  com.kaa.simplebuild.DataProviderJDBCTest - delnull
2022-01-17 16:58:13.952 [main] ERROR com.kaa.simplebuild.DataProviderJDBC - utils.NullObjectException: entity is null
2022-01-17 16:58:13.985 [main] INFO  com.kaa.simplebuild.DataProviderJDBCTest - update  BasementTemplate{id=1642427893956, name='test2' , priceMultiplier=2.2, idMaterial=2, cellar=false}
2022-01-17 16:58:14.022 [main] ERROR com.kaa.simplebuild.DataProviderJDBC - utils.NullObjectException: entity is null
2022-01-17 16:58:14.023 [main] DEBUG com.kaa.simplebuild.DataProviderJDBC - prep48:  DELETE FROM BUILDINGTEMPLATE WHERE id= (?) {1: 1642427894011}
2022-01-17 16:58:14.044 [main] DEBUG com.kaa.simplebuild.DataProviderJDBC - prep52:  DELETE FROM MAINPARTMATERIAL WHERE id= (?) {1: 1642427894035}
2022-01-17 16:58:14.045 [main] DEBUG com.kaa.simplebuild.DataProviderJDBC - conn13: url=jdbc:h2:tcp://localhost/~/test user=ADMIN
2022-01-17 16:58:14.063 [main] ERROR com.kaa.simplebuild.DataProviderJDBC - utils.NullObjectException: entity is null
2022-01-17 16:58:14.064 [main] DEBUG com.kaa.simplebuild.DataProviderJDBC - prep55:  DELETE FROM BUILDINGTEMPLATE WHERE id= (?) {1: 1642427894055}
2022-01-17 16:58:14.071 [main] ERROR com.kaa.simplebuild.DataProviderJDBC - utils.NullObjectException: entity is null
2022-01-17 16:58:14.072 [main] INFO  com.kaa.simplebuild.DataProviderJDBCTest - delnull
2022-01-17 16:58:14.073 [main] ERROR com.kaa.simplebuild.DataProviderJDBC - utils.NullObjectException: entity is null
2022-01-17 16:58:14.085 [main] DEBUG com.kaa.simplebuild.DataProviderJDBC - prep60:  DELETE FROM MAINPARTMATERIAL WHERE id= (?) {1: 1642427894075}
2022-01-17 16:58:14.085 [main] DEBUG com.kaa.simplebuild.DataProviderJDBC - conn15: url=jdbc:h2:tcp://localhost/~/test user=ADMIN
2022-01-17 16:58:14.094 [main] ERROR com.kaa.simplebuild.DataProviderJDBC - utils.NullObjectException: entity is null
2022-01-17 16:58:14.094 [main] INFO  com.kaa.simplebuild.DataProviderJDBCTest - delnull
2022-01-17 16:58:14.095 [main] ERROR com.kaa.simplebuild.DataProviderJDBC - utils.NullObjectException: entity is null
2022-01-17 16:58:14.111 [main] INFO  com.kaa.simplebuild.DataProviderJDBCTest - create  RoofTemplate{id=1642427894096, name='test' , priceMultiplier=1.0, idMaterial=1, insulation=true, pipe=true}
2022-01-17 16:58:14.147 [main] INFO  com.kaa.simplebuild.DataProviderJDBCTest - update  BuildingTemplate{id=1642427894126, name='test2' , idRoofTenplate=2, idMainPartTemplate=1, idBasementTemplate=1}
2022-01-17 16:58:14.147 [main] ERROR com.kaa.simplebuild.DataProviderJDBC - utils.NullObjectException: entity is null
2022-01-17 16:58:14.148 [main] DEBUG com.kaa.simplebuild.DataProviderJDBC - prep72:  DELETE FROM BUILDINGTEMPLATE WHERE id= (?) {1: 1642427894126}
2022-01-17 16:58:14.176 [main] INFO  com.kaa.simplebuild.DataProviderJDBCTest - update  MainPartMaterial{id=1642427894157, name='test2', price=2.0, soundTransmission=2.0}
2022-01-17 16:58:14.177 [main] DEBUG com.kaa.simplebuild.DataProviderJDBC - prep78:  DELETE FROM MAINPARTMATERIAL WHERE id= (?) {1: 1642427894157}
2022-01-17 16:58:14.177 [main] DEBUG com.kaa.simplebuild.DataProviderJDBC - conn18: url=jdbc:h2:tcp://localhost/~/test user=ADMIN
2022-01-17 16:58:14.230 [main] ERROR com.kaa.simplebuild.DataProviderJDBC - utils.NullObjectException: entity is null
2022-01-17 16:58:14.231 [main] INFO  com.kaa.simplebuild.DataProviderJDBCTest - delnull
2022-01-17 16:58:14.232 [main] ERROR com.kaa.simplebuild.DataProviderJDBC - utils.NullObjectException: entity is null
2022-01-17 16:58:14.256 [main] INFO  com.kaa.simplebuild.DataProviderJDBCTest - update  BasementMaterial{id=1642427894237, name='test2', price=2.0, frostResistance=2, waterproof=2}
2022-01-17 16:58:14.293 [main] INFO  com.kaa.simplebuild.DataProviderJDBCTest - create  MainPartTemplate{id=1642427894283, name='test' , priceMultiplier=1.0, idMaterial=1}
2022-01-17 16:58:14.317 [main] ERROR com.kaa.simplebuild.DataProviderJDBC - utils.NullObjectException: entity is null
2022-01-17 16:58:14.318 [main] INFO  com.kaa.simplebuild.DataProviderJDBCTest - delnull
2022-01-17 16:58:14.318 [main] ERROR com.kaa.simplebuild.DataProviderJDBC - utils.NullObjectException: entity is null
2022-01-17 16:58:14.345 [main] INFO  com.kaa.simplebuild.DataProviderJDBCTest - update  RoofTemplate{id=1642427894321, name='test2' , priceMultiplier=1.0, idMaterial=1, insulation=true, pipe=true}
2022-01-17 16:58:14.364 [main] INFO  com.kaa.simplebuild.DataProviderJDBCTest - create  BasementTemplate{id=1642427894356, name='test' , priceMultiplier=1.0, idMaterial=1, cellar=false}
2022-01-17 16:58:14.375 [main] INFO  com.kaa.simplebuild.DataProviderJDBC - prep117: INSERT INTO ROOFMATERIAL VALUES (?,?,?,?) {1: 1642427894375, 2: 'test', 3: 1.0, 4: 1}
2022-01-17 16:58:14.375 [main] INFO  com.kaa.simplebuild.DataProviderJDBC - conn30: url=jdbc:h2:tcp://localhost/~/test user=ADMIN
2022-01-17 16:58:14.392 [main] DEBUG com.kaa.simplebuild.DataProviderJDBC - [RoofMaterial{id=1642427894375, name='test', price=1.0, durabilityYears=1}]
2022-01-17 16:58:14.392 [main] INFO  com.kaa.simplebuild.DataProviderJDBCTest - create  RoofMaterial{id=1642427894375, name='test', price=1.0, durabilityYears=1}
2022-01-17 16:58:14.393 [main] DEBUG com.kaa.simplebuild.DataProviderJDBC - [RoofMaterial{id=1642427894375, name='test', price=1.0, durabilityYears=1}]
2022-01-17 16:58:14.442 [main] INFO  com.kaa.simplebuild.DataProviderJDBC - prep125: INSERT INTO ROOFMATERIAL VALUES (?,?,?,?) {1: 1642427894442, 2: 'test', 3: 1.0, 4: 1}
2022-01-17 16:58:14.443 [main] INFO  com.kaa.simplebuild.DataProviderJDBC - conn33: url=jdbc:h2:tcp://localhost/~/test user=ADMIN
2022-01-17 16:58:14.451 [main] DEBUG com.kaa.simplebuild.DataProviderJDBC - [RoofMaterial{id=1642427894442, name='test', price=1.0, durabilityYears=1}]
2022-01-17 16:58:14.453 [main] DEBUG com.kaa.simplebuild.DataProviderJDBC - [RoofMaterial{id=1642427894442, name='test', price=1.0, durabilityYears=1}]
2022-01-17 16:58:14.482 [main] INFO  com.kaa.simplebuild.DataProviderJDBCTest - create  BuildingTemplate{id=1642427894468, name='test' , idRoofTenplate=2, idMainPartTemplate=1, idBasementTemplate=1}
2022-01-17 16:58:14.483 [main] ERROR com.kaa.simplebuild.DataProviderJDBC - utils.NullObjectException: entity is null
2022-01-17 16:58:14.483 [main] DEBUG com.kaa.simplebuild.DataProviderJDBC - prep132:  DELETE FROM BUILDINGTEMPLATE WHERE id= (?) {1: 1642427894468}
2022-01-17 16:59:26.015 [main] INFO  com.kaa.simplebuild.DataProviderJDBCTest - create  MainPartMaterial{id=1642427965509, name='test', price=1.0, soundTransmission=1.0}
2022-01-17 16:59:26.021 [main] DEBUG com.kaa.simplebuild.DataProviderJDBC - prep3:  DELETE FROM MAINPARTMATERIAL WHERE id= (?) {1: 1642427965509}
2022-01-17 16:59:26.022 [main] DEBUG com.kaa.simplebuild.DataProviderJDBC - conn0: url=jdbc:h2:tcp://localhost/~/test user=ADMIN
2022-01-17 16:59:26.040 [main] INFO  com.kaa.simplebuild.DataProviderJDBC - prep4: INSERT INTO ROOFMATERIAL VALUES (?,?,?,?) {1: 1642427966040, 2: 'test', 3: 1.0, 4: 1}
2022-01-17 16:59:26.041 [main] INFO  com.kaa.simplebuild.DataProviderJDBC - conn1: url=jdbc:h2:tcp://localhost/~/test user=ADMIN
2022-01-17 16:59:26.056 [main] DEBUG com.kaa.simplebuild.DataProviderJDBC - [RoofMaterial{id=1642427966040, name='test', price=1.0, durabilityYears=1}]
2022-01-17 16:59:26.076 [main] DEBUG com.kaa.simplebuild.DataProviderJDBC - []
2022-01-17 16:59:26.076 [main] ERROR com.kaa.simplebuild.DataProviderJDBC - utils.NullObjectException: entity is null
2022-01-17 16:59:26.077 [main] INFO  com.kaa.simplebuild.DataProviderJDBCTest - delnull
2022-01-17 16:59:26.077 [main] DEBUG com.kaa.simplebuild.DataProviderJDBC - []
2022-01-17 16:59:26.077 [main] ERROR com.kaa.simplebuild.DataProviderJDBC - utils.NullObjectException: entity is null
2022-01-17 16:59:26.114 [main] ERROR com.kaa.simplebuild.DataProviderJDBC - utils.NullObjectException: entity is null
2022-01-17 16:59:26.114 [main] INFO  com.kaa.simplebuild.DataProviderJDBCTest - delnull
2022-01-17 16:59:26.115 [main] ERROR com.kaa.simplebuild.DataProviderJDBC - utils.NullObjectException: entity is null
2022-01-17 16:59:26.158 [main] INFO  com.kaa.simplebuild.DataProviderJDBCTest - update  MainPartTemplate{id=1642427966119, name='test2' , priceMultiplier=2.2, idMaterial=2}
2022-01-17 16:59:26.252 [main] INFO  com.kaa.simplebuild.DataProviderJDBC - prep24: INSERT INTO ROOFMATERIAL VALUES (?,?,?,?) {1: 1642427966252, 2: 'test', 3: 1.0, 4: 1}
2022-01-17 16:59:26.252 [main] INFO  com.kaa.simplebuild.DataProviderJDBC - conn5: url=jdbc:h2:tcp://localhost/~/test user=ADMIN
2022-01-17 16:59:26.279 [main] DEBUG com.kaa.simplebuild.DataProviderJDBC - [RoofMaterial{id=1642427966252, name='test2', price=2.0, durabilityYears=2}]
2022-01-17 16:59:26.280 [main] INFO  com.kaa.simplebuild.DataProviderJDBCTest - update  RoofMaterial{id=1642427966252, name='test2', price=2.0, durabilityYears=2}
2022-01-17 16:59:26.280 [main] DEBUG com.kaa.simplebuild.DataProviderJDBC - [RoofMaterial{id=1642427966252, name='test2', price=2.0, durabilityYears=2}]
2022-01-17 16:59:26.281 [main] DEBUG com.kaa.simplebuild.DataProviderJDBC - [RoofMaterial{id=1642427966252, name='test2', price=2.0, durabilityYears=2}]
2022-01-17 16:59:26.323 [main] INFO  com.kaa.simplebuild.DataProviderJDBCTest - create  BasementMaterial{id=1642427966302, name='test', price=1.0, frostResistance=1, waterproof=1}
2022-01-17 16:59:26.378 [main] ERROR com.kaa.simplebuild.DataProviderJDBC - utils.NullObjectException: entity is null
2022-01-17 16:59:26.379 [main] INFO  com.kaa.simplebuild.DataProviderJDBCTest - delnull
2022-01-17 16:59:26.379 [main] ERROR com.kaa.simplebuild.DataProviderJDBC - utils.NullObjectException: entity is null
2022-01-17 16:59:26.450 [main] INFO  com.kaa.simplebuild.DataProviderJDBCTest - update  BasementTemplate{id=1642427966386, name='test2' , priceMultiplier=2.2, idMaterial=2, cellar=false}
2022-01-17 16:59:26.493 [main] ERROR com.kaa.simplebuild.DataProviderJDBC - utils.NullObjectException: entity is null
2022-01-17 16:59:26.494 [main] DEBUG com.kaa.simplebuild.DataProviderJDBC - prep48:  DELETE FROM BUILDINGTEMPLATE WHERE id= (?) {1: 1642427966482}
2022-01-17 16:59:26.510 [main] DEBUG com.kaa.simplebuild.DataProviderJDBC - prep52:  DELETE FROM MAINPARTMATERIAL WHERE id= (?) {1: 1642427966502}
2022-01-17 16:59:26.510 [main] DEBUG com.kaa.simplebuild.DataProviderJDBC - conn13: url=jdbc:h2:tcp://localhost/~/test user=ADMIN
2022-01-17 16:59:26.526 [main] ERROR com.kaa.simplebuild.DataProviderJDBC - utils.NullObjectException: entity is null
2022-01-17 16:59:26.526 [main] DEBUG com.kaa.simplebuild.DataProviderJDBC - prep55:  DELETE FROM BUILDINGTEMPLATE WHERE id= (?) {1: 1642427966518}
2022-01-17 16:59:26.536 [main] ERROR com.kaa.simplebuild.DataProviderJDBC - utils.NullObjectException: entity is null
2022-01-17 16:59:26.536 [main] INFO  com.kaa.simplebuild.DataProviderJDBCTest - delnull
2022-01-17 16:59:26.537 [main] ERROR com.kaa.simplebuild.DataProviderJDBC - utils.NullObjectException: entity is null
2022-01-17 16:59:26.547 [main] DEBUG com.kaa.simplebuild.DataProviderJDBC - prep60:  DELETE FROM MAINPARTMATERIAL WHERE id= (?) {1: 1642427966538}
2022-01-17 16:59:26.547 [main] DEBUG com.kaa.simplebuild.DataProviderJDBC - conn15: url=jdbc:h2:tcp://localhost/~/test user=ADMIN
2022-01-17 16:59:26.555 [main] ERROR com.kaa.simplebuild.DataProviderJDBC - utils.NullObjectException: entity is null
2022-01-17 16:59:26.555 [main] INFO  com.kaa.simplebuild.DataProviderJDBCTest - delnull
2022-01-17 16:59:26.556 [main] ERROR com.kaa.simplebuild.DataProviderJDBC - utils.NullObjectException: entity is null
2022-01-17 16:59:26.570 [main] INFO  com.kaa.simplebuild.DataProviderJDBCTest - create  RoofTemplate{id=1642427966558, name='test' , priceMultiplier=1.0, idMaterial=1, insulation=true, pipe=true}
2022-01-17 16:59:26.612 [main] INFO  com.kaa.simplebuild.DataProviderJDBCTest - update  BuildingTemplate{id=1642427966589, name='test2' , idRoofTenplate=2, idMainPartTemplate=1, idBasementTemplate=1}
2022-01-17 16:59:26.613 [main] ERROR com.kaa.simplebuild.DataProviderJDBC - utils.NullObjectException: entity is null
2022-01-17 16:59:26.614 [main] DEBUG com.kaa.simplebuild.DataProviderJDBC - prep72:  DELETE FROM BUILDINGTEMPLATE WHERE id= (?) {1: 1642427966589}
2022-01-17 16:59:26.642 [main] INFO  com.kaa.simplebuild.DataProviderJDBCTest - update  MainPartMaterial{id=1642427966625, name='test2', price=2.0, soundTransmission=2.0}
2022-01-17 16:59:26.643 [main] DEBUG com.kaa.simplebuild.DataProviderJDBC - prep78:  DELETE FROM MAINPARTMATERIAL WHERE id= (?) {1: 1642427966625}
2022-01-17 16:59:26.643 [main] DEBUG com.kaa.simplebuild.DataProviderJDBC - conn18: url=jdbc:h2:tcp://localhost/~/test user=ADMIN
2022-01-17 16:59:26.723 [main] ERROR com.kaa.simplebuild.DataProviderJDBC - utils.NullObjectException: entity is null
2022-01-17 16:59:26.724 [main] INFO  com.kaa.simplebuild.DataProviderJDBCTest - delnull
2022-01-17 16:59:26.724 [main] ERROR com.kaa.simplebuild.DataProviderJDBC - utils.NullObjectException: entity is null
2022-01-17 16:59:26.747 [main] INFO  com.kaa.simplebuild.DataProviderJDBCTest - update  BasementMaterial{id=1642427966728, name='test2', price=2.0, frostResistance=2, waterproof=2}
2022-01-17 16:59:26.809 [main] INFO  com.kaa.simplebuild.DataProviderJDBCTest - create  MainPartTemplate{id=1642427966774, name='test' , priceMultiplier=1.0, idMaterial=1}
2022-01-17 16:59:26.860 [main] ERROR com.kaa.simplebuild.DataProviderJDBC - utils.NullObjectException: entity is null
2022-01-17 16:59:26.861 [main] INFO  com.kaa.simplebuild.DataProviderJDBCTest - delnull
2022-01-17 16:59:26.862 [main] ERROR com.kaa.simplebuild.DataProviderJDBC - utils.NullObjectException: entity is null
2022-01-17 16:59:26.908 [main] INFO  com.kaa.simplebuild.DataProviderJDBCTest - update  RoofTemplate{id=1642427966882, name='test2' , priceMultiplier=1.0, idMaterial=1, insulation=true, pipe=true}
2022-01-17 16:59:26.928 [main] INFO  com.kaa.simplebuild.DataProviderJDBCTest - create  BasementTemplate{id=1642427966919, name='test' , priceMultiplier=1.0, idMaterial=1, cellar=false}
2022-01-17 16:59:26.941 [main] INFO  com.kaa.simplebuild.DataProviderJDBC - prep117: INSERT INTO ROOFMATERIAL VALUES (?,?,?,?) {1: 1642427966941, 2: 'test', 3: 1.0, 4: 1}
2022-01-17 16:59:26.941 [main] INFO  com.kaa.simplebuild.DataProviderJDBC - conn30: url=jdbc:h2:tcp://localhost/~/test user=ADMIN
2022-01-17 16:59:26.961 [main] DEBUG com.kaa.simplebuild.DataProviderJDBC - [RoofMaterial{id=1642427966941, name='test', price=1.0, durabilityYears=1}]
2022-01-17 16:59:26.961 [main] INFO  com.kaa.simplebuild.DataProviderJDBCTest - create  RoofMaterial{id=1642427966941, name='test', price=1.0, durabilityYears=1}
2022-01-17 16:59:26.962 [main] DEBUG com.kaa.simplebuild.DataProviderJDBC - [RoofMaterial{id=1642427966941, name='test', price=1.0, durabilityYears=1}]
2022-01-17 16:59:27.015 [main] INFO  com.kaa.simplebuild.DataProviderJDBC - prep125: INSERT INTO ROOFMATERIAL VALUES (?,?,?,?) {1: 1642427967014, 2: 'test', 3: 1.0, 4: 1}
2022-01-17 16:59:27.015 [main] INFO  com.kaa.simplebuild.DataProviderJDBC - conn33: url=jdbc:h2:tcp://localhost/~/test user=ADMIN
2022-01-17 16:59:27.050 [main] DEBUG com.kaa.simplebuild.DataProviderJDBC - [RoofMaterial{id=1642427967014, name='test', price=1.0, durabilityYears=1}]
2022-01-17 16:59:27.052 [main] DEBUG com.kaa.simplebuild.DataProviderJDBC - [RoofMaterial{id=1642427967014, name='test', price=1.0, durabilityYears=1}]
2022-01-17 16:59:27.072 [main] INFO  com.kaa.simplebuild.DataProviderJDBCTest - create  BuildingTemplate{id=1642427967063, name='test' , idRoofTenplate=2, idMainPartTemplate=1, idBasementTemplate=1}
2022-01-17 16:59:27.073 [main] ERROR com.kaa.simplebuild.DataProviderJDBC - utils.NullObjectException: entity is null
2022-01-17 16:59:27.074 [main] DEBUG com.kaa.simplebuild.DataProviderJDBC - prep132:  DELETE FROM BUILDINGTEMPLATE WHERE id= (?) {1: 1642427967063}
2022-01-17 16:59:37.158 [main] INFO  com.kaa.simplebuild.DataProviderJDBCTest - create  MainPartMaterial{id=1642427976858, name='test', price=1.0, soundTransmission=1.0}
2022-01-17 16:59:37.163 [main] DEBUG com.kaa.simplebuild.DataProviderJDBC - prep3:  DELETE FROM MAINPARTMATERIAL WHERE id= (?) {1: 1642427976858}
2022-01-17 16:59:37.164 [main] DEBUG com.kaa.simplebuild.DataProviderJDBC - conn0: url=jdbc:h2:tcp://localhost/~/test user=ADMIN
2022-01-17 16:59:37.178 [main] INFO  com.kaa.simplebuild.DataProviderJDBC - prep4: INSERT INTO ROOFMATERIAL VALUES (?,?,?,?) {1: 1642427977178, 2: 'test', 3: 1.0, 4: 1}
2022-01-17 16:59:37.179 [main] INFO  com.kaa.simplebuild.DataProviderJDBC - conn1: url=jdbc:h2:tcp://localhost/~/test user=ADMIN
2022-01-17 16:59:37.190 [main] DEBUG com.kaa.simplebuild.DataProviderJDBC - [RoofMaterial{id=1642427977178, name='test', price=1.0, durabilityYears=1}]
2022-01-17 16:59:37.205 [main] DEBUG com.kaa.simplebuild.DataProviderJDBC - []
2022-01-17 16:59:37.206 [main] ERROR com.kaa.simplebuild.DataProviderJDBC - utils.NullObjectException: entity is null
2022-01-17 16:59:37.206 [main] INFO  com.kaa.simplebuild.DataProviderJDBCTest - delnull
2022-01-17 16:59:37.207 [main] DEBUG com.kaa.simplebuild.DataProviderJDBC - []
2022-01-17 16:59:37.207 [main] ERROR com.kaa.simplebuild.DataProviderJDBC - utils.NullObjectException: entity is null
2022-01-17 16:59:37.235 [main] ERROR com.kaa.simplebuild.DataProviderJDBC - utils.NullObjectException: entity is null
2022-01-17 16:59:37.235 [main] INFO  com.kaa.simplebuild.DataProviderJDBCTest - delnull
2022-01-17 16:59:37.236 [main] ERROR com.kaa.simplebuild.DataProviderJDBC - utils.NullObjectException: entity is null
2022-01-17 16:59:37.262 [main] INFO  com.kaa.simplebuild.DataProviderJDBCTest - update  MainPartTemplate{id=1642427977237, name='test2' , priceMultiplier=2.2, idMaterial=2}
2022-01-17 16:59:37.321 [main] INFO  com.kaa.simplebuild.DataProviderJDBC - prep24: INSERT INTO ROOFMATERIAL VALUES (?,?,?,?) {1: 1642427977321, 2: 'test', 3: 1.0, 4: 1}
2022-01-17 16:59:37.322 [main] INFO  com.kaa.simplebuild.DataProviderJDBC - conn5: url=jdbc:h2:tcp://localhost/~/test user=ADMIN
2022-01-17 16:59:37.341 [main] DEBUG com.kaa.simplebuild.DataProviderJDBC - [RoofMaterial{id=1642427977321, name='test2', price=2.0, durabilityYears=2}]
2022-01-17 16:59:37.341 [main] INFO  com.kaa.simplebuild.DataProviderJDBCTest - update  RoofMaterial{id=1642427977321, name='test2', price=2.0, durabilityYears=2}
2022-01-17 16:59:37.342 [main] DEBUG com.kaa.simplebuild.DataProviderJDBC - [RoofMaterial{id=1642427977321, name='test2', price=2.0, durabilityYears=2}]
2022-01-17 16:59:37.343 [main] DEBUG com.kaa.simplebuild.DataProviderJDBC - [RoofMaterial{id=1642427977321, name='test2', price=2.0, durabilityYears=2}]
2022-01-17 16:59:37.381 [main] INFO  com.kaa.simplebuild.DataProviderJDBCTest - create  BasementMaterial{id=1642427977364, name='test', price=1.0, frostResistance=1, waterproof=1}
2022-01-17 16:59:37.413 [main] ERROR com.kaa.simplebuild.DataProviderJDBC - utils.NullObjectException: entity is null
2022-01-17 16:59:37.414 [main] INFO  com.kaa.simplebuild.DataProviderJDBCTest - delnull
2022-01-17 16:59:37.414 [main] ERROR com.kaa.simplebuild.DataProviderJDBC - utils.NullObjectException: entity is null
2022-01-17 16:59:37.441 [main] INFO  com.kaa.simplebuild.DataProviderJDBCTest - update  BasementTemplate{id=1642427977420, name='test2' , priceMultiplier=2.2, idMaterial=2, cellar=false}
2022-01-17 16:59:37.467 [main] ERROR com.kaa.simplebuild.DataProviderJDBC - utils.NullObjectException: entity is null
2022-01-17 16:59:37.469 [main] DEBUG com.kaa.simplebuild.DataProviderJDBC - prep48:  DELETE FROM BUILDINGTEMPLATE WHERE id= (?) {1: 1642427977455}
2022-01-17 16:59:37.488 [main] DEBUG com.kaa.simplebuild.DataProviderJDBC - prep52:  DELETE FROM MAINPARTMATERIAL WHERE id= (?) {1: 1642427977479}
2022-01-17 16:59:37.488 [main] DEBUG com.kaa.simplebuild.DataProviderJDBC - conn13: url=jdbc:h2:tcp://localhost/~/test user=ADMIN
2022-01-17 16:59:37.505 [main] ERROR com.kaa.simplebuild.DataProviderJDBC - utils.NullObjectException: entity is null
2022-01-17 16:59:37.506 [main] DEBUG com.kaa.simplebuild.DataProviderJDBC - prep55:  DELETE FROM BUILDINGTEMPLATE WHERE id= (?) {1: 1642427977497}
2022-01-17 16:59:37.516 [main] ERROR com.kaa.simplebuild.DataProviderJDBC - utils.NullObjectException: entity is null
2022-01-17 16:59:37.516 [main] INFO  com.kaa.simplebuild.DataProviderJDBCTest - delnull
2022-01-17 16:59:37.516 [main] ERROR com.kaa.simplebuild.DataProviderJDBC - utils.NullObjectException: entity is null
2022-01-17 16:59:37.527 [main] DEBUG com.kaa.simplebuild.DataProviderJDBC - prep60:  DELETE FROM MAINPARTMATERIAL WHERE id= (?) {1: 1642427977518}
2022-01-17 16:59:37.527 [main] DEBUG com.kaa.simplebuild.DataProviderJDBC - conn15: url=jdbc:h2:tcp://localhost/~/test user=ADMIN
2022-01-17 16:59:37.535 [main] ERROR com.kaa.simplebuild.DataProviderJDBC - utils.NullObjectException: entity is null
2022-01-17 16:59:37.535 [main] INFO  com.kaa.simplebuild.DataProviderJDBCTest - delnull
2022-01-17 16:59:37.536 [main] ERROR com.kaa.simplebuild.DataProviderJDBC - utils.NullObjectException: entity is null
2022-01-17 16:59:37.549 [main] INFO  com.kaa.simplebuild.DataProviderJDBCTest - create  RoofTemplate{id=1642427977538, name='test' , priceMultiplier=1.0, idMaterial=1, insulation=true, pipe=true}
2022-01-17 16:59:37.583 [main] INFO  com.kaa.simplebuild.DataProviderJDBCTest - update  BuildingTemplate{id=1642427977559, name='test2' , idRoofTenplate=2, idMainPartTemplate=1, idBasementTemplate=1}
2022-01-17 16:59:37.584 [main] ERROR com.kaa.simplebuild.DataProviderJDBC - utils.NullObjectException: entity is null
2022-01-17 16:59:37.586 [main] DEBUG com.kaa.simplebuild.DataProviderJDBC - prep72:  DELETE FROM BUILDINGTEMPLATE WHERE id= (?) {1: 1642427977559}
2022-01-17 16:59:37.606 [main] INFO  com.kaa.simplebuild.DataProviderJDBCTest - update  MainPartMaterial{id=1642427977594, name='test2', price=2.0, soundTransmission=2.0}
2022-01-17 16:59:37.607 [main] DEBUG com.kaa.simplebuild.DataProviderJDBC - prep78:  DELETE FROM MAINPARTMATERIAL WHERE id= (?) {1: 1642427977594}
2022-01-17 16:59:37.607 [main] DEBUG com.kaa.simplebuild.DataProviderJDBC - conn18: url=jdbc:h2:tcp://localhost/~/test user=ADMIN
2022-01-17 16:59:37.643 [main] ERROR com.kaa.simplebuild.DataProviderJDBC - utils.NullObjectException: entity is null
2022-01-17 16:59:37.643 [main] INFO  com.kaa.simplebuild.DataProviderJDBCTest - delnull
2022-01-17 16:59:37.643 [main] ERROR com.kaa.simplebuild.DataProviderJDBC - utils.NullObjectException: entity is null
2022-01-17 16:59:37.661 [main] INFO  com.kaa.simplebuild.DataProviderJDBCTest - update  BasementMaterial{id=1642427977647, name='test2', price=2.0, frostResistance=2, waterproof=2}
2022-01-17 16:59:37.688 [main] INFO  com.kaa.simplebuild.DataProviderJDBCTest - create  MainPartTemplate{id=1642427977683, name='test' , priceMultiplier=1.0, idMaterial=1}
2022-01-17 16:59:37.708 [main] ERROR com.kaa.simplebuild.DataProviderJDBC - utils.NullObjectException: entity is null
2022-01-17 16:59:37.708 [main] INFO  com.kaa.simplebuild.DataProviderJDBCTest - delnull
2022-01-17 16:59:37.708 [main] ERROR com.kaa.simplebuild.DataProviderJDBC - utils.NullObjectException: entity is null
2022-01-17 16:59:37.725 [main] INFO  com.kaa.simplebuild.DataProviderJDBCTest - update  RoofTemplate{id=1642427977711, name='test2' , priceMultiplier=1.0, idMaterial=1, insulation=true, pipe=true}
2022-01-17 16:59:37.740 [main] INFO  com.kaa.simplebuild.DataProviderJDBCTest - create  BasementTemplate{id=1642427977733, name='test' , priceMultiplier=1.0, idMaterial=1, cellar=false}
2022-01-17 16:59:37.748 [main] INFO  com.kaa.simplebuild.DataProviderJDBC - prep117: INSERT INTO ROOFMATERIAL VALUES (?,?,?,?) {1: 1642427977748, 2: 'test', 3: 1.0, 4: 1}
2022-01-17 16:59:37.748 [main] INFO  com.kaa.simplebuild.DataProviderJDBC - conn30: url=jdbc:h2:tcp://localhost/~/test user=ADMIN
2022-01-17 16:59:37.755 [main] DEBUG com.kaa.simplebuild.DataProviderJDBC - [RoofMaterial{id=1642427977748, name='test', price=1.0, durabilityYears=1}]
2022-01-17 16:59:37.755 [main] INFO  com.kaa.simplebuild.DataProviderJDBCTest - create  RoofMaterial{id=1642427977748, name='test', price=1.0, durabilityYears=1}
2022-01-17 16:59:37.756 [main] DEBUG com.kaa.simplebuild.DataProviderJDBC - [RoofMaterial{id=1642427977748, name='test', price=1.0, durabilityYears=1}]
2022-01-17 16:59:37.789 [main] INFO  com.kaa.simplebuild.DataProviderJDBC - prep125: INSERT INTO ROOFMATERIAL VALUES (?,?,?,?) {1: 1642427977789, 2: 'test', 3: 1.0, 4: 1}
2022-01-17 16:59:37.789 [main] INFO  com.kaa.simplebuild.DataProviderJDBC - conn33: url=jdbc:h2:tcp://localhost/~/test user=ADMIN
2022-01-17 16:59:37.796 [main] DEBUG com.kaa.simplebuild.DataProviderJDBC - [RoofMaterial{id=1642427977789, name='test', price=1.0, durabilityYears=1}]
2022-01-17 16:59:37.797 [main] DEBUG com.kaa.simplebuild.DataProviderJDBC - [RoofMaterial{id=1642427977789, name='test', price=1.0, durabilityYears=1}]
2022-01-17 16:59:37.812 [main] INFO  com.kaa.simplebuild.DataProviderJDBCTest - create  BuildingTemplate{id=1642427977805, name='test' , idRoofTenplate=2, idMainPartTemplate=1, idBasementTemplate=1}
2022-01-17 16:59:37.813 [main] ERROR com.kaa.simplebuild.DataProviderJDBC - utils.NullObjectException: entity is null
2022-01-17 16:59:37.813 [main] DEBUG com.kaa.simplebuild.DataProviderJDBC - prep132:  DELETE FROM BUILDINGTEMPLATE WHERE id= (?) {1: 1642427977805}
