2022-01-15 19:22:47.987 [main] DEBUG history.NewMain - NewMain()[0]: starting application.........
2022-01-15 19:22:48.041 [main] ERROR com.kaa.simplebuild.DataProviderJDBC - org.h2.jdbc.JdbcSQLSyntaxErrorException: Синтаксическая ошибка в выражении SQL "INSERT INTO BASEMENTTEMPLATE VALUES (?,?,?,?.[*]?)"; ожидалось "], :=, AT, FORMAT, ,, %, ;, +, -, ||, NOT, IS, ILIKE, REGEXP, AND, OR, ., )"
Syntax error in SQL statement "INSERT INTO BASEMENTTEMPLATE VALUES (?,?,?,?.[*]?)"; expected "], :=, AT, FORMAT, ,, %, ;, +, -, ||, NOT, IS, ILIKE, REGEXP, AND, OR, ., )"; SQL statement:
INSERT INTO BASEMENTTEMPLATE VALUES (?,?,?,?.?) [42001-202]
	at org.h2.message.DbException.getJdbcSQLException(DbException.java:502)
	at org.h2.message.DbException.getJdbcSQLException(DbException.java:477)
	at org.h2.message.DbException.getSyntaxError(DbException.java:261)
	at org.h2.command.Parser.getSyntaxError(Parser.java:1286)
	at org.h2.command.Parser.read(Parser.java:6099)
	at org.h2.command.Parser.readIfMore(Parser.java:1656)
	at org.h2.command.Parser.parseValuesForCommand(Parser.java:2113)
	at org.h2.command.Parser.parseInsert(Parser.java:1983)
	at org.h2.command.Parser.parsePrepared(Parser.java:1191)
	at org.h2.command.Parser.parse(Parser.java:1068)
	at org.h2.command.Parser.parse(Parser.java:1041)
	at org.h2.command.Parser.prepareCommand(Parser.java:965)
	at org.h2.engine.SessionLocal.prepareLocal(SessionLocal.java:614)
	at org.h2.server.TcpServerThread.process(TcpServerThread.java:288)
	at org.h2.server.TcpServerThread.run(TcpServerThread.java:190)
	at java.lang.Thread.run(Unknown Source)

2022-01-15 19:22:48.569 [main] INFO  history.NewMain - []
2022-01-15 19:23:15.893 [main] DEBUG history.NewMain - NewMain()[0]: starting application.........
2022-01-15 19:23:15.944 [main] ERROR com.kaa.simplebuild.DataProviderJDBC - org.h2.jdbc.JdbcSQLIntegrityConstraintViolationException: Нарушение ссылочной целостности: "CONSTRAINT_E3: PUBLIC.BASEMENTTEMPLATE FOREIGN KEY(ID_MATERIAL) REFERENCES PUBLIC.BASEMENTTEMPLATE(ID) (CAST(122 AS BIGINT))"
Referential integrity constraint violation: "CONSTRAINT_E3: PUBLIC.BASEMENTTEMPLATE FOREIGN KEY(ID_MATERIAL) REFERENCES PUBLIC.BASEMENTTEMPLATE(ID) (CAST(122 AS BIGINT))"; SQL statement:
INSERT INTO BASEMENTTEMPLATE VALUES (?,?,?,?,?) [23506-202]
	at org.h2.message.DbException.getJdbcSQLException(DbException.java:508)
	at org.h2.message.DbException.getJdbcSQLException(DbException.java:477)
	at org.h2.message.DbException.get(DbException.java:223)
	at org.h2.message.DbException.get(DbException.java:199)
	at org.h2.constraint.ConstraintReferential.checkRowOwnTable(ConstraintReferential.java:311)
	at org.h2.constraint.ConstraintReferential.checkRow(ConstraintReferential.java:252)
	at org.h2.table.Table.fireConstraints(Table.java:1173)
	at org.h2.table.Table.fireAfterRow(Table.java:1191)
	at org.h2.command.dml.Insert.insertRows(Insert.java:188)
	at org.h2.command.dml.Insert.update(Insert.java:135)
	at org.h2.command.dml.DataChangeStatement.update(DataChangeStatement.java:61)
	at org.h2.command.CommandContainer.update(CommandContainer.java:173)
	at org.h2.command.Command.executeUpdate(Command.java:247)
	at org.h2.server.TcpServerThread.process(TcpServerThread.java:413)
	at org.h2.server.TcpServerThread.run(TcpServerThread.java:190)
	at java.lang.Thread.run(Unknown Source)

2022-01-15 19:23:16.235 [main] INFO  history.NewMain - []
2022-01-15 19:25:01.546 [main] DEBUG history.NewMain - NewMain()[0]: starting application.........
2022-01-15 19:25:01.597 [main] ERROR com.kaa.simplebuild.DataProviderJDBC - org.h2.jdbc.JdbcSQLIntegrityConstraintViolationException: Нарушение ссылочной целостности: "CONSTRAINT_E3: PUBLIC.BASEMENTTEMPLATE FOREIGN KEY(ID_MATERIAL) REFERENCES PUBLIC.BASEMENTTEMPLATE(ID) (CAST(122 AS BIGINT))"
Referential integrity constraint violation: "CONSTRAINT_E3: PUBLIC.BASEMENTTEMPLATE FOREIGN KEY(ID_MATERIAL) REFERENCES PUBLIC.BASEMENTTEMPLATE(ID) (CAST(122 AS BIGINT))"; SQL statement:
INSERT INTO BASEMENTTEMPLATE VALUES (?,?,?,?,?) [23506-202]
	at org.h2.message.DbException.getJdbcSQLException(DbException.java:508)
	at org.h2.message.DbException.getJdbcSQLException(DbException.java:477)
	at org.h2.message.DbException.get(DbException.java:223)
	at org.h2.message.DbException.get(DbException.java:199)
	at org.h2.constraint.ConstraintReferential.checkRowOwnTable(ConstraintReferential.java:311)
	at org.h2.constraint.ConstraintReferential.checkRow(ConstraintReferential.java:252)
	at org.h2.table.Table.fireConstraints(Table.java:1173)
	at org.h2.table.Table.fireAfterRow(Table.java:1191)
	at org.h2.command.dml.Insert.insertRows(Insert.java:188)
	at org.h2.command.dml.Insert.update(Insert.java:135)
	at org.h2.command.dml.DataChangeStatement.update(DataChangeStatement.java:61)
	at org.h2.command.CommandContainer.update(CommandContainer.java:173)
	at org.h2.command.Command.executeUpdate(Command.java:247)
	at org.h2.server.TcpServerThread.process(TcpServerThread.java:413)
	at org.h2.server.TcpServerThread.run(TcpServerThread.java:190)
	at java.lang.Thread.run(Unknown Source)

2022-01-15 19:25:01.891 [main] INFO  history.NewMain - []
2022-01-15 19:27:01.168 [main] DEBUG history.NewMain - NewMain()[0]: starting application.........
2022-01-15 19:27:01.520 [main] INFO  history.NewMain - [BasementTemplate{id=1642264021206, name='111' , priceMultiplier=1.0, idMaterial=122, cellar=false}]
2022-01-15 20:24:32.184 [main] DEBUG history.NewMain - NewMain()[0]: starting application.........
2022-01-15 20:24:32.229 [main] INFO  com.kaa.simplebuild.DataProviderJDBC - prep0: INSERT INTO ROOFMATERIAL VALUES (?,?,?,?) {1: 1, 2: '1', 3: 1.0, 4: 1}
2022-01-15 20:24:32.229 [main] INFO  com.kaa.simplebuild.DataProviderJDBC - conn0: url=jdbc:h2:tcp://localhost/~/test user=ADMIN
2022-01-15 20:24:32.514 [main] INFO  history.NewMain - [RoofMaterial{id=1, name='1', price=1.0}]
2022-01-15 21:46:39.254 [main] DEBUG history.NewMain - NewMain()[0]: starting application.........
2022-01-15 21:46:39.621 [main] INFO  history.NewMain - [MainPartMaterial{id=1, name='1', price=1.0, soundTransmission=1.0}]
2022-01-15 21:48:27.848 [main] DEBUG history.NewMain - NewMain()[0]: starting application.........
2022-01-15 21:48:28.182 [main] INFO  history.NewMain - [MainPartMaterial{id=1, name='12', price=1.0, soundTransmission=1.0}]
2022-01-15 22:36:29.635 [main] DEBUG history.NewMain - NewMain()[0]: starting application.........
2022-01-15 22:36:29.965 [main] INFO  history.NewMain - [BasementMaterial{id=1, name='12', price=1.0}]
