2022-02-09 19:14:22.053 [main] INFO  com.kaa.simplebuild.DataProviderCsv - src/main/resources/csv/MainPartMaterial.csv
2022-02-09 19:14:22.069 [main] INFO  com.kaa.simplebuild.DataProviderCsv - src/main/resources/csv/MainPartMaterial.csv
2022-02-09 19:14:22.078 [main] ERROR com.kaa.simplebuild.DataProviderCsv - utils.NullObjectException: entity is null
2022-02-09 19:14:22.926 [main] INFO  com.kaa.simplebuild.DataProviderCSVTest - create  MainPartMaterial{id=1644423262051, name='test', price=1.0, soundTransmission=1.0}
2022-02-09 19:14:22.955 [main] INFO  com.kaa.simplebuild.DataProviderCsv - src/main/resources/csv/RoofMaterial.csv
2022-02-09 19:14:22.968 [main] INFO  com.kaa.simplebuild.DataProviderCsv - src/main/resources/csv/RoofMaterial.csv
2022-02-09 19:14:23.226 [main] ERROR com.kaa.simplebuild.DataProviderCsv - utils.NullObjectException: entity is null
2022-02-09 19:14:23.328 [main] ERROR com.kaa.simplebuild.DataProviderCsv - utils.NullObjectException: entity is null
2022-02-09 19:14:23.328 [main] INFO  com.kaa.simplebuild.DataProviderCSVTest - delnull
2022-02-09 19:14:23.364 [main] ERROR com.kaa.simplebuild.DataProviderCsv - utils.NullObjectException: entity is null
2022-02-09 19:14:23.365 [main] INFO  com.kaa.simplebuild.DataProviderCsv - src/main/resources/csv/MainPartTemplate.csv
2022-02-09 19:14:23.371 [main] INFO  com.kaa.simplebuild.DataProviderCsv - src/main/resources/csv/MainPartTemplate.csv
2022-02-09 19:14:23.384 [main] ERROR com.kaa.simplebuild.DataProviderCsv - utils.NullObjectException: entity is null
2022-02-09 19:14:23.423 [main] ERROR com.kaa.simplebuild.DataProviderCsv - utils.NullObjectException: entity is null
2022-02-09 19:14:23.423 [main] INFO  com.kaa.simplebuild.DataProviderCSVTest - del null
2022-02-09 19:14:23.427 [main] ERROR com.kaa.simplebuild.DataProviderCsv - utils.NullObjectException: entity is null
2022-02-09 19:14:23.427 [main] INFO  com.kaa.simplebuild.DataProviderCsv - src/main/resources/csv/MainPartTemplate.csv
2022-02-09 19:14:23.437 [main] INFO  com.kaa.simplebuild.DataProviderCsv - src/main/resources/csv/MainPartTemplate.csv
2022-02-09 19:14:23.452 [main] ERROR com.kaa.simplebuild.DataProviderCsv - utils.NullObjectException: entity is null
2022-02-09 19:14:23.486 [main] INFO  com.kaa.simplebuild.DataProviderCsv - src/main/resources/csv/MainPartTemplate.csv
2022-02-09 19:14:23.489 [main] INFO  com.kaa.simplebuild.DataProviderCsv - src/main/resources/csv/MainPartTemplate.csv
2022-02-09 19:14:23.499 [main] ERROR com.kaa.simplebuild.DataProviderCsv - utils.NullObjectException: entity is null
2022-02-09 19:14:23.514 [main] INFO  com.kaa.simplebuild.DataProviderCSVTest - update  MainPartTemplate{id=1644423263427, name='test2' , priceMultiplier=2.2, idMaterial=2}
2022-02-09 19:14:23.532 [main] INFO  com.kaa.simplebuild.DataProviderCsv - src/main/resources/csv/BasementTemplate.csv
2022-02-09 19:14:23.538 [main] INFO  com.kaa.simplebuild.DataProviderCsv - src/main/resources/csv/BasementTemplate.csv
2022-02-09 19:14:23.589 [main] ERROR com.kaa.simplebuild.DataProviderCsv - utils.NullObjectException: entity is null
2022-02-09 19:14:23.625 [main] INFO  com.kaa.simplebuild.DataProviderCsv - src/main/resources/csv/RoofMaterial.csv
2022-02-09 19:14:23.630 [main] INFO  com.kaa.simplebuild.DataProviderCsv - src/main/resources/csv/RoofMaterial.csv
2022-02-09 19:14:23.637 [main] ERROR com.kaa.simplebuild.DataProviderCsv - utils.NullObjectException: entity is null
2022-02-09 19:14:23.677 [main] INFO  com.kaa.simplebuild.DataProviderCsv - src/main/resources/csv/RoofMaterial.csv
2022-02-09 19:14:23.697 [main] INFO  com.kaa.simplebuild.DataProviderCsv - src/main/resources/csv/RoofMaterial.csv
2022-02-09 19:14:23.703 [main] ERROR com.kaa.simplebuild.DataProviderCsv - utils.NullObjectException: entity is null
2022-02-09 19:14:23.718 [main] INFO  com.kaa.simplebuild.DataProviderCSVTest - update  RoofMaterial{id=1644423263624, name='test2', price=2.0, durabilityYears=2}
2022-02-09 19:14:23.735 [main] INFO  com.kaa.simplebuild.DataProviderCsv - src/main/resources/csv/BasementMaterial.csv
2022-02-09 19:14:23.737 [main] INFO  com.kaa.simplebuild.DataProviderCsv - src/main/resources/csv/BasementMaterial.csv
2022-02-09 19:14:23.744 [main] ERROR com.kaa.simplebuild.DataProviderCsv - utils.NullObjectException: entity is null
2022-02-09 19:14:23.761 [main] INFO  com.kaa.simplebuild.DataProviderCSVTest - create  BasementMaterial{id=1644423263734, name='test', price=1.0, frostResistance=1, waterproof=1}
2022-02-09 19:14:23.775 [main] INFO  com.kaa.simplebuild.DataProviderCsv - src/main/resources/csv/BasementTemplate.csv
2022-02-09 19:14:23.778 [main] INFO  com.kaa.simplebuild.DataProviderCsv - src/main/resources/csv/BasementTemplate.csv
2022-02-09 19:14:23.784 [main] ERROR com.kaa.simplebuild.DataProviderCsv - utils.NullObjectException: entity is null
2022-02-09 19:14:23.814 [main] ERROR com.kaa.simplebuild.DataProviderCsv - utils.NullObjectException: entity is null
2022-02-09 19:14:23.814 [main] INFO  com.kaa.simplebuild.DataProviderCSVTest - delnull
2022-02-09 19:14:23.830 [main] ERROR com.kaa.simplebuild.DataProviderCsv - utils.NullObjectException: entity is null
2022-02-09 19:14:23.831 [main] INFO  com.kaa.simplebuild.DataProviderCsv - src/main/resources/csv/BasementTemplate.csv
2022-02-09 19:14:23.838 [main] INFO  com.kaa.simplebuild.DataProviderCsv - src/main/resources/csv/BasementTemplate.csv
2022-02-09 19:14:23.849 [main] ERROR com.kaa.simplebuild.DataProviderCsv - utils.NullObjectException: entity is null
2022-02-09 19:14:23.875 [main] INFO  com.kaa.simplebuild.DataProviderCsv - src/main/resources/csv/BasementTemplate.csv
2022-02-09 19:14:23.878 [main] INFO  com.kaa.simplebuild.DataProviderCsv - src/main/resources/csv/BasementTemplate.csv
2022-02-09 19:14:23.893 [main] ERROR com.kaa.simplebuild.DataProviderCsv - utils.NullObjectException: entity is null
2022-02-09 19:14:23.905 [main] INFO  com.kaa.simplebuild.DataProviderCSVTest - update  BasementTemplate{id=1644423263831, name='test2' , priceMultiplier=2.2, idMaterial=2, cellar=false}
2022-02-09 19:14:23.920 [main] INFO  com.kaa.simplebuild.DataProviderCsv - src/main/resources/csv/BuildingTemplate.csv
2022-02-09 19:14:23.922 [main] INFO  com.kaa.simplebuild.DataProviderCsv - src/main/resources/csv/BuildingTemplate.csv
2022-02-09 19:14:23.928 [main] ERROR com.kaa.simplebuild.DataProviderCsv - utils.NullObjectException: entity is null
2022-02-09 19:14:23.953 [main] INFO  com.kaa.simplebuild.DataProviderCsv - src/main/resources/csv/MainPartMaterial.csv
2022-02-09 19:14:23.956 [main] INFO  com.kaa.simplebuild.DataProviderCsv - src/main/resources/csv/MainPartMaterial.csv
2022-02-09 19:14:23.960 [main] ERROR com.kaa.simplebuild.DataProviderCsv - utils.NullObjectException: entity is null
2022-02-09 19:14:23.983 [main] INFO  com.kaa.simplebuild.DataProviderCsv - src/main/resources/csv/BuildingTemplate.csv
2022-02-09 19:14:23.986 [main] INFO  com.kaa.simplebuild.DataProviderCsv - src/main/resources/csv/BuildingTemplate.csv
2022-02-09 19:14:23.997 [main] ERROR com.kaa.simplebuild.DataProviderCsv - utils.NullObjectException: entity is null
2022-02-09 19:14:24.020 [main] ERROR com.kaa.simplebuild.DataProviderCsv - utils.NullObjectException: entity is null
2022-02-09 19:14:24.020 [main] INFO  com.kaa.simplebuild.DataProviderCSVTest - delnull
2022-02-09 19:14:24.023 [main] ERROR com.kaa.simplebuild.DataProviderCsv - utils.NullObjectException: entity is null
2022-02-09 19:14:24.024 [main] INFO  com.kaa.simplebuild.DataProviderCsv - src/main/resources/csv/MainPartMaterial.csv
2022-02-09 19:14:24.026 [main] INFO  com.kaa.simplebuild.DataProviderCsv - src/main/resources/csv/MainPartMaterial.csv
2022-02-09 19:14:24.031 [main] ERROR com.kaa.simplebuild.DataProviderCsv - utils.NullObjectException: entity is null
2022-02-09 19:14:24.052 [main] ERROR com.kaa.simplebuild.DataProviderCsv - utils.NullObjectException: entity is null
2022-02-09 19:14:24.052 [main] INFO  com.kaa.simplebuild.DataProviderCSVTest - delnull
2022-02-09 19:14:24.054 [main] ERROR com.kaa.simplebuild.DataProviderCsv - utils.NullObjectException: entity is null
2022-02-09 19:14:24.055 [main] INFO  com.kaa.simplebuild.DataProviderCsv - src/main/resources/csv/RoofTemplate.csv
2022-02-09 19:14:24.058 [main] INFO  com.kaa.simplebuild.DataProviderCsv - src/main/resources/csv/RoofTemplate.csv
2022-02-09 19:14:24.064 [main] ERROR com.kaa.simplebuild.DataProviderCsv - utils.NullObjectException: entity is null
2022-02-09 19:14:24.077 [main] INFO  com.kaa.simplebuild.DataProviderCSVTest - create  RoofTemplate{id=1644423264055, name='test' , priceMultiplier=1.0, idMaterial=1, insulation=true, pipe=true}
2022-02-09 19:14:24.091 [main] INFO  com.kaa.simplebuild.DataProviderCsv - src/main/resources/csv/BuildingTemplate.csv
2022-02-09 19:14:24.096 [main] INFO  com.kaa.simplebuild.DataProviderCsv - src/main/resources/csv/BuildingTemplate.csv
2022-02-09 19:14:24.101 [main] ERROR com.kaa.simplebuild.DataProviderCsv - utils.NullObjectException: entity is null
2022-02-09 19:14:24.128 [main] INFO  com.kaa.simplebuild.DataProviderCsv - src/main/resources/csv/BuildingTemplate.csv
2022-02-09 19:14:24.130 [main] INFO  com.kaa.simplebuild.DataProviderCsv - src/main/resources/csv/BuildingTemplate.csv
2022-02-09 19:14:24.135 [main] ERROR com.kaa.simplebuild.DataProviderCsv - utils.NullObjectException: entity is null
2022-02-09 19:14:24.158 [main] INFO  com.kaa.simplebuild.DataProviderCSVTest - update  BuildingTemplate{id=1644423264091, name='test2' , idRoofTenplate=2, idMainPartTemplate=1, idBasementTemplate=1}
2022-02-09 19:14:24.176 [main] INFO  com.kaa.simplebuild.DataProviderCsv - src/main/resources/csv/MainPartMaterial.csv
2022-02-09 19:14:24.178 [main] INFO  com.kaa.simplebuild.DataProviderCsv - src/main/resources/csv/MainPartMaterial.csv
2022-02-09 19:14:24.183 [main] ERROR com.kaa.simplebuild.DataProviderCsv - utils.NullObjectException: entity is null
2022-02-09 19:14:24.203 [main] INFO  com.kaa.simplebuild.DataProviderCsv - src/main/resources/csv/MainPartMaterial.csv
2022-02-09 19:14:24.205 [main] INFO  com.kaa.simplebuild.DataProviderCsv - src/main/resources/csv/MainPartMaterial.csv
2022-02-09 19:14:24.209 [main] ERROR com.kaa.simplebuild.DataProviderCsv - utils.NullObjectException: entity is null
2022-02-09 19:14:24.219 [main] INFO  com.kaa.simplebuild.DataProviderCSVTest - update  MainPartMaterial{id=1644423264176, name='test2', price=2.0, soundTransmission=2.0}
2022-02-09 19:14:24.231 [main] INFO  com.kaa.simplebuild.DataProviderCsv - src/main/resources/csv/BasementMaterial.csv
2022-02-09 19:14:24.235 [main] INFO  com.kaa.simplebuild.DataProviderCsv - src/main/resources/csv/BasementMaterial.csv
2022-02-09 19:14:24.246 [main] ERROR com.kaa.simplebuild.DataProviderCsv - utils.NullObjectException: entity is null
2022-02-09 19:14:24.271 [main] INFO  com.kaa.simplebuild.DataProviderCsv - src/main/resources/csv/BasementMaterial.csv
2022-02-09 19:14:24.278 [main] INFO  com.kaa.simplebuild.DataProviderCsv - src/main/resources/csv/BasementMaterial.csv
2022-02-09 19:14:24.283 [main] ERROR com.kaa.simplebuild.DataProviderCsv - utils.NullObjectException: entity is null
2022-02-09 19:14:24.316 [main] ERROR com.kaa.simplebuild.DataProviderCsv - utils.NullObjectException: entity is null
2022-02-09 19:14:24.316 [main] INFO  com.kaa.simplebuild.DataProviderCSVTest - delnull
2022-02-09 19:14:24.319 [main] ERROR com.kaa.simplebuild.DataProviderCsv - utils.NullObjectException: entity is null
2022-02-09 19:14:24.319 [main] INFO  com.kaa.simplebuild.DataProviderCsv - src/main/resources/csv/BasementMaterial.csv
2022-02-09 19:14:24.322 [main] INFO  com.kaa.simplebuild.DataProviderCsv - src/main/resources/csv/BasementMaterial.csv
2022-02-09 19:14:24.327 [main] ERROR com.kaa.simplebuild.DataProviderCsv - utils.NullObjectException: entity is null
2022-02-09 19:14:24.389 [main] INFO  com.kaa.simplebuild.DataProviderCsv - src/main/resources/csv/BasementMaterial.csv
2022-02-09 19:14:24.393 [main] INFO  com.kaa.simplebuild.DataProviderCsv - src/main/resources/csv/BasementMaterial.csv
2022-02-09 19:14:24.417 [main] ERROR com.kaa.simplebuild.DataProviderCsv - utils.NullObjectException: entity is null
2022-02-09 19:14:24.430 [main] INFO  com.kaa.simplebuild.DataProviderCSVTest - update  BasementMaterial{id=1644423264319, name='test2', price=2.0, frostResistance=2, waterproof=2}
2022-02-09 19:14:24.446 [main] INFO  com.kaa.simplebuild.DataProviderCsv - src/main/resources/csv/RoofTemplate.csv
2022-02-09 19:14:24.450 [main] INFO  com.kaa.simplebuild.DataProviderCsv - src/main/resources/csv/RoofTemplate.csv
2022-02-09 19:14:24.460 [main] ERROR com.kaa.simplebuild.DataProviderCsv - utils.NullObjectException: entity is null
2022-02-09 19:14:24.492 [main] INFO  com.kaa.simplebuild.DataProviderCsv - src/main/resources/csv/MainPartTemplate.csv
2022-02-09 19:14:24.496 [main] INFO  com.kaa.simplebuild.DataProviderCsv - src/main/resources/csv/MainPartTemplate.csv
2022-02-09 19:14:24.510 [main] ERROR com.kaa.simplebuild.DataProviderCsv - utils.NullObjectException: entity is null
2022-02-09 19:14:24.521 [main] INFO  com.kaa.simplebuild.DataProviderCSVTest - create  MainPartTemplate{id=1644423264492, name='test' , priceMultiplier=1.0, idMaterial=1}
2022-02-09 19:14:24.532 [main] INFO  com.kaa.simplebuild.DataProviderCsv - src/main/resources/csv/RoofTemplate.csv
2022-02-09 19:14:24.537 [main] INFO  com.kaa.simplebuild.DataProviderCsv - src/main/resources/csv/RoofTemplate.csv
2022-02-09 19:14:24.546 [main] ERROR com.kaa.simplebuild.DataProviderCsv - utils.NullObjectException: entity is null
2022-02-09 19:14:24.569 [main] ERROR com.kaa.simplebuild.DataProviderCsv - utils.NullObjectException: entity is null
2022-02-09 19:14:24.569 [main] INFO  com.kaa.simplebuild.DataProviderCSVTest - delnull
2022-02-09 19:14:24.572 [main] ERROR com.kaa.simplebuild.DataProviderCsv - utils.NullObjectException: entity is null
2022-02-09 19:14:24.573 [main] INFO  com.kaa.simplebuild.DataProviderCsv - src/main/resources/csv/RoofTemplate.csv
2022-02-09 19:14:24.575 [main] INFO  com.kaa.simplebuild.DataProviderCsv - src/main/resources/csv/RoofTemplate.csv
2022-02-09 19:14:24.580 [main] ERROR com.kaa.simplebuild.DataProviderCsv - utils.NullObjectException: entity is null
2022-02-09 19:14:24.603 [main] INFO  com.kaa.simplebuild.DataProviderCsv - src/main/resources/csv/RoofTemplate.csv
2022-02-09 19:14:24.607 [main] INFO  com.kaa.simplebuild.DataProviderCsv - src/main/resources/csv/RoofTemplate.csv
2022-02-09 19:14:24.614 [main] ERROR com.kaa.simplebuild.DataProviderCsv - utils.NullObjectException: entity is null
2022-02-09 19:14:24.624 [main] INFO  com.kaa.simplebuild.DataProviderCSVTest - update  RoofTemplate{id=1644423264573, name='test2' , priceMultiplier=1.0, idMaterial=1, insulation=true, pipe=true}
2022-02-09 19:14:24.645 [main] INFO  com.kaa.simplebuild.DataProviderCsv - src/main/resources/csv/BasementTemplate.csv
2022-02-09 19:14:24.648 [main] INFO  com.kaa.simplebuild.DataProviderCsv - src/main/resources/csv/BasementTemplate.csv
2022-02-09 19:14:24.654 [main] ERROR com.kaa.simplebuild.DataProviderCsv - utils.NullObjectException: entity is null
2022-02-09 19:14:24.665 [main] INFO  com.kaa.simplebuild.DataProviderCSVTest - create  BasementTemplate{id=1644423264645, name='test' , priceMultiplier=1.0, idMaterial=1, cellar=false}
2022-02-09 19:14:24.675 [main] INFO  com.kaa.simplebuild.DataProviderCsv - src/main/resources/csv/RoofMaterial.csv
2022-02-09 19:14:24.677 [main] INFO  com.kaa.simplebuild.DataProviderCsv - src/main/resources/csv/RoofMaterial.csv
2022-02-09 19:14:24.685 [main] ERROR com.kaa.simplebuild.DataProviderCsv - utils.NullObjectException: entity is null
2022-02-09 19:14:24.695 [main] INFO  com.kaa.simplebuild.DataProviderCSVTest - create  RoofMaterial{id=1644423264675, name='test', price=1.0, durabilityYears=1}
2022-02-09 19:14:24.713 [main] INFO  com.kaa.simplebuild.DataProviderCsv - src/main/resources/csv/MainPartTemplate.csv
2022-02-09 19:14:24.717 [main] INFO  com.kaa.simplebuild.DataProviderCsv - src/main/resources/csv/MainPartTemplate.csv
2022-02-09 19:14:24.723 [main] ERROR com.kaa.simplebuild.DataProviderCsv - utils.NullObjectException: entity is null
2022-02-09 19:14:24.758 [main] INFO  com.kaa.simplebuild.DataProviderCsv - src/main/resources/csv/RoofMaterial.csv
2022-02-09 19:14:24.761 [main] INFO  com.kaa.simplebuild.DataProviderCsv - src/main/resources/csv/RoofMaterial.csv
2022-02-09 19:14:24.768 [main] ERROR com.kaa.simplebuild.DataProviderCsv - utils.NullObjectException: entity is null
2022-02-09 19:14:24.804 [main] INFO  com.kaa.simplebuild.DataProviderCsv - src/main/resources/csv/BuildingTemplate.csv
2022-02-09 19:14:24.808 [main] INFO  com.kaa.simplebuild.DataProviderCsv - src/main/resources/csv/BuildingTemplate.csv
2022-02-09 19:14:24.813 [main] ERROR com.kaa.simplebuild.DataProviderCsv - utils.NullObjectException: entity is null
2022-02-09 19:14:24.824 [main] INFO  com.kaa.simplebuild.DataProviderCSVTest - create  BuildingTemplate{id=1644423264804, name='test' , idRoofTenplate=2, idMainPartTemplate=1, idBasementTemplate=1}
2022-02-09 19:14:24.890 [main] INFO  com.kaa.simplebuild.DataProviderJDBCTest - create  MainPartMaterial{id=1644423264871, name='test', price=1.0, soundTransmission=1.0}
2022-02-09 19:14:24.893 [main] DEBUG com.kaa.simplebuild.DataProviderJDBC - prep3:  DELETE FROM MAINPARTMATERIAL WHERE id= (?) {1: 1644423264871}
2022-02-09 19:14:24.894 [main] DEBUG com.kaa.simplebuild.DataProviderJDBC - conn0: url=jdbc:h2:tcp://localhost/~/test user=ADMIN
2022-02-09 19:14:24.904 [main] INFO  com.kaa.simplebuild.DataProviderJDBC - prep4: INSERT INTO ROOFMATERIAL VALUES (?,?,?,?) {1: 1644423264903, 2: 'test', 3: 1.0, 4: 1}
2022-02-09 19:14:24.904 [main] INFO  com.kaa.simplebuild.DataProviderJDBC - conn1: url=jdbc:h2:tcp://localhost/~/test user=ADMIN
2022-02-09 19:14:24.912 [main] DEBUG com.kaa.simplebuild.DataProviderJDBC - [RoofMaterial{id=1644423264903, name='test', price=1.0, durabilityYears=1}]
2022-02-09 19:14:24.921 [main] DEBUG com.kaa.simplebuild.DataProviderJDBC - []
2022-02-09 19:14:24.922 [main] ERROR com.kaa.simplebuild.DataProviderJDBC - utils.NullObjectException: entity is null
2022-02-09 19:14:24.922 [main] INFO  com.kaa.simplebuild.DataProviderJDBCTest - delnull
2022-02-09 19:14:24.922 [main] DEBUG com.kaa.simplebuild.DataProviderJDBC - []
2022-02-09 19:14:24.922 [main] ERROR com.kaa.simplebuild.DataProviderJDBC - utils.NullObjectException: entity is null
2022-02-09 19:14:24.940 [main] ERROR com.kaa.simplebuild.DataProviderJDBC - utils.NullObjectException: entity is null
2022-02-09 19:14:24.940 [main] INFO  com.kaa.simplebuild.DataProviderJDBCTest - delnull
2022-02-09 19:14:24.940 [main] ERROR com.kaa.simplebuild.DataProviderJDBC - utils.NullObjectException: entity is null
2022-02-09 19:14:24.959 [main] INFO  com.kaa.simplebuild.DataProviderJDBCTest - update  MainPartTemplate{id=1644423264942, name='test2' , priceMultiplier=2.2, idMaterial=2}
2022-02-09 19:14:24.992 [main] INFO  com.kaa.simplebuild.DataProviderJDBC - prep25: INSERT INTO ROOFMATERIAL VALUES (?,?,?,?) {1: 1644423264991, 2: 'test', 3: 1.0, 4: 1}
2022-02-09 19:14:24.992 [main] INFO  com.kaa.simplebuild.DataProviderJDBC - conn5: url=jdbc:h2:tcp://localhost/~/test user=ADMIN
2022-02-09 19:14:24.997 [main] DEBUG com.kaa.simplebuild.DataProviderJDBC - [RoofMaterial{id=1644423264991, name='test', price=1.0, durabilityYears=1}]
2022-02-09 19:14:25.004 [main] DEBUG com.kaa.simplebuild.DataProviderJDBC - [RoofMaterial{id=1644423264991, name='test2', price=2.0, durabilityYears=2}]
2022-02-09 19:14:25.005 [main] INFO  com.kaa.simplebuild.DataProviderJDBCTest - update  RoofMaterial{id=1644423264991, name='test2', price=2.0, durabilityYears=2}
2022-02-09 19:14:25.005 [main] DEBUG com.kaa.simplebuild.DataProviderJDBC - [RoofMaterial{id=1644423264991, name='test2', price=2.0, durabilityYears=2}]
2022-02-09 19:14:25.006 [main] DEBUG com.kaa.simplebuild.DataProviderJDBC - [RoofMaterial{id=1644423264991, name='test2', price=2.0, durabilityYears=2}]
2022-02-09 19:14:25.022 [main] INFO  com.kaa.simplebuild.DataProviderJDBCTest - create  BasementMaterial{id=1644423265014, name='test', price=1.0, frostResistance=1, waterproof=1}
2022-02-09 19:14:25.064 [main] ERROR com.kaa.simplebuild.DataProviderJDBC - utils.NullObjectException: entity is null
2022-02-09 19:14:25.064 [main] INFO  com.kaa.simplebuild.DataProviderJDBCTest - delnull
2022-02-09 19:14:25.065 [main] ERROR com.kaa.simplebuild.DataProviderJDBC - utils.NullObjectException: entity is null
2022-02-09 19:14:25.083 [main] INFO  com.kaa.simplebuild.DataProviderJDBCTest - update  BasementTemplate{id=1644423265071, name='test2' , priceMultiplier=2.2, idMaterial=2, cellar=false}
2022-02-09 19:14:25.107 [main] ERROR com.kaa.simplebuild.DataProviderJDBC - utils.NullObjectException: entity is null
2022-02-09 19:14:25.108 [main] DEBUG com.kaa.simplebuild.DataProviderJDBC - prep51:  DELETE FROM BUILDINGTEMPLATE WHERE id= (?) {1: 1644423265099}
2022-02-09 19:14:25.122 [main] DEBUG com.kaa.simplebuild.DataProviderJDBC - prep55:  DELETE FROM MAINPARTMATERIAL WHERE id= (?) {1: 1644423265115}
2022-02-09 19:14:25.123 [main] DEBUG com.kaa.simplebuild.DataProviderJDBC - conn13: url=jdbc:h2:tcp://localhost/~/test user=ADMIN
2022-02-09 19:14:25.137 [main] ERROR com.kaa.simplebuild.DataProviderJDBC - utils.NullObjectException: entity is null
2022-02-09 19:14:25.138 [main] DEBUG com.kaa.simplebuild.DataProviderJDBC - prep58:  DELETE FROM BUILDINGTEMPLATE WHERE id= (?) {1: 1644423265129}
2022-02-09 19:14:25.144 [main] ERROR com.kaa.simplebuild.DataProviderJDBC - utils.NullObjectException: entity is null
2022-02-09 19:14:25.144 [main] INFO  com.kaa.simplebuild.DataProviderJDBCTest - delnull
2022-02-09 19:14:25.145 [main] ERROR com.kaa.simplebuild.DataProviderJDBC - utils.NullObjectException: entity is null
2022-02-09 19:14:25.155 [main] DEBUG com.kaa.simplebuild.DataProviderJDBC - prep63:  DELETE FROM MAINPARTMATERIAL WHERE id= (?) {1: 1644423265148}
2022-02-09 19:14:25.155 [main] DEBUG com.kaa.simplebuild.DataProviderJDBC - conn15: url=jdbc:h2:tcp://localhost/~/test user=ADMIN
2022-02-09 19:14:25.161 [main] ERROR com.kaa.simplebuild.DataProviderJDBC - utils.NullObjectException: entity is null
2022-02-09 19:14:25.161 [main] INFO  com.kaa.simplebuild.DataProviderJDBCTest - delnull
2022-02-09 19:14:25.162 [main] ERROR com.kaa.simplebuild.DataProviderJDBC - utils.NullObjectException: entity is null
2022-02-09 19:14:25.178 [main] INFO  com.kaa.simplebuild.DataProviderJDBCTest - create  RoofTemplate{id=1644423265167, name='test' , priceMultiplier=1.0, idMaterial=1, insulation=true, pipe=true}
2022-02-09 19:14:25.200 [main] INFO  com.kaa.simplebuild.DataProviderJDBCTest - update  BuildingTemplate{id=1644423265186, name='test2' , idRoofTenplate=2, idMainPartTemplate=1, idBasementTemplate=1}
2022-02-09 19:14:25.203 [main] ERROR com.kaa.simplebuild.DataProviderJDBC - utils.NullObjectException: entity is null
2022-02-09 19:14:25.204 [main] DEBUG com.kaa.simplebuild.DataProviderJDBC - prep76:  DELETE FROM BUILDINGTEMPLATE WHERE id= (?) {1: 1644423265186}
2022-02-09 19:14:25.224 [main] INFO  com.kaa.simplebuild.DataProviderJDBCTest - update  MainPartMaterial{id=1644423265211, name='test2', price=2.0, soundTransmission=2.0}
2022-02-09 19:14:25.225 [main] DEBUG com.kaa.simplebuild.DataProviderJDBC - prep83:  DELETE FROM MAINPARTMATERIAL WHERE id= (?) {1: 1644423265211}
2022-02-09 19:14:25.225 [main] DEBUG com.kaa.simplebuild.DataProviderJDBC - conn18: url=jdbc:h2:tcp://localhost/~/test user=ADMIN
2022-02-09 19:14:25.256 [main] ERROR com.kaa.simplebuild.DataProviderJDBC - utils.NullObjectException: entity is null
2022-02-09 19:14:25.256 [main] INFO  com.kaa.simplebuild.DataProviderJDBCTest - delnull
2022-02-09 19:14:25.257 [main] ERROR com.kaa.simplebuild.DataProviderJDBC - utils.NullObjectException: entity is null
2022-02-09 19:14:25.273 [main] INFO  com.kaa.simplebuild.DataProviderJDBCTest - update  BasementMaterial{id=1644423265262, name='test2', price=2.0, frostResistance=2, waterproof=2}
2022-02-09 19:14:25.298 [main] INFO  com.kaa.simplebuild.DataProviderJDBCTest - create  MainPartTemplate{id=1644423265293, name='test' , priceMultiplier=1.0, idMaterial=1}
2022-02-09 19:14:25.315 [main] ERROR com.kaa.simplebuild.DataProviderJDBC - utils.NullObjectException: entity is null
2022-02-09 19:14:25.316 [main] INFO  com.kaa.simplebuild.DataProviderJDBCTest - delnull
2022-02-09 19:14:25.316 [main] ERROR com.kaa.simplebuild.DataProviderJDBC - utils.NullObjectException: entity is null
2022-02-09 19:14:25.352 [main] INFO  com.kaa.simplebuild.DataProviderJDBCTest - update  RoofTemplate{id=1644423265320, name='test2' , priceMultiplier=1.0, idMaterial=1, insulation=true, pipe=true}
2022-02-09 19:14:25.366 [main] INFO  com.kaa.simplebuild.DataProviderJDBCTest - create  BasementTemplate{id=1644423265360, name='test' , priceMultiplier=1.0, idMaterial=1, cellar=false}
2022-02-09 19:14:25.377 [main] INFO  com.kaa.simplebuild.DataProviderJDBC - prep124: INSERT INTO ROOFMATERIAL VALUES (?,?,?,?) {1: 1644423265376, 2: 'test', 3: 1.0, 4: 1}
2022-02-09 19:14:25.377 [main] INFO  com.kaa.simplebuild.DataProviderJDBC - conn30: url=jdbc:h2:tcp://localhost/~/test user=ADMIN
2022-02-09 19:14:25.388 [main] DEBUG com.kaa.simplebuild.DataProviderJDBC - [RoofMaterial{id=1644423265376, name='test', price=1.0, durabilityYears=1}]
2022-02-09 19:14:25.388 [main] INFO  com.kaa.simplebuild.DataProviderJDBCTest - create  RoofMaterial{id=1644423265376, name='test', price=1.0, durabilityYears=1}
2022-02-09 19:14:25.389 [main] DEBUG com.kaa.simplebuild.DataProviderJDBC - [RoofMaterial{id=1644423265376, name='test', price=1.0, durabilityYears=1}]
2022-02-09 19:14:25.417 [main] INFO  com.kaa.simplebuild.DataProviderJDBC - prep132: INSERT INTO ROOFMATERIAL VALUES (?,?,?,?) {1: 1644423265417, 2: 'test', 3: 1.0, 4: 1}
2022-02-09 19:14:25.418 [main] INFO  com.kaa.simplebuild.DataProviderJDBC - conn33: url=jdbc:h2:tcp://localhost/~/test user=ADMIN
2022-02-09 19:14:25.424 [main] DEBUG com.kaa.simplebuild.DataProviderJDBC - [RoofMaterial{id=1644423265417, name='test', price=1.0, durabilityYears=1}]
2022-02-09 19:14:25.425 [main] DEBUG com.kaa.simplebuild.DataProviderJDBC - [RoofMaterial{id=1644423265417, name='test', price=1.0, durabilityYears=1}]
2022-02-09 19:14:25.437 [main] INFO  com.kaa.simplebuild.DataProviderJDBCTest - create  BuildingTemplate{id=1644423265432, name='test' , idRoofTenplate=2, idMainPartTemplate=1, idBasementTemplate=1}
2022-02-09 19:14:25.438 [main] ERROR com.kaa.simplebuild.DataProviderJDBC - utils.NullObjectException: entity is null
2022-02-09 19:14:25.439 [main] DEBUG com.kaa.simplebuild.DataProviderJDBC - prep139:  DELETE FROM BUILDINGTEMPLATE WHERE id= (?) {1: 1644423265432}
2022-02-09 19:14:25.547 [main] INFO  com.kaa.simplebuild.DataProviderXMLTest - create  MainPartMaterial{id=1644423265446, name='test', price=1.0, soundTransmission=1.0}
2022-02-09 19:14:25.580 [main] INFO  com.kaa.simplebuild.DataProviderXMLTest - delnull
2022-02-09 19:14:25.601 [main] INFO  com.kaa.simplebuild.DataProviderXMLTest - delnull
2022-02-09 19:14:25.628 [main] INFO  com.kaa.simplebuild.DataProviderXMLTest - update  MainPartTemplate{id=1644423265602, name='test2' , priceMultiplier=2.2, idMaterial=2}
2022-02-09 19:14:25.686 [main] INFO  com.kaa.simplebuild.DataProviderXMLTest - update  RoofMaterial{id=1644423265656, name='test2', price=2.0, durabilityYears=2}
2022-02-09 19:14:25.704 [main] INFO  com.kaa.simplebuild.DataProviderXMLTest - create  BasementMaterial{id=1644423265695, name='test', price=1.0, frostResistance=1, waterproof=1}
2022-02-09 19:14:25.726 [main] INFO  com.kaa.simplebuild.DataProviderXMLTest - delnull
2022-02-09 19:14:25.756 [main] INFO  com.kaa.simplebuild.DataProviderXMLTest - update  BasementTemplate{id=1644423265727, name='test2' , priceMultiplier=2.2, idMaterial=2, cellar=false}
2022-02-09 19:14:25.765 [main] ERROR com.kaa.simplebuild.DataProviderXml - utils.NullObjectException: bean not found
2022-02-09 19:14:25.799 [main] ERROR com.kaa.simplebuild.DataProviderXml - utils.NullObjectException: bean not found
2022-02-09 19:14:25.813 [main] ERROR com.kaa.simplebuild.DataProviderXml - utils.NullObjectException: bean not found
2022-02-09 19:14:25.813 [main] INFO  com.kaa.simplebuild.DataProviderXMLTest - delnull
2022-02-09 19:14:25.814 [main] ERROR com.kaa.simplebuild.DataProviderXml - utils.NullObjectException: bean not found
2022-02-09 19:14:25.829 [main] INFO  com.kaa.simplebuild.DataProviderXMLTest - delnull
2022-02-09 19:14:25.840 [main] INFO  com.kaa.simplebuild.DataProviderXMLTest - create  RoofTemplate{id=1644423265830, name='test' , priceMultiplier=1.0, idMaterial=1, insulation=true, pipe=true}
2022-02-09 19:14:25.848 [main] ERROR com.kaa.simplebuild.DataProviderXml - utils.NullObjectException: bean not found
2022-02-09 19:14:25.864 [main] ERROR com.kaa.simplebuild.DataProviderXml - utils.NullObjectException: bean not found
2022-02-09 19:14:25.871 [main] INFO  com.kaa.simplebuild.DataProviderXMLTest - update  BuildingTemplate{id=1644423265847, name='test2' , idRoofTenplate=2, idMainPartTemplate=1, idBasementTemplate=1}
2022-02-09 19:14:25.901 [main] INFO  com.kaa.simplebuild.DataProviderXMLTest - update  MainPartMaterial{id=1644423265879, name='test2', price=2.0, soundTransmission=2.0}
2022-02-09 19:14:25.935 [main] INFO  com.kaa.simplebuild.DataProviderXMLTest - delnull
2022-02-09 19:14:25.957 [main] INFO  com.kaa.simplebuild.DataProviderXMLTest - update  BasementMaterial{id=1644423265936, name='test2', price=2.0, frostResistance=2, waterproof=2}
2022-02-09 19:14:25.991 [main] INFO  com.kaa.simplebuild.DataProviderXMLTest - create  MainPartTemplate{id=1644423265978, name='test' , priceMultiplier=1.0, idMaterial=1}
2022-02-09 19:14:26.023 [main] INFO  com.kaa.simplebuild.DataProviderXMLTest - delnull
2022-02-09 19:14:26.049 [main] INFO  com.kaa.simplebuild.DataProviderXMLTest - update  RoofTemplate{id=1644423266025, name='test2' , priceMultiplier=1.0, idMaterial=1, insulation=true, pipe=true}
2022-02-09 19:14:26.066 [main] INFO  com.kaa.simplebuild.DataProviderXMLTest - create  BasementTemplate{id=1644423266059, name='test' , priceMultiplier=1.0, idMaterial=1, cellar=false}
2022-02-09 19:14:26.080 [main] INFO  com.kaa.simplebuild.DataProviderXMLTest - create  RoofMaterial{id=1644423266072, name='test', price=1.0, durabilityYears=1}
2022-02-09 19:14:26.143 [main] ERROR com.kaa.simplebuild.DataProviderXml - utils.NullObjectException: bean not found
2022-02-09 19:14:26.151 [main] INFO  com.kaa.simplebuild.DataProviderXMLTest - create  BuildingTemplate{id=1644423266141, name='test' , idRoofTenplate=2, idMainPartTemplate=1, idBasementTemplate=1}
2022-02-09 22:26:18.327 [main] DEBUG history.NewMain - NewMain()[0]: starting application.........
2022-02-09 22:27:27.094 [main] DEBUG history.NewMain - NewMain()[0]: starting application.........
2022-02-09 22:27:27.318 [main] ERROR com.kaa.simplebuild.DataProviderCsv - utils.NullObjectException: entity is null
2022-02-09 22:28:09.107 [main] DEBUG history.NewMain - NewMain()[0]: starting application.........
2022-02-09 22:28:09.231 [main] ERROR com.kaa.simplebuild.DataProviderCsv - utils.NullObjectException: entity is null
2022-02-09 22:28:09.231 [main] INFO  history.NewMain - null
2022-02-09 22:28:36.681 [main] DEBUG history.NewMain - NewMain()[0]: starting application.........
2022-02-09 22:28:36.826 [main] INFO  history.NewMain - BuildingTemplate{id=123, name='a' , idRoofTenplate=13, idMainPartTemplate=23, idBasementTemplate=1}
2022-02-09 22:28:52.504 [main] DEBUG history.NewMain - NewMain()[0]: starting application.........
2022-02-09 22:28:52.611 [main] INFO  history.NewMain - BuildingTemplate{id=123, name='a' , idRoofTenplate=13, idMainPartTemplate=23, idBasementTemplate=1}
2022-02-09 22:28:52.630 [main] INFO  history.NewMain - RoofTemplate{id=13, name='asdas' , priceMultiplier=22.0, idMaterial=14, insulation=false, pipe=false}
2022-02-09 23:42:54.708 [main] INFO  com.kaa.simplebuild.DataProviderCsv - src/main/resources/csv/MainPartMaterial.csv
2022-02-09 23:42:54.734 [main] INFO  com.kaa.simplebuild.DataProviderCsv - src/main/resources/csv/MainPartMaterial.csv
2022-02-09 23:42:54.748 [main] INFO  com.kaa.simplebuild.DataProviderCsv - utils.NullObjectException:  MainPartMaterial entity is null
2022-02-09 23:42:54.748 [main] INFO  com.kaa.simplebuild.DataProviderCsv - Entity with the same id was not found.
Entity creation operation in progress
2022-02-09 23:42:55.161 [main] INFO  com.kaa.simplebuild.DataProviderCSVTest - create  MainPartMaterial{id=1644439374707, name='test', price=1.0, soundTransmission=1.0}
2022-02-09 23:42:55.183 [main] INFO  com.kaa.simplebuild.DataProviderCsv - src/main/resources/csv/RoofMaterial.csv
2022-02-09 23:42:55.196 [main] INFO  com.kaa.simplebuild.DataProviderCsv - src/main/resources/csv/RoofMaterial.csv
2022-02-09 23:42:55.237 [main] INFO  com.kaa.simplebuild.DataProviderCsv - utils.NullObjectException:  RoofMaterial entity is null
2022-02-09 23:42:55.237 [main] INFO  com.kaa.simplebuild.DataProviderCsv - Entity with the same id was not found.
Entity creation operation in progress
2022-02-09 23:42:55.300 [main] INFO  com.kaa.simplebuild.DataProviderCsv - utils.NullObjectException:  RoofMaterial entity is null
2022-02-09 23:42:55.300 [main] INFO  com.kaa.simplebuild.DataProviderCSVTest - delnull
2022-02-09 23:42:55.310 [main] INFO  com.kaa.simplebuild.DataProviderCsv - utils.NullObjectException:  RoofMaterial entity is null
2022-02-09 23:42:55.311 [main] INFO  com.kaa.simplebuild.DataProviderCsv - src/main/resources/csv/MainPartTemplate.csv
2022-02-09 23:42:55.338 [main] INFO  com.kaa.simplebuild.DataProviderCsv - src/main/resources/csv/MainPartTemplate.csv
2022-02-09 23:42:55.366 [main] INFO  com.kaa.simplebuild.DataProviderCsv - utils.NullObjectException: MainPartTemplate entity is null
2022-02-09 23:42:55.366 [main] INFO  com.kaa.simplebuild.DataProviderCsv - Entity with the same id was not found.
Entity creation operation in progress
2022-02-09 23:42:55.607 [main] INFO  com.kaa.simplebuild.DataProviderCsv - utils.NullObjectException: MainPartTemplate entity is null
2022-02-09 23:42:55.608 [main] INFO  com.kaa.simplebuild.DataProviderCSVTest - del null
2022-02-09 23:42:55.676 [main] INFO  com.kaa.simplebuild.DataProviderCsv - utils.NullObjectException: MainPartTemplate entity is null
2022-02-09 23:42:55.677 [main] INFO  com.kaa.simplebuild.DataProviderCsv - src/main/resources/csv/MainPartTemplate.csv
2022-02-09 23:42:55.685 [main] INFO  com.kaa.simplebuild.DataProviderCsv - src/main/resources/csv/MainPartTemplate.csv
2022-02-09 23:42:55.695 [main] INFO  com.kaa.simplebuild.DataProviderCsv - utils.NullObjectException: MainPartTemplate entity is null
2022-02-09 23:42:55.695 [main] INFO  com.kaa.simplebuild.DataProviderCsv - Entity with the same id was not found.
Entity creation operation in progress
2022-02-09 23:42:55.725 [main] INFO  com.kaa.simplebuild.DataProviderCsv - src/main/resources/csv/MainPartTemplate.csv
2022-02-09 23:42:55.729 [main] INFO  com.kaa.simplebuild.DataProviderCsv - src/main/resources/csv/MainPartTemplate.csv
2022-02-09 23:42:55.736 [main] INFO  com.kaa.simplebuild.DataProviderCsv - utils.NullObjectException: MainPartTemplate entity is null
2022-02-09 23:42:55.736 [main] INFO  com.kaa.simplebuild.DataProviderCsv - Entity with the same id was not found.
Entity creation operation in progress
2022-02-09 23:42:55.752 [main] INFO  com.kaa.simplebuild.DataProviderCSVTest - update  MainPartTemplate{id=1644439375677, name='test2' , priceMultiplier=2.2, idMaterial=2}
2022-02-09 23:42:55.769 [main] INFO  com.kaa.simplebuild.DataProviderCsv - src/main/resources/csv/BasementTemplate.csv
2022-02-09 23:42:55.779 [main] INFO  com.kaa.simplebuild.DataProviderCsv - src/main/resources/csv/BasementTemplate.csv
2022-02-09 23:42:55.786 [main] INFO  com.kaa.simplebuild.DataProviderCsv - utils.NullObjectException: BasementTemplate entity is null
2022-02-09 23:42:55.786 [main] INFO  com.kaa.simplebuild.DataProviderCsv - Entity with the same id was not found.
Entity creation operation in progress
2022-02-09 23:42:55.852 [main] INFO  com.kaa.simplebuild.DataProviderCsv - src/main/resources/csv/RoofMaterial.csv
2022-02-09 23:42:55.857 [main] INFO  com.kaa.simplebuild.DataProviderCsv - src/main/resources/csv/RoofMaterial.csv
2022-02-09 23:42:55.874 [main] INFO  com.kaa.simplebuild.DataProviderCsv - utils.NullObjectException:  RoofMaterial entity is null
2022-02-09 23:42:55.875 [main] INFO  com.kaa.simplebuild.DataProviderCsv - Entity with the same id was not found.
Entity creation operation in progress
2022-02-09 23:42:55.915 [main] INFO  com.kaa.simplebuild.DataProviderCsv - src/main/resources/csv/RoofMaterial.csv
2022-02-09 23:42:55.927 [main] INFO  com.kaa.simplebuild.DataProviderCsv - src/main/resources/csv/RoofMaterial.csv
2022-02-09 23:42:55.938 [main] INFO  com.kaa.simplebuild.DataProviderCsv - utils.NullObjectException:  RoofMaterial entity is null
2022-02-09 23:42:55.938 [main] INFO  com.kaa.simplebuild.DataProviderCsv - Entity with the same id was not found.
Entity creation operation in progress
2022-02-09 23:42:55.965 [main] INFO  com.kaa.simplebuild.DataProviderCSVTest - update  RoofMaterial{id=1644439375852, name='test2', price=2.0, durabilityYears=2}
2022-02-09 23:42:55.984 [main] INFO  com.kaa.simplebuild.DataProviderCsv - src/main/resources/csv/BasementMaterial.csv
2022-02-09 23:42:55.991 [main] INFO  com.kaa.simplebuild.DataProviderCsv - src/main/resources/csv/BasementMaterial.csv
2022-02-09 23:42:55.999 [main] INFO  com.kaa.simplebuild.DataProviderCsv - utils.NullObjectException: BasementMaterial entity is null
2022-02-09 23:42:56.000 [main] INFO  com.kaa.simplebuild.DataProviderCsv - Entity with the same id was not found.
Entity creation operation in progress
2022-02-09 23:42:56.012 [main] INFO  com.kaa.simplebuild.DataProviderCSVTest - create  BasementMaterial{id=1644439375984, name='test', price=1.0, frostResistance=1, waterproof=1}
2022-02-09 23:42:56.026 [main] INFO  com.kaa.simplebuild.DataProviderCsv - src/main/resources/csv/BasementTemplate.csv
2022-02-09 23:42:56.030 [main] INFO  com.kaa.simplebuild.DataProviderCsv - src/main/resources/csv/BasementTemplate.csv
2022-02-09 23:42:56.037 [main] INFO  com.kaa.simplebuild.DataProviderCsv - utils.NullObjectException: BasementTemplate entity is null
2022-02-09 23:42:56.037 [main] INFO  com.kaa.simplebuild.DataProviderCsv - Entity with the same id was not found.
Entity creation operation in progress
2022-02-09 23:42:56.078 [main] INFO  com.kaa.simplebuild.DataProviderCsv - utils.NullObjectException: BasementTemplate entity is null
2022-02-09 23:42:56.078 [main] INFO  com.kaa.simplebuild.DataProviderCSVTest - delnull
2022-02-09 23:42:56.084 [main] INFO  com.kaa.simplebuild.DataProviderCsv - utils.NullObjectException: BasementTemplate entity is null
2022-02-09 23:42:56.085 [main] INFO  com.kaa.simplebuild.DataProviderCsv - src/main/resources/csv/BasementTemplate.csv
2022-02-09 23:42:56.089 [main] INFO  com.kaa.simplebuild.DataProviderCsv - src/main/resources/csv/BasementTemplate.csv
2022-02-09 23:42:56.095 [main] INFO  com.kaa.simplebuild.DataProviderCsv - utils.NullObjectException: BasementTemplate entity is null
2022-02-09 23:42:56.095 [main] INFO  com.kaa.simplebuild.DataProviderCsv - Entity with the same id was not found.
Entity creation operation in progress
2022-02-09 23:42:56.123 [main] INFO  com.kaa.simplebuild.DataProviderCsv - src/main/resources/csv/BasementTemplate.csv
2022-02-09 23:42:56.126 [main] INFO  com.kaa.simplebuild.DataProviderCsv - src/main/resources/csv/BasementTemplate.csv
2022-02-09 23:42:56.131 [main] INFO  com.kaa.simplebuild.DataProviderCsv - utils.NullObjectException: BasementTemplate entity is null
2022-02-09 23:42:56.131 [main] INFO  com.kaa.simplebuild.DataProviderCsv - Entity with the same id was not found.
Entity creation operation in progress
2022-02-09 23:42:56.142 [main] INFO  com.kaa.simplebuild.DataProviderCSVTest - update  BasementTemplate{id=1644439376085, name='test2' , priceMultiplier=2.2, idMaterial=2, cellar=false}
2022-02-09 23:42:56.157 [main] INFO  com.kaa.simplebuild.DataProviderCsv - src/main/resources/csv/BuildingTemplate.csv
2022-02-09 23:42:56.162 [main] INFO  com.kaa.simplebuild.DataProviderCsv - src/main/resources/csv/BuildingTemplate.csv
2022-02-09 23:42:56.168 [main] INFO  com.kaa.simplebuild.DataProviderCsv - utils.NullObjectException: BuildingTemplate entity is null
2022-02-09 23:42:56.168 [main] INFO  com.kaa.simplebuild.DataProviderCsv - Entity with the same id was not found.
Entity creation operation in progress
2022-02-09 23:42:56.194 [main] INFO  com.kaa.simplebuild.DataProviderCsv - src/main/resources/csv/MainPartMaterial.csv
2022-02-09 23:42:56.201 [main] INFO  com.kaa.simplebuild.DataProviderCsv - src/main/resources/csv/MainPartMaterial.csv
2022-02-09 23:42:56.208 [main] INFO  com.kaa.simplebuild.DataProviderCsv - utils.NullObjectException:  MainPartMaterial entity is null
2022-02-09 23:42:56.209 [main] INFO  com.kaa.simplebuild.DataProviderCsv - Entity with the same id was not found.
Entity creation operation in progress
2022-02-09 23:42:56.229 [main] INFO  com.kaa.simplebuild.DataProviderCsv - src/main/resources/csv/BuildingTemplate.csv
2022-02-09 23:42:56.231 [main] INFO  com.kaa.simplebuild.DataProviderCsv - src/main/resources/csv/BuildingTemplate.csv
2022-02-09 23:42:56.238 [main] INFO  com.kaa.simplebuild.DataProviderCsv - utils.NullObjectException: BuildingTemplate entity is null
2022-02-09 23:42:56.239 [main] INFO  com.kaa.simplebuild.DataProviderCsv - Entity with the same id was not found.
Entity creation operation in progress
2022-02-09 23:42:56.265 [main] INFO  com.kaa.simplebuild.DataProviderCsv - utils.NullObjectException: BuildingTemplate entity is null
2022-02-09 23:42:56.266 [main] INFO  com.kaa.simplebuild.DataProviderCSVTest - delnull
2022-02-09 23:42:56.269 [main] INFO  com.kaa.simplebuild.DataProviderCsv - utils.NullObjectException: BuildingTemplate entity is null
2022-02-09 23:42:56.269 [main] INFO  com.kaa.simplebuild.DataProviderCsv - src/main/resources/csv/MainPartMaterial.csv
2022-02-09 23:42:56.272 [main] INFO  com.kaa.simplebuild.DataProviderCsv - src/main/resources/csv/MainPartMaterial.csv
2022-02-09 23:42:56.276 [main] INFO  com.kaa.simplebuild.DataProviderCsv - utils.NullObjectException:  MainPartMaterial entity is null
2022-02-09 23:42:56.277 [main] INFO  com.kaa.simplebuild.DataProviderCsv - Entity with the same id was not found.
Entity creation operation in progress
2022-02-09 23:42:56.302 [main] INFO  com.kaa.simplebuild.DataProviderCsv - utils.NullObjectException:  MainPartMaterial entity is null
2022-02-09 23:42:56.303 [main] INFO  com.kaa.simplebuild.DataProviderCSVTest - delnull
2022-02-09 23:42:56.305 [main] INFO  com.kaa.simplebuild.DataProviderCsv - utils.NullObjectException:  MainPartMaterial entity is null
2022-02-09 23:42:56.305 [main] INFO  com.kaa.simplebuild.DataProviderCsv - src/main/resources/csv/RoofTemplate.csv
2022-02-09 23:42:56.308 [main] INFO  com.kaa.simplebuild.DataProviderCsv - src/main/resources/csv/RoofTemplate.csv
2022-02-09 23:42:56.314 [main] INFO  com.kaa.simplebuild.DataProviderCsv - utils.NullObjectException: RoofTemplate entity is null
2022-02-09 23:42:56.315 [main] INFO  com.kaa.simplebuild.DataProviderCsv - Entity with the same id was not found.
Entity creation operation in progress
2022-02-09 23:42:56.330 [main] INFO  com.kaa.simplebuild.DataProviderCSVTest - create  RoofTemplate{id=1644439376305, name='test' , priceMultiplier=1.0, idMaterial=1, insulation=true, pipe=true}
2022-02-09 23:42:56.343 [main] INFO  com.kaa.simplebuild.DataProviderCsv - src/main/resources/csv/BuildingTemplate.csv
2022-02-09 23:42:56.346 [main] INFO  com.kaa.simplebuild.DataProviderCsv - src/main/resources/csv/BuildingTemplate.csv
2022-02-09 23:42:56.351 [main] INFO  com.kaa.simplebuild.DataProviderCsv - utils.NullObjectException: BuildingTemplate entity is null
2022-02-09 23:42:56.351 [main] INFO  com.kaa.simplebuild.DataProviderCsv - Entity with the same id was not found.
Entity creation operation in progress
2022-02-09 23:42:56.376 [main] INFO  com.kaa.simplebuild.DataProviderCsv - src/main/resources/csv/BuildingTemplate.csv
2022-02-09 23:42:56.379 [main] INFO  com.kaa.simplebuild.DataProviderCsv - src/main/resources/csv/BuildingTemplate.csv
2022-02-09 23:42:56.383 [main] INFO  com.kaa.simplebuild.DataProviderCsv - utils.NullObjectException: BuildingTemplate entity is null
2022-02-09 23:42:56.384 [main] INFO  com.kaa.simplebuild.DataProviderCsv - Entity with the same id was not found.
Entity creation operation in progress
2022-02-09 23:42:56.396 [main] INFO  com.kaa.simplebuild.DataProviderCSVTest - update  BuildingTemplate{id=1644439376343, name='test2' , idRoofTenplate=2, idMainPartTemplate=1, idBasementTemplate=1}
2022-02-09 23:42:56.413 [main] INFO  com.kaa.simplebuild.DataProviderCsv - src/main/resources/csv/MainPartMaterial.csv
2022-02-09 23:42:56.419 [main] INFO  com.kaa.simplebuild.DataProviderCsv - src/main/resources/csv/MainPartMaterial.csv
2022-02-09 23:42:56.427 [main] INFO  com.kaa.simplebuild.DataProviderCsv - utils.NullObjectException:  MainPartMaterial entity is null
2022-02-09 23:42:56.428 [main] INFO  com.kaa.simplebuild.DataProviderCsv - Entity with the same id was not found.
Entity creation operation in progress
2022-02-09 23:42:56.448 [main] INFO  com.kaa.simplebuild.DataProviderCsv - src/main/resources/csv/MainPartMaterial.csv
2022-02-09 23:42:56.450 [main] INFO  com.kaa.simplebuild.DataProviderCsv - src/main/resources/csv/MainPartMaterial.csv
2022-02-09 23:42:56.454 [main] INFO  com.kaa.simplebuild.DataProviderCsv - utils.NullObjectException:  MainPartMaterial entity is null
2022-02-09 23:42:56.455 [main] INFO  com.kaa.simplebuild.DataProviderCsv - Entity with the same id was not found.
Entity creation operation in progress
2022-02-09 23:42:56.464 [main] INFO  com.kaa.simplebuild.DataProviderCSVTest - update  MainPartMaterial{id=1644439376413, name='test2', price=2.0, soundTransmission=2.0}
2022-02-09 23:42:56.476 [main] INFO  com.kaa.simplebuild.DataProviderCsv - src/main/resources/csv/BasementMaterial.csv
2022-02-09 23:42:56.479 [main] INFO  com.kaa.simplebuild.DataProviderCsv - src/main/resources/csv/BasementMaterial.csv
2022-02-09 23:42:56.484 [main] INFO  com.kaa.simplebuild.DataProviderCsv - utils.NullObjectException: BasementMaterial entity is null
2022-02-09 23:42:56.484 [main] INFO  com.kaa.simplebuild.DataProviderCsv - Entity with the same id was not found.
Entity creation operation in progress
2022-02-09 23:42:56.520 [main] INFO  com.kaa.simplebuild.DataProviderCsv - src/main/resources/csv/BasementMaterial.csv
2022-02-09 23:42:56.570 [main] INFO  com.kaa.simplebuild.DataProviderCsv - src/main/resources/csv/BasementMaterial.csv
2022-02-09 23:42:56.630 [main] INFO  com.kaa.simplebuild.DataProviderCsv - utils.NullObjectException: BasementMaterial entity is null
2022-02-09 23:42:56.630 [main] INFO  com.kaa.simplebuild.DataProviderCsv - Entity with the same id was not found.
Entity creation operation in progress
2022-02-09 23:42:56.689 [main] INFO  com.kaa.simplebuild.DataProviderCsv - utils.NullObjectException: BasementMaterial entity is null
2022-02-09 23:42:56.689 [main] INFO  com.kaa.simplebuild.DataProviderCSVTest - delnull
2022-02-09 23:42:56.699 [main] INFO  com.kaa.simplebuild.DataProviderCsv - utils.NullObjectException: BasementMaterial entity is null
2022-02-09 23:42:56.700 [main] INFO  com.kaa.simplebuild.DataProviderCsv - src/main/resources/csv/BasementMaterial.csv
2022-02-09 23:42:56.706 [main] INFO  com.kaa.simplebuild.DataProviderCsv - src/main/resources/csv/BasementMaterial.csv
2022-02-09 23:42:56.715 [main] INFO  com.kaa.simplebuild.DataProviderCsv - utils.NullObjectException: BasementMaterial entity is null
2022-02-09 23:42:56.716 [main] INFO  com.kaa.simplebuild.DataProviderCsv - Entity with the same id was not found.
Entity creation operation in progress
2022-02-09 23:42:56.756 [main] INFO  com.kaa.simplebuild.DataProviderCsv - src/main/resources/csv/BasementMaterial.csv
2022-02-09 23:42:56.759 [main] INFO  com.kaa.simplebuild.DataProviderCsv - src/main/resources/csv/BasementMaterial.csv
2022-02-09 23:42:56.765 [main] INFO  com.kaa.simplebuild.DataProviderCsv - utils.NullObjectException: BasementMaterial entity is null
2022-02-09 23:42:56.765 [main] INFO  com.kaa.simplebuild.DataProviderCsv - Entity with the same id was not found.
Entity creation operation in progress
2022-02-09 23:42:56.776 [main] INFO  com.kaa.simplebuild.DataProviderCSVTest - update  BasementMaterial{id=1644439376700, name='test2', price=2.0, frostResistance=2, waterproof=2}
2022-02-09 23:42:56.790 [main] INFO  com.kaa.simplebuild.DataProviderCsv - src/main/resources/csv/RoofTemplate.csv
2022-02-09 23:42:56.792 [main] INFO  com.kaa.simplebuild.DataProviderCsv - src/main/resources/csv/RoofTemplate.csv
2022-02-09 23:42:56.798 [main] INFO  com.kaa.simplebuild.DataProviderCsv - utils.NullObjectException: RoofTemplate entity is null
2022-02-09 23:42:56.799 [main] INFO  com.kaa.simplebuild.DataProviderCsv - Entity with the same id was not found.
Entity creation operation in progress
2022-02-09 23:42:56.847 [main] INFO  com.kaa.simplebuild.DataProviderCsv - src/main/resources/csv/MainPartTemplate.csv
2022-02-09 23:42:56.850 [main] INFO  com.kaa.simplebuild.DataProviderCsv - src/main/resources/csv/MainPartTemplate.csv
2022-02-09 23:42:56.857 [main] INFO  com.kaa.simplebuild.DataProviderCsv - utils.NullObjectException: MainPartTemplate entity is null
2022-02-09 23:42:56.858 [main] INFO  com.kaa.simplebuild.DataProviderCsv - Entity with the same id was not found.
Entity creation operation in progress
2022-02-09 23:42:56.874 [main] INFO  com.kaa.simplebuild.DataProviderCSVTest - create  MainPartTemplate{id=1644439376847, name='test' , priceMultiplier=1.0, idMaterial=1}
2022-02-09 23:42:56.885 [main] INFO  com.kaa.simplebuild.DataProviderCsv - src/main/resources/csv/RoofTemplate.csv
2022-02-09 23:42:56.889 [main] INFO  com.kaa.simplebuild.DataProviderCsv - src/main/resources/csv/RoofTemplate.csv
2022-02-09 23:42:56.895 [main] INFO  com.kaa.simplebuild.DataProviderCsv - utils.NullObjectException: RoofTemplate entity is null
2022-02-09 23:42:56.896 [main] INFO  com.kaa.simplebuild.DataProviderCsv - Entity with the same id was not found.
Entity creation operation in progress
2022-02-09 23:42:56.922 [main] INFO  com.kaa.simplebuild.DataProviderCsv - utils.NullObjectException: RoofTemplate entity is null
2022-02-09 23:42:56.923 [main] INFO  com.kaa.simplebuild.DataProviderCSVTest - delnull
2022-02-09 23:42:56.926 [main] INFO  com.kaa.simplebuild.DataProviderCsv - utils.NullObjectException: RoofTemplate entity is null
2022-02-09 23:42:56.926 [main] INFO  com.kaa.simplebuild.DataProviderCsv - src/main/resources/csv/RoofTemplate.csv
2022-02-09 23:42:56.929 [main] INFO  com.kaa.simplebuild.DataProviderCsv - src/main/resources/csv/RoofTemplate.csv
2022-02-09 23:42:56.935 [main] INFO  com.kaa.simplebuild.DataProviderCsv - utils.NullObjectException: RoofTemplate entity is null
2022-02-09 23:42:56.935 [main] INFO  com.kaa.simplebuild.DataProviderCsv - Entity with the same id was not found.
Entity creation operation in progress
2022-02-09 23:42:56.957 [main] INFO  com.kaa.simplebuild.DataProviderCsv - src/main/resources/csv/RoofTemplate.csv
2022-02-09 23:42:56.960 [main] INFO  com.kaa.simplebuild.DataProviderCsv - src/main/resources/csv/RoofTemplate.csv
2022-02-09 23:42:56.968 [main] INFO  com.kaa.simplebuild.DataProviderCsv - utils.NullObjectException: RoofTemplate entity is null
2022-02-09 23:42:56.968 [main] INFO  com.kaa.simplebuild.DataProviderCsv - Entity with the same id was not found.
Entity creation operation in progress
2022-02-09 23:42:56.981 [main] INFO  com.kaa.simplebuild.DataProviderCSVTest - update  RoofTemplate{id=1644439376926, name='test2' , priceMultiplier=1.0, idMaterial=1, insulation=true, pipe=true}
2022-02-09 23:42:56.994 [main] INFO  com.kaa.simplebuild.DataProviderCsv - src/main/resources/csv/BasementTemplate.csv
2022-02-09 23:42:56.996 [main] INFO  com.kaa.simplebuild.DataProviderCsv - src/main/resources/csv/BasementTemplate.csv
2022-02-09 23:42:57.002 [main] INFO  com.kaa.simplebuild.DataProviderCsv - utils.NullObjectException: BasementTemplate entity is null
2022-02-09 23:42:57.003 [main] INFO  com.kaa.simplebuild.DataProviderCsv - Entity with the same id was not found.
Entity creation operation in progress
2022-02-09 23:42:57.020 [main] INFO  com.kaa.simplebuild.DataProviderCSVTest - create  BasementTemplate{id=1644439376994, name='test' , priceMultiplier=1.0, idMaterial=1, cellar=false}
2022-02-09 23:42:57.031 [main] INFO  com.kaa.simplebuild.DataProviderCsv - src/main/resources/csv/RoofMaterial.csv
2022-02-09 23:42:57.034 [main] INFO  com.kaa.simplebuild.DataProviderCsv - src/main/resources/csv/RoofMaterial.csv
2022-02-09 23:42:57.048 [main] INFO  com.kaa.simplebuild.DataProviderCsv - utils.NullObjectException:  RoofMaterial entity is null
2022-02-09 23:42:57.048 [main] INFO  com.kaa.simplebuild.DataProviderCsv - Entity with the same id was not found.
Entity creation operation in progress
2022-02-09 23:42:57.057 [main] INFO  com.kaa.simplebuild.DataProviderCSVTest - create  RoofMaterial{id=1644439377031, name='test', price=1.0, durabilityYears=1}
2022-02-09 23:42:57.070 [main] INFO  com.kaa.simplebuild.DataProviderCsv - src/main/resources/csv/MainPartTemplate.csv
2022-02-09 23:42:57.074 [main] INFO  com.kaa.simplebuild.DataProviderCsv - src/main/resources/csv/MainPartTemplate.csv
2022-02-09 23:42:57.089 [main] INFO  com.kaa.simplebuild.DataProviderCsv - utils.NullObjectException: MainPartTemplate entity is null
2022-02-09 23:42:57.089 [main] INFO  com.kaa.simplebuild.DataProviderCsv - Entity with the same id was not found.
Entity creation operation in progress
2022-02-09 23:42:57.134 [main] INFO  com.kaa.simplebuild.DataProviderCsv - src/main/resources/csv/RoofMaterial.csv
2022-02-09 23:42:57.136 [main] INFO  com.kaa.simplebuild.DataProviderCsv - src/main/resources/csv/RoofMaterial.csv
2022-02-09 23:42:57.142 [main] INFO  com.kaa.simplebuild.DataProviderCsv - utils.NullObjectException:  RoofMaterial entity is null
2022-02-09 23:42:57.142 [main] INFO  com.kaa.simplebuild.DataProviderCsv - Entity with the same id was not found.
Entity creation operation in progress
2022-02-09 23:42:57.167 [main] INFO  com.kaa.simplebuild.DataProviderCsv - src/main/resources/csv/BuildingTemplate.csv
2022-02-09 23:42:57.177 [main] INFO  com.kaa.simplebuild.DataProviderCsv - src/main/resources/csv/BuildingTemplate.csv
2022-02-09 23:42:57.183 [main] INFO  com.kaa.simplebuild.DataProviderCsv - utils.NullObjectException: BuildingTemplate entity is null
2022-02-09 23:42:57.183 [main] INFO  com.kaa.simplebuild.DataProviderCsv - Entity with the same id was not found.
Entity creation operation in progress
2022-02-09 23:42:57.193 [main] INFO  com.kaa.simplebuild.DataProviderCSVTest - create  BuildingTemplate{id=1644439377167, name='test' , idRoofTenplate=2, idMainPartTemplate=1, idBasementTemplate=1}
2022-02-09 23:42:57.243 [main] INFO  com.kaa.simplebuild.DataProviderJDBCTest - create  MainPartMaterial{id=1644439377229, name='test', price=1.0, soundTransmission=1.0}
2022-02-09 23:42:57.245 [main] DEBUG com.kaa.simplebuild.DataProviderJDBC - prep3:  DELETE FROM MAINPARTMATERIAL WHERE id= (?) {1: 1644439377229}
2022-02-09 23:42:57.245 [main] DEBUG com.kaa.simplebuild.DataProviderJDBC - conn0: url=jdbc:h2:tcp://localhost/~/test user=ADMIN
2022-02-09 23:42:57.254 [main] INFO  com.kaa.simplebuild.DataProviderJDBC - prep4: INSERT INTO ROOFMATERIAL VALUES (?,?,?,?) {1: 1644439377253, 2: 'test', 3: 1.0, 4: 1}
2022-02-09 23:42:57.254 [main] INFO  com.kaa.simplebuild.DataProviderJDBC - conn1: url=jdbc:h2:tcp://localhost/~/test user=ADMIN
2022-02-09 23:42:57.261 [main] DEBUG com.kaa.simplebuild.DataProviderJDBC - [RoofMaterial{id=1644439377253, name='test', price=1.0, durabilityYears=1}]
2022-02-09 23:42:57.278 [main] DEBUG com.kaa.simplebuild.DataProviderJDBC - []
2022-02-09 23:42:57.279 [main] ERROR com.kaa.simplebuild.DataProviderJDBC - utils.NullObjectException: entity is null
2022-02-09 23:42:57.279 [main] INFO  com.kaa.simplebuild.DataProviderJDBCTest - delnull
2022-02-09 23:42:57.279 [main] DEBUG com.kaa.simplebuild.DataProviderJDBC - []
2022-02-09 23:42:57.279 [main] ERROR com.kaa.simplebuild.DataProviderJDBC - utils.NullObjectException: entity is null
2022-02-09 23:42:57.293 [main] ERROR com.kaa.simplebuild.DataProviderJDBC - utils.NullObjectException: entity is null
2022-02-09 23:42:57.293 [main] INFO  com.kaa.simplebuild.DataProviderJDBCTest - delnull
2022-02-09 23:42:57.293 [main] ERROR com.kaa.simplebuild.DataProviderJDBC - utils.NullObjectException: entity is null
2022-02-09 23:42:57.312 [main] INFO  com.kaa.simplebuild.DataProviderJDBCTest - update  MainPartTemplate{id=1644439377295, name='test2' , priceMultiplier=2.2, idMaterial=2}
2022-02-09 23:42:57.339 [main] INFO  com.kaa.simplebuild.DataProviderJDBC - prep25: INSERT INTO ROOFMATERIAL VALUES (?,?,?,?) {1: 1644439377339, 2: 'test', 3: 1.0, 4: 1}
2022-02-09 23:42:57.339 [main] INFO  com.kaa.simplebuild.DataProviderJDBC - conn5: url=jdbc:h2:tcp://localhost/~/test user=ADMIN
2022-02-09 23:42:57.345 [main] DEBUG com.kaa.simplebuild.DataProviderJDBC - [RoofMaterial{id=1644439377339, name='test', price=1.0, durabilityYears=1}]
2022-02-09 23:42:57.351 [main] DEBUG com.kaa.simplebuild.DataProviderJDBC - [RoofMaterial{id=1644439377339, name='test2', price=2.0, durabilityYears=2}]
2022-02-09 23:42:57.351 [main] INFO  com.kaa.simplebuild.DataProviderJDBCTest - update  RoofMaterial{id=1644439377339, name='test2', price=2.0, durabilityYears=2}
2022-02-09 23:42:57.351 [main] DEBUG com.kaa.simplebuild.DataProviderJDBC - [RoofMaterial{id=1644439377339, name='test2', price=2.0, durabilityYears=2}]
2022-02-09 23:42:57.352 [main] DEBUG com.kaa.simplebuild.DataProviderJDBC - [RoofMaterial{id=1644439377339, name='test2', price=2.0, durabilityYears=2}]
2022-02-09 23:42:57.368 [main] INFO  com.kaa.simplebuild.DataProviderJDBCTest - create  BasementMaterial{id=1644439377360, name='test', price=1.0, frostResistance=1, waterproof=1}
2022-02-09 23:42:57.406 [main] ERROR com.kaa.simplebuild.DataProviderJDBC - utils.NullObjectException: entity is null
2022-02-09 23:42:57.406 [main] INFO  com.kaa.simplebuild.DataProviderJDBCTest - delnull
2022-02-09 23:42:57.406 [main] ERROR com.kaa.simplebuild.DataProviderJDBC - utils.NullObjectException: entity is null
2022-02-09 23:42:57.423 [main] INFO  com.kaa.simplebuild.DataProviderJDBCTest - update  BasementTemplate{id=1644439377412, name='test2' , priceMultiplier=2.2, idMaterial=2, cellar=false}
2022-02-09 23:42:57.440 [main] ERROR com.kaa.simplebuild.DataProviderJDBC - utils.NullObjectException: entity is null
2022-02-09 23:42:57.441 [main] DEBUG com.kaa.simplebuild.DataProviderJDBC - prep51:  DELETE FROM BUILDINGTEMPLATE WHERE id= (?) {1: 1644439377434}
2022-02-09 23:42:57.466 [main] DEBUG com.kaa.simplebuild.DataProviderJDBC - prep55:  DELETE FROM MAINPARTMATERIAL WHERE id= (?) {1: 1644439377448}
2022-02-09 23:42:57.466 [main] DEBUG com.kaa.simplebuild.DataProviderJDBC - conn13: url=jdbc:h2:tcp://localhost/~/test user=ADMIN
2022-02-09 23:42:57.492 [main] ERROR com.kaa.simplebuild.DataProviderJDBC - utils.NullObjectException: entity is null
2022-02-09 23:42:57.493 [main] DEBUG com.kaa.simplebuild.DataProviderJDBC - prep58:  DELETE FROM BUILDINGTEMPLATE WHERE id= (?) {1: 1644439377474}
2022-02-09 23:42:57.499 [main] ERROR com.kaa.simplebuild.DataProviderJDBC - utils.NullObjectException: entity is null
2022-02-09 23:42:57.499 [main] INFO  com.kaa.simplebuild.DataProviderJDBCTest - delnull
2022-02-09 23:42:57.500 [main] ERROR com.kaa.simplebuild.DataProviderJDBC - utils.NullObjectException: entity is null
2022-02-09 23:42:57.539 [main] DEBUG com.kaa.simplebuild.DataProviderJDBC - prep63:  DELETE FROM MAINPARTMATERIAL WHERE id= (?) {1: 1644439377522}
2022-02-09 23:42:57.539 [main] DEBUG com.kaa.simplebuild.DataProviderJDBC - conn15: url=jdbc:h2:tcp://localhost/~/test user=ADMIN
2022-02-09 23:42:57.555 [main] ERROR com.kaa.simplebuild.DataProviderJDBC - utils.NullObjectException: entity is null
2022-02-09 23:42:57.555 [main] INFO  com.kaa.simplebuild.DataProviderJDBCTest - delnull
2022-02-09 23:42:57.555 [main] ERROR com.kaa.simplebuild.DataProviderJDBC - utils.NullObjectException: entity is null
2022-02-09 23:42:57.563 [main] INFO  com.kaa.simplebuild.DataProviderJDBCTest - create  RoofTemplate{id=1644439377557, name='test' , priceMultiplier=1.0, idMaterial=1, insulation=true, pipe=true}
2022-02-09 23:42:57.581 [main] INFO  com.kaa.simplebuild.DataProviderJDBCTest - update  BuildingTemplate{id=1644439377570, name='test2' , idRoofTenplate=2, idMainPartTemplate=1, idBasementTemplate=1}
2022-02-09 23:42:57.582 [main] ERROR com.kaa.simplebuild.DataProviderJDBC - utils.NullObjectException: entity is null
2022-02-09 23:42:57.583 [main] DEBUG com.kaa.simplebuild.DataProviderJDBC - prep76:  DELETE FROM BUILDINGTEMPLATE WHERE id= (?) {1: 1644439377570}
2022-02-09 23:42:57.600 [main] INFO  com.kaa.simplebuild.DataProviderJDBCTest - update  MainPartMaterial{id=1644439377589, name='test2', price=2.0, soundTransmission=2.0}
2022-02-09 23:42:57.602 [main] DEBUG com.kaa.simplebuild.DataProviderJDBC - prep83:  DELETE FROM MAINPARTMATERIAL WHERE id= (?) {1: 1644439377589}
2022-02-09 23:42:57.602 [main] DEBUG com.kaa.simplebuild.DataProviderJDBC - conn18: url=jdbc:h2:tcp://localhost/~/test user=ADMIN
2022-02-09 23:42:57.663 [main] ERROR com.kaa.simplebuild.DataProviderJDBC - utils.NullObjectException: entity is null
2022-02-09 23:42:57.663 [main] INFO  com.kaa.simplebuild.DataProviderJDBCTest - delnull
2022-02-09 23:42:57.663 [main] ERROR com.kaa.simplebuild.DataProviderJDBC - utils.NullObjectException: entity is null
2022-02-09 23:42:57.681 [main] INFO  com.kaa.simplebuild.DataProviderJDBCTest - update  BasementMaterial{id=1644439377669, name='test2', price=2.0, frostResistance=2, waterproof=2}
2022-02-09 23:42:57.707 [main] INFO  com.kaa.simplebuild.DataProviderJDBCTest - create  MainPartTemplate{id=1644439377702, name='test' , priceMultiplier=1.0, idMaterial=1}
2022-02-09 23:42:57.724 [main] ERROR com.kaa.simplebuild.DataProviderJDBC - utils.NullObjectException: entity is null
2022-02-09 23:42:57.724 [main] INFO  com.kaa.simplebuild.DataProviderJDBCTest - delnull
2022-02-09 23:42:57.725 [main] ERROR com.kaa.simplebuild.DataProviderJDBC - utils.NullObjectException: entity is null
2022-02-09 23:42:57.739 [main] INFO  com.kaa.simplebuild.DataProviderJDBCTest - update  RoofTemplate{id=1644439377727, name='test2' , priceMultiplier=1.0, idMaterial=1, insulation=true, pipe=true}
2022-02-09 23:42:57.753 [main] INFO  com.kaa.simplebuild.DataProviderJDBCTest - create  BasementTemplate{id=1644439377748, name='test' , priceMultiplier=1.0, idMaterial=1, cellar=false}
2022-02-09 23:42:57.761 [main] INFO  com.kaa.simplebuild.DataProviderJDBC - prep124: INSERT INTO ROOFMATERIAL VALUES (?,?,?,?) {1: 1644439377760, 2: 'test', 3: 1.0, 4: 1}
2022-02-09 23:42:57.761 [main] INFO  com.kaa.simplebuild.DataProviderJDBC - conn30: url=jdbc:h2:tcp://localhost/~/test user=ADMIN
2022-02-09 23:42:57.766 [main] DEBUG com.kaa.simplebuild.DataProviderJDBC - [RoofMaterial{id=1644439377760, name='test', price=1.0, durabilityYears=1}]
2022-02-09 23:42:57.766 [main] INFO  com.kaa.simplebuild.DataProviderJDBCTest - create  RoofMaterial{id=1644439377760, name='test', price=1.0, durabilityYears=1}
2022-02-09 23:42:57.767 [main] DEBUG com.kaa.simplebuild.DataProviderJDBC - [RoofMaterial{id=1644439377760, name='test', price=1.0, durabilityYears=1}]
2022-02-09 23:42:57.794 [main] INFO  com.kaa.simplebuild.DataProviderJDBC - prep132: INSERT INTO ROOFMATERIAL VALUES (?,?,?,?) {1: 1644439377794, 2: 'test', 3: 1.0, 4: 1}
2022-02-09 23:42:57.794 [main] INFO  com.kaa.simplebuild.DataProviderJDBC - conn33: url=jdbc:h2:tcp://localhost/~/test user=ADMIN
2022-02-09 23:42:57.799 [main] DEBUG com.kaa.simplebuild.DataProviderJDBC - [RoofMaterial{id=1644439377794, name='test', price=1.0, durabilityYears=1}]
2022-02-09 23:42:57.799 [main] DEBUG com.kaa.simplebuild.DataProviderJDBC - [RoofMaterial{id=1644439377794, name='test', price=1.0, durabilityYears=1}]
2022-02-09 23:42:57.811 [main] INFO  com.kaa.simplebuild.DataProviderJDBCTest - create  BuildingTemplate{id=1644439377805, name='test' , idRoofTenplate=2, idMainPartTemplate=1, idBasementTemplate=1}
2022-02-09 23:42:57.811 [main] ERROR com.kaa.simplebuild.DataProviderJDBC - utils.NullObjectException: entity is null
2022-02-09 23:42:57.812 [main] DEBUG com.kaa.simplebuild.DataProviderJDBC - prep139:  DELETE FROM BUILDINGTEMPLATE WHERE id= (?) {1: 1644439377805}
2022-02-09 23:42:57.899 [main] INFO  com.kaa.simplebuild.DataProviderXMLTest - create  MainPartMaterial{id=1644439377818, name='test', price=1.0, soundTransmission=1.0}
2022-02-09 23:42:57.937 [main] INFO  com.kaa.simplebuild.DataProviderXMLTest - delnull
2022-02-09 23:42:57.979 [main] INFO  com.kaa.simplebuild.DataProviderXMLTest - delnull
2022-02-09 23:42:58.008 [main] INFO  com.kaa.simplebuild.DataProviderXMLTest - update  MainPartTemplate{id=1644439377980, name='test2' , priceMultiplier=2.2, idMaterial=2}
2022-02-09 23:42:58.107 [main] INFO  com.kaa.simplebuild.DataProviderXMLTest - update  RoofMaterial{id=1644439378048, name='test2', price=2.0, durabilityYears=2}
2022-02-09 23:42:58.135 [main] INFO  com.kaa.simplebuild.DataProviderXMLTest - create  BasementMaterial{id=1644439378121, name='test', price=1.0, frostResistance=1, waterproof=1}
2022-02-09 23:42:58.160 [main] INFO  com.kaa.simplebuild.DataProviderXMLTest - delnull
2022-02-09 23:42:58.195 [main] INFO  com.kaa.simplebuild.DataProviderXMLTest - update  BasementTemplate{id=1644439378161, name='test2' , priceMultiplier=2.2, idMaterial=2, cellar=false}
2022-02-09 23:42:58.208 [main] ERROR com.kaa.simplebuild.DataProviderXml - utils.NullObjectException: bean not found
2022-02-09 23:42:58.244 [main] ERROR com.kaa.simplebuild.DataProviderXml - utils.NullObjectException: bean not found
2022-02-09 23:42:58.260 [main] ERROR com.kaa.simplebuild.DataProviderXml - utils.NullObjectException: bean not found
2022-02-09 23:42:58.260 [main] INFO  com.kaa.simplebuild.DataProviderXMLTest - delnull
2022-02-09 23:42:58.261 [main] ERROR com.kaa.simplebuild.DataProviderXml - utils.NullObjectException: bean not found
2022-02-09 23:42:58.278 [main] INFO  com.kaa.simplebuild.DataProviderXMLTest - delnull
2022-02-09 23:42:58.289 [main] INFO  com.kaa.simplebuild.DataProviderXMLTest - create  RoofTemplate{id=1644439378279, name='test' , priceMultiplier=1.0, idMaterial=1, insulation=true, pipe=true}
2022-02-09 23:42:58.298 [main] ERROR com.kaa.simplebuild.DataProviderXml - utils.NullObjectException: bean not found
2022-02-09 23:42:58.317 [main] ERROR com.kaa.simplebuild.DataProviderXml - utils.NullObjectException: bean not found
2022-02-09 23:42:58.341 [main] INFO  com.kaa.simplebuild.DataProviderXMLTest - update  BuildingTemplate{id=1644439378296, name='test2' , idRoofTenplate=2, idMainPartTemplate=1, idBasementTemplate=1}
2022-02-09 23:42:58.411 [main] INFO  com.kaa.simplebuild.DataProviderXMLTest - update  MainPartMaterial{id=1644439378378, name='test2', price=2.0, soundTransmission=2.0}
2022-02-09 23:42:58.580 [main] INFO  com.kaa.simplebuild.DataProviderXMLTest - delnull
2022-02-09 23:42:58.609 [main] INFO  com.kaa.simplebuild.DataProviderXMLTest - update  BasementMaterial{id=1644439378581, name='test2', price=2.0, frostResistance=2, waterproof=2}
2022-02-09 23:42:58.639 [main] INFO  com.kaa.simplebuild.DataProviderXMLTest - create  MainPartTemplate{id=1644439378632, name='test' , priceMultiplier=1.0, idMaterial=1}
2022-02-09 23:42:58.664 [main] INFO  com.kaa.simplebuild.DataProviderXMLTest - delnull
2022-02-09 23:42:58.690 [main] INFO  com.kaa.simplebuild.DataProviderXMLTest - update  RoofTemplate{id=1644439378665, name='test2' , priceMultiplier=1.0, idMaterial=1, insulation=true, pipe=true}
2022-02-09 23:42:58.708 [main] INFO  com.kaa.simplebuild.DataProviderXMLTest - create  BasementTemplate{id=1644439378700, name='test' , priceMultiplier=1.0, idMaterial=1, cellar=false}
2022-02-09 23:42:58.723 [main] INFO  com.kaa.simplebuild.DataProviderXMLTest - create  RoofMaterial{id=1644439378715, name='test', price=1.0, durabilityYears=1}
2022-02-09 23:42:58.805 [main] ERROR com.kaa.simplebuild.DataProviderXml - utils.NullObjectException: bean not found
2022-02-09 23:42:58.821 [main] INFO  com.kaa.simplebuild.DataProviderXMLTest - create  BuildingTemplate{id=1644439378803, name='test' , idRoofTenplate=2, idMainPartTemplate=1, idBasementTemplate=1}
