2022-01-20 00:43:15.431 [main] INFO  com.kaa.simplebuild.DataProviderCsv - src/main/resources/csv/MainPartMaterial.csv
2022-01-20 00:43:15.601 [main] INFO  com.kaa.simplebuild.DataProviderCsv - src/main/resources/csv/MainPartMaterial.csv
2022-01-20 00:43:16.117 [main] INFO  com.kaa.simplebuild.DataProviderCSVTest - create  MainPartMaterial{id=1642628595429, name='test', price=1.0, soundTransmission=1.0}
2022-01-20 00:43:16.143 [main] INFO  com.kaa.simplebuild.DataProviderCsv - src/main/resources/csv/RoofMaterial.csv
2022-01-20 00:43:16.164 [main] INFO  com.kaa.simplebuild.DataProviderCsv - src/main/resources/csv/RoofMaterial.csv
2022-01-20 00:43:16.326 [main] ERROR com.kaa.simplebuild.DataProviderCsv - utils.NullObjectException: entity is null
2022-01-20 00:43:16.326 [main] INFO  com.kaa.simplebuild.DataProviderCSVTest - delnull
2022-01-20 00:43:16.334 [main] ERROR com.kaa.simplebuild.DataProviderCsv - utils.NullObjectException: entity is null
2022-01-20 00:43:16.335 [main] INFO  com.kaa.simplebuild.DataProviderCsv - src/main/resources/csv/MainPartTemplate.csv
2022-01-20 00:43:16.343 [main] INFO  com.kaa.simplebuild.DataProviderCsv - src/main/resources/csv/MainPartTemplate.csv
2022-01-20 00:43:16.505 [main] ERROR com.kaa.simplebuild.DataProviderCsv - utils.NullObjectException: entity is null
2022-01-20 00:43:16.505 [main] INFO  com.kaa.simplebuild.DataProviderCSVTest - delnull
2022-01-20 00:43:16.534 [main] ERROR com.kaa.simplebuild.DataProviderCsv - utils.NullObjectException: entity is null
2022-01-20 00:43:16.535 [main] INFO  com.kaa.simplebuild.DataProviderCsv - src/main/resources/csv/MainPartTemplate.csv
2022-01-20 00:43:16.615 [main] INFO  com.kaa.simplebuild.DataProviderCsv - src/main/resources/csv/MainPartTemplate.csv
2022-01-20 00:43:16.734 [main] INFO  com.kaa.simplebuild.DataProviderCsv - src/main/resources/csv/MainPartTemplate.csv
2022-01-20 00:43:16.748 [main] INFO  com.kaa.simplebuild.DataProviderCsv - src/main/resources/csv/MainPartTemplate.csv
2022-01-20 00:43:16.787 [main] INFO  com.kaa.simplebuild.DataProviderCSVTest - update  MainPartTemplate{id=1642628596535, name='test2' , priceMultiplier=2.2, idMaterial=2}
2022-01-20 00:43:16.810 [main] INFO  com.kaa.simplebuild.DataProviderCsv - src/main/resources/csv/BasementTemplate.csv
2022-01-20 00:43:16.825 [main] INFO  com.kaa.simplebuild.DataProviderCsv - src/main/resources/csv/BasementTemplate.csv
2022-01-20 00:43:16.870 [main] INFO  com.kaa.simplebuild.DataProviderCsv - src/main/resources/csv/RoofMaterial.csv
2022-01-20 00:43:16.889 [main] INFO  com.kaa.simplebuild.DataProviderCsv - src/main/resources/csv/RoofMaterial.csv
2022-01-20 00:43:16.949 [main] INFO  com.kaa.simplebuild.DataProviderCsv - src/main/resources/csv/RoofMaterial.csv
2022-01-20 00:43:16.953 [main] INFO  com.kaa.simplebuild.DataProviderCsv - src/main/resources/csv/RoofMaterial.csv
2022-01-20 00:43:16.982 [main] INFO  com.kaa.simplebuild.DataProviderCSVTest - update  RoofMaterial{id=1642628596870, name='test2', price=2.0, durabilityYears=2}
2022-01-20 00:43:17.002 [main] INFO  com.kaa.simplebuild.DataProviderCsv - src/main/resources/csv/BasementMaterial.csv
2022-01-20 00:43:17.009 [main] INFO  com.kaa.simplebuild.DataProviderCsv - src/main/resources/csv/BasementMaterial.csv
2022-01-20 00:43:17.029 [main] INFO  com.kaa.simplebuild.DataProviderCSVTest - create  BasementMaterial{id=1642628597002, name='test', price=1.0, frostResistance=1, waterproof=1}
2022-01-20 00:43:17.047 [main] INFO  com.kaa.simplebuild.DataProviderCsv - src/main/resources/csv/BasementTemplate.csv
2022-01-20 00:43:17.051 [main] INFO  com.kaa.simplebuild.DataProviderCsv - src/main/resources/csv/BasementTemplate.csv
2022-01-20 00:43:17.096 [main] ERROR com.kaa.simplebuild.DataProviderCsv - utils.NullObjectException: entity is null
2022-01-20 00:43:17.096 [main] INFO  com.kaa.simplebuild.DataProviderCSVTest - delnull
2022-01-20 00:43:17.099 [main] ERROR com.kaa.simplebuild.DataProviderCsv - utils.NullObjectException: entity is null
2022-01-20 00:43:17.100 [main] INFO  com.kaa.simplebuild.DataProviderCsv - src/main/resources/csv/BasementTemplate.csv
2022-01-20 00:43:17.102 [main] INFO  com.kaa.simplebuild.DataProviderCsv - src/main/resources/csv/BasementTemplate.csv
2022-01-20 00:43:17.133 [main] INFO  com.kaa.simplebuild.DataProviderCsv - src/main/resources/csv/BasementTemplate.csv
2022-01-20 00:43:17.138 [main] INFO  com.kaa.simplebuild.DataProviderCsv - src/main/resources/csv/BasementTemplate.csv
2022-01-20 00:43:17.158 [main] INFO  com.kaa.simplebuild.DataProviderCSVTest - update  BasementTemplate{id=1642628597100, name='test2' , priceMultiplier=2.2, idMaterial=2, cellar=false}
2022-01-20 00:43:17.177 [main] INFO  com.kaa.simplebuild.DataProviderCsv - src/main/resources/csv/BuildingTemplate.csv
2022-01-20 00:43:17.181 [main] INFO  com.kaa.simplebuild.DataProviderCsv - src/main/resources/csv/BuildingTemplate.csv
2022-01-20 00:43:17.210 [main] INFO  com.kaa.simplebuild.DataProviderCsv - src/main/resources/csv/MainPartMaterial.csv
2022-01-20 00:43:17.214 [main] INFO  com.kaa.simplebuild.DataProviderCsv - src/main/resources/csv/MainPartMaterial.csv
2022-01-20 00:43:17.245 [main] INFO  com.kaa.simplebuild.DataProviderCsv - src/main/resources/csv/BuildingTemplate.csv
2022-01-20 00:43:17.253 [main] INFO  com.kaa.simplebuild.DataProviderCsv - src/main/resources/csv/BuildingTemplate.csv
2022-01-20 00:43:17.281 [main] ERROR com.kaa.simplebuild.DataProviderCsv - utils.NullObjectException: entity is null
2022-01-20 00:43:17.281 [main] INFO  com.kaa.simplebuild.DataProviderCSVTest - delnull
2022-01-20 00:43:17.288 [main] ERROR com.kaa.simplebuild.DataProviderCsv - utils.NullObjectException: entity is null
2022-01-20 00:43:17.289 [main] INFO  com.kaa.simplebuild.DataProviderCsv - src/main/resources/csv/MainPartMaterial.csv
2022-01-20 00:43:17.293 [main] INFO  com.kaa.simplebuild.DataProviderCsv - src/main/resources/csv/MainPartMaterial.csv
2022-01-20 00:43:17.325 [main] ERROR com.kaa.simplebuild.DataProviderCsv - utils.NullObjectException: entity is null
2022-01-20 00:43:17.325 [main] INFO  com.kaa.simplebuild.DataProviderCSVTest - delnull
2022-01-20 00:43:17.332 [main] ERROR com.kaa.simplebuild.DataProviderCsv - utils.NullObjectException: entity is null
2022-01-20 00:43:17.333 [main] INFO  com.kaa.simplebuild.DataProviderCsv - src/main/resources/csv/RoofTemplate.csv
2022-01-20 00:43:17.337 [main] INFO  com.kaa.simplebuild.DataProviderCsv - src/main/resources/csv/RoofTemplate.csv
2022-01-20 00:43:17.356 [main] INFO  com.kaa.simplebuild.DataProviderCSVTest - create  RoofTemplate{id=1642628597333, name='test' , priceMultiplier=1.0, idMaterial=1, insulation=true, pipe=true}
2022-01-20 00:43:17.374 [main] INFO  com.kaa.simplebuild.DataProviderCsv - src/main/resources/csv/BuildingTemplate.csv
2022-01-20 00:43:17.377 [main] INFO  com.kaa.simplebuild.DataProviderCsv - src/main/resources/csv/BuildingTemplate.csv
2022-01-20 00:43:17.411 [main] INFO  com.kaa.simplebuild.DataProviderCsv - src/main/resources/csv/BuildingTemplate.csv
2022-01-20 00:43:17.414 [main] INFO  com.kaa.simplebuild.DataProviderCsv - src/main/resources/csv/BuildingTemplate.csv
2022-01-20 00:43:17.428 [main] INFO  com.kaa.simplebuild.DataProviderCSVTest - update  BuildingTemplate{id=1642628597374, name='test2' , idRoofTenplate=2, idMainPartTemplate=1, idBasementTemplate=1}
2022-01-20 00:43:17.441 [main] INFO  com.kaa.simplebuild.DataProviderCsv - src/main/resources/csv/MainPartMaterial.csv
2022-01-20 00:43:17.444 [main] INFO  com.kaa.simplebuild.DataProviderCsv - src/main/resources/csv/MainPartMaterial.csv
2022-01-20 00:43:17.466 [main] INFO  com.kaa.simplebuild.DataProviderCsv - src/main/resources/csv/MainPartMaterial.csv
2022-01-20 00:43:17.468 [main] INFO  com.kaa.simplebuild.DataProviderCsv - src/main/resources/csv/MainPartMaterial.csv
2022-01-20 00:43:17.480 [main] INFO  com.kaa.simplebuild.DataProviderCSVTest - update  MainPartMaterial{id=1642628597441, name='test2', price=2.0, soundTransmission=2.0}
2022-01-20 00:43:17.491 [main] INFO  com.kaa.simplebuild.DataProviderCsv - src/main/resources/csv/BasementMaterial.csv
2022-01-20 00:43:17.497 [main] INFO  com.kaa.simplebuild.DataProviderCsv - src/main/resources/csv/BasementMaterial.csv
2022-01-20 00:43:17.523 [main] INFO  com.kaa.simplebuild.DataProviderCsv - src/main/resources/csv/BasementMaterial.csv
2022-01-20 00:43:17.526 [main] INFO  com.kaa.simplebuild.DataProviderCsv - src/main/resources/csv/BasementMaterial.csv
2022-01-20 00:43:17.549 [main] ERROR com.kaa.simplebuild.DataProviderCsv - utils.NullObjectException: entity is null
2022-01-20 00:43:17.549 [main] INFO  com.kaa.simplebuild.DataProviderCSVTest - delnull
2022-01-20 00:43:17.555 [main] ERROR com.kaa.simplebuild.DataProviderCsv - utils.NullObjectException: entity is null
2022-01-20 00:43:17.556 [main] INFO  com.kaa.simplebuild.DataProviderCsv - src/main/resources/csv/BasementMaterial.csv
2022-01-20 00:43:17.559 [main] INFO  com.kaa.simplebuild.DataProviderCsv - src/main/resources/csv/BasementMaterial.csv
2022-01-20 00:43:17.587 [main] INFO  com.kaa.simplebuild.DataProviderCsv - src/main/resources/csv/BasementMaterial.csv
2022-01-20 00:43:17.589 [main] INFO  com.kaa.simplebuild.DataProviderCsv - src/main/resources/csv/BasementMaterial.csv
2022-01-20 00:43:17.642 [main] INFO  com.kaa.simplebuild.DataProviderCSVTest - update  BasementMaterial{id=1642628597556, name='test2', price=2.0, frostResistance=2, waterproof=2}
2022-01-20 00:43:17.657 [main] INFO  com.kaa.simplebuild.DataProviderCsv - src/main/resources/csv/RoofTemplate.csv
2022-01-20 00:43:17.659 [main] INFO  com.kaa.simplebuild.DataProviderCsv - src/main/resources/csv/RoofTemplate.csv
2022-01-20 00:43:17.698 [main] INFO  com.kaa.simplebuild.DataProviderCsv - src/main/resources/csv/MainPartTemplate.csv
2022-01-20 00:43:17.701 [main] INFO  com.kaa.simplebuild.DataProviderCsv - src/main/resources/csv/MainPartTemplate.csv
2022-01-20 00:43:17.715 [main] INFO  com.kaa.simplebuild.DataProviderCSVTest - create  MainPartTemplate{id=1642628597698, name='test' , priceMultiplier=1.0, idMaterial=1}
2022-01-20 00:43:17.729 [main] INFO  com.kaa.simplebuild.DataProviderCsv - src/main/resources/csv/RoofTemplate.csv
2022-01-20 00:43:17.732 [main] INFO  com.kaa.simplebuild.DataProviderCsv - src/main/resources/csv/RoofTemplate.csv
2022-01-20 00:43:17.756 [main] ERROR com.kaa.simplebuild.DataProviderCsv - utils.NullObjectException: entity is null
2022-01-20 00:43:17.756 [main] INFO  com.kaa.simplebuild.DataProviderCSVTest - delnull
2022-01-20 00:43:17.762 [main] ERROR com.kaa.simplebuild.DataProviderCsv - utils.NullObjectException: entity is null
2022-01-20 00:43:17.763 [main] INFO  com.kaa.simplebuild.DataProviderCsv - src/main/resources/csv/RoofTemplate.csv
2022-01-20 00:43:17.766 [main] INFO  com.kaa.simplebuild.DataProviderCsv - src/main/resources/csv/RoofTemplate.csv
2022-01-20 00:43:17.795 [main] INFO  com.kaa.simplebuild.DataProviderCsv - src/main/resources/csv/RoofTemplate.csv
2022-01-20 00:43:17.798 [main] INFO  com.kaa.simplebuild.DataProviderCsv - src/main/resources/csv/RoofTemplate.csv
2022-01-20 00:43:17.816 [main] INFO  com.kaa.simplebuild.DataProviderCSVTest - update  RoofTemplate{id=1642628597763, name='test2' , priceMultiplier=1.0, idMaterial=1, insulation=true, pipe=true}
2022-01-20 00:43:17.834 [main] INFO  com.kaa.simplebuild.DataProviderCsv - src/main/resources/csv/BasementTemplate.csv
2022-01-20 00:43:17.836 [main] INFO  com.kaa.simplebuild.DataProviderCsv - src/main/resources/csv/BasementTemplate.csv
2022-01-20 00:43:17.848 [main] INFO  com.kaa.simplebuild.DataProviderCSVTest - create  BasementTemplate{id=1642628597834, name='test' , priceMultiplier=1.0, idMaterial=1, cellar=false}
2022-01-20 00:43:17.858 [main] INFO  com.kaa.simplebuild.DataProviderCsv - src/main/resources/csv/RoofMaterial.csv
2022-01-20 00:43:17.860 [main] INFO  com.kaa.simplebuild.DataProviderCsv - src/main/resources/csv/RoofMaterial.csv
2022-01-20 00:43:17.875 [main] INFO  com.kaa.simplebuild.DataProviderCSVTest - create  RoofMaterial{id=1642628597858, name='test', price=1.0, durabilityYears=1}
2022-01-20 00:43:17.893 [main] INFO  com.kaa.simplebuild.DataProviderCsv - src/main/resources/csv/MainPartTemplate.csv
2022-01-20 00:43:17.899 [main] INFO  com.kaa.simplebuild.DataProviderCsv - src/main/resources/csv/MainPartTemplate.csv
2022-01-20 00:43:17.939 [main] INFO  com.kaa.simplebuild.DataProviderCsv - src/main/resources/csv/RoofMaterial.csv
2022-01-20 00:43:17.968 [main] INFO  com.kaa.simplebuild.DataProviderCsv - src/main/resources/csv/RoofMaterial.csv
2022-01-20 00:43:17.990 [main] INFO  com.kaa.simplebuild.DataProviderCsv - src/main/resources/csv/BuildingTemplate.csv
2022-01-20 00:43:17.992 [main] INFO  com.kaa.simplebuild.DataProviderCsv - src/main/resources/csv/BuildingTemplate.csv
2022-01-20 00:43:18.034 [main] INFO  com.kaa.simplebuild.DataProviderCSVTest - create  BuildingTemplate{id=1642628597990, name='test' , idRoofTenplate=2, idMainPartTemplate=1, idBasementTemplate=1}
