2022-02-18 22:31:56.094 [main] INFO  com.kaa.simplebuild.DataProviderJDBC - conn16: url=jdbc:h2:tcp://localhost/~/test user=ADMIN
2022-02-18 22:31:56.098 [main] INFO  com.kaa.simplebuild.DataProviderJDBC - prep198: CREATE TABLE IF NOT EXISTS mainparttemplate ( id long UNIQUE NOT NULL , name char(50) NOT NULL, pricemultiplier double NOT NULL, id_material long NOT NULL,  veranda boolean NOT NULL, windows int NOT NULL, FOREIGN KEY (id_material ) REFERENCES mainpartmaterial(id) ON DELETE SET NULL  ON UPDATE CASCADE )
2022-02-18 22:31:56.098 [main] INFO  com.kaa.simplebuild.DataProviderJDBC - conn16: url=jdbc:h2:tcp://localhost/~/test user=ADMIN
2022-02-18 22:31:56.099 [main] INFO  com.kaa.simplebuild.DataProviderJDBC - prep199: CREATE TABLE IF NOT EXISTS basementtemplate ( id long UNIQUE NOT NULL , name char(50) NOT NULL, pricemultiplier double NOT NULL, id_material long NOT NULL, cellar boolean NOT NULL, FOREIGN KEY (id_material ) REFERENCES basementmaterial(id) ON DELETE SET NULL ON UPDATE CASCADE )
2022-02-18 22:31:56.099 [main] INFO  com.kaa.simplebuild.DataProviderJDBC - conn16: url=jdbc:h2:tcp://localhost/~/test user=ADMIN
2022-02-18 22:31:56.099 [main] INFO  com.kaa.simplebuild.DataProviderJDBC - prep200: CREATE TABLE IF NOT EXISTS buildingtemplate ( id long UNIQUE NOT NULL, name char(50) NOT NULL, id_roof_template long NOT NULL, id_main_part_template long NOT NULL, id_basement_template long NOT NULL, FOREIGN KEY (id_roof_template ) REFERENCES rooftemplate(id) ON DELETE SET NULL ON UPDATE CASCADE , FOREIGN KEY (id_main_part_template ) REFERENCES mainparttemplate(id) ON DELETE SET NULL ON UPDATE CASCADE, FOREIGN KEY (id_basement_template ) REFERENCES basementtemplate(id) ON DELETE SET NULL ON UPDATE CASCADE )
2022-02-18 22:31:56.099 [main] INFO  com.kaa.simplebuild.DataProviderJDBC - conn16: url=jdbc:h2:tcp://localhost/~/test user=ADMIN
2022-02-18 22:31:56.106 [main] INFO  com.kaa.simplebuild.DataProviderJDBCTest - create  RoofTemplate{id=1645212716100, name='test' , priceMultiplier=1.0, idMaterial=1, insulation=true, pipe=true}
2022-02-18 22:31:56.114 [main] INFO  com.kaa.simplebuild.DataProviderJDBC - prep206: CREATE TABLE IF NOT EXISTS ROOFMATERIAL ( id long UNIQUE NOT NULL , name char(50) NOT NULL , price double NOT NULL , durabilityYears int NOT NULL )
2022-02-18 22:31:56.114 [main] INFO  com.kaa.simplebuild.DataProviderJDBC - conn17: url=jdbc:h2:tcp://localhost/~/test user=ADMIN
2022-02-18 22:31:56.114 [main] INFO  com.kaa.simplebuild.DataProviderJDBC - prep207: CREATE TABLE IF NOT EXISTS MAINPARTMATERIAL ( id long UNIQUE NOT NULL , name char(50) NOT NULL, price double NOT NULL, soundTransmission double NOT NULL )
2022-02-18 22:31:56.114 [main] INFO  com.kaa.simplebuild.DataProviderJDBC - conn17: url=jdbc:h2:tcp://localhost/~/test user=ADMIN
2022-02-18 22:31:56.114 [main] INFO  com.kaa.simplebuild.DataProviderJDBC - prep208: CREATE TABLE IF NOT EXISTS BASEMENTMATERIAL ( id long UNIQUE NOT NULL , name char(50) NOT NULL, price double NOT NULL, frostresistance int NOT NULL , waterproof int NOT NULL)
2022-02-18 22:31:56.114 [main] INFO  com.kaa.simplebuild.DataProviderJDBC - conn17: url=jdbc:h2:tcp://localhost/~/test user=ADMIN
2022-02-18 22:31:56.115 [main] INFO  com.kaa.simplebuild.DataProviderJDBC - prep209:  CREATE TABLE IF NOT EXISTS rooftemplate ( id long UNIQUE NOT NULL , name char(50) NOT NULL, pricemultiplier double NOT NULL, id_material long NOT NULL, insulation boolean NOT NULL, pipe boolean NOT NULL, FOREIGN KEY (id_material ) REFERENCES roofmaterial(id) ON DELETE SET NULL ON UPDATE CASCADE )
2022-02-18 22:31:56.115 [main] INFO  com.kaa.simplebuild.DataProviderJDBC - conn17: url=jdbc:h2:tcp://localhost/~/test user=ADMIN
2022-02-18 22:31:56.115 [main] INFO  com.kaa.simplebuild.DataProviderJDBC - prep210: CREATE TABLE IF NOT EXISTS mainparttemplate ( id long UNIQUE NOT NULL , name char(50) NOT NULL, pricemultiplier double NOT NULL, id_material long NOT NULL,  veranda boolean NOT NULL, windows int NOT NULL, FOREIGN KEY (id_material ) REFERENCES mainpartmaterial(id) ON DELETE SET NULL  ON UPDATE CASCADE )
2022-02-18 22:31:56.115 [main] INFO  com.kaa.simplebuild.DataProviderJDBC - conn17: url=jdbc:h2:tcp://localhost/~/test user=ADMIN
2022-02-18 22:31:56.116 [main] INFO  com.kaa.simplebuild.DataProviderJDBC - prep211: CREATE TABLE IF NOT EXISTS basementtemplate ( id long UNIQUE NOT NULL , name char(50) NOT NULL, pricemultiplier double NOT NULL, id_material long NOT NULL, cellar boolean NOT NULL, FOREIGN KEY (id_material ) REFERENCES basementmaterial(id) ON DELETE SET NULL ON UPDATE CASCADE )
2022-02-18 22:31:56.116 [main] INFO  com.kaa.simplebuild.DataProviderJDBC - conn17: url=jdbc:h2:tcp://localhost/~/test user=ADMIN
2022-02-18 22:31:56.116 [main] INFO  com.kaa.simplebuild.DataProviderJDBC - prep212: CREATE TABLE IF NOT EXISTS buildingtemplate ( id long UNIQUE NOT NULL, name char(50) NOT NULL, id_roof_template long NOT NULL, id_main_part_template long NOT NULL, id_basement_template long NOT NULL, FOREIGN KEY (id_roof_template ) REFERENCES rooftemplate(id) ON DELETE SET NULL ON UPDATE CASCADE , FOREIGN KEY (id_main_part_template ) REFERENCES mainparttemplate(id) ON DELETE SET NULL ON UPDATE CASCADE, FOREIGN KEY (id_basement_template ) REFERENCES basementtemplate(id) ON DELETE SET NULL ON UPDATE CASCADE )
2022-02-18 22:31:56.116 [main] INFO  com.kaa.simplebuild.DataProviderJDBC - conn17: url=jdbc:h2:tcp://localhost/~/test user=ADMIN
2022-02-18 22:31:56.128 [main] INFO  com.kaa.simplebuild.DataProviderJDBCTest - update  BuildingTemplate{id=1645212716116, name='test2' , idRoofTenplate=2, idMainPartTemplate=1, idBasementTemplate=1}
2022-02-18 22:31:56.129 [main] ERROR com.kaa.simplebuild.DataProviderJDBC - utils.NullObjectException: entity is null
2022-02-18 22:31:56.129 [main] DEBUG com.kaa.simplebuild.DataProviderJDBC - prep220:  DELETE FROM BUILDINGTEMPLATE WHERE id= (?) {1: 1645212716116}
2022-02-18 22:31:56.136 [main] INFO  com.kaa.simplebuild.DataProviderJDBC - prep221: CREATE TABLE IF NOT EXISTS ROOFMATERIAL ( id long UNIQUE NOT NULL , name char(50) NOT NULL , price double NOT NULL , durabilityYears int NOT NULL )
2022-02-18 22:31:56.136 [main] INFO  com.kaa.simplebuild.DataProviderJDBC - conn18: url=jdbc:h2:tcp://localhost/~/test user=ADMIN
2022-02-18 22:31:56.136 [main] INFO  com.kaa.simplebuild.DataProviderJDBC - prep222: CREATE TABLE IF NOT EXISTS MAINPARTMATERIAL ( id long UNIQUE NOT NULL , name char(50) NOT NULL, price double NOT NULL, soundTransmission double NOT NULL )
2022-02-18 22:31:56.136 [main] INFO  com.kaa.simplebuild.DataProviderJDBC - conn18: url=jdbc:h2:tcp://localhost/~/test user=ADMIN
2022-02-18 22:31:56.136 [main] INFO  com.kaa.simplebuild.DataProviderJDBC - prep223: CREATE TABLE IF NOT EXISTS BASEMENTMATERIAL ( id long UNIQUE NOT NULL , name char(50) NOT NULL, price double NOT NULL, frostresistance int NOT NULL , waterproof int NOT NULL)
2022-02-18 22:31:56.137 [main] INFO  com.kaa.simplebuild.DataProviderJDBC - conn18: url=jdbc:h2:tcp://localhost/~/test user=ADMIN
2022-02-18 22:31:56.137 [main] INFO  com.kaa.simplebuild.DataProviderJDBC - prep224:  CREATE TABLE IF NOT EXISTS rooftemplate ( id long UNIQUE NOT NULL , name char(50) NOT NULL, pricemultiplier double NOT NULL, id_material long NOT NULL, insulation boolean NOT NULL, pipe boolean NOT NULL, FOREIGN KEY (id_material ) REFERENCES roofmaterial(id) ON DELETE SET NULL ON UPDATE CASCADE )
2022-02-18 22:31:56.137 [main] INFO  com.kaa.simplebuild.DataProviderJDBC - conn18: url=jdbc:h2:tcp://localhost/~/test user=ADMIN
2022-02-18 22:31:56.137 [main] INFO  com.kaa.simplebuild.DataProviderJDBC - prep225: CREATE TABLE IF NOT EXISTS mainparttemplate ( id long UNIQUE NOT NULL , name char(50) NOT NULL, pricemultiplier double NOT NULL, id_material long NOT NULL,  veranda boolean NOT NULL, windows int NOT NULL, FOREIGN KEY (id_material ) REFERENCES mainpartmaterial(id) ON DELETE SET NULL  ON UPDATE CASCADE )
2022-02-18 22:31:56.137 [main] INFO  com.kaa.simplebuild.DataProviderJDBC - conn18: url=jdbc:h2:tcp://localhost/~/test user=ADMIN
2022-02-18 22:31:56.137 [main] INFO  com.kaa.simplebuild.DataProviderJDBC - prep226: CREATE TABLE IF NOT EXISTS basementtemplate ( id long UNIQUE NOT NULL , name char(50) NOT NULL, pricemultiplier double NOT NULL, id_material long NOT NULL, cellar boolean NOT NULL, FOREIGN KEY (id_material ) REFERENCES basementmaterial(id) ON DELETE SET NULL ON UPDATE CASCADE )
2022-02-18 22:31:56.138 [main] INFO  com.kaa.simplebuild.DataProviderJDBC - conn18: url=jdbc:h2:tcp://localhost/~/test user=ADMIN
2022-02-18 22:31:56.138 [main] INFO  com.kaa.simplebuild.DataProviderJDBC - prep227: CREATE TABLE IF NOT EXISTS buildingtemplate ( id long UNIQUE NOT NULL, name char(50) NOT NULL, id_roof_template long NOT NULL, id_main_part_template long NOT NULL, id_basement_template long NOT NULL, FOREIGN KEY (id_roof_template ) REFERENCES rooftemplate(id) ON DELETE SET NULL ON UPDATE CASCADE , FOREIGN KEY (id_main_part_template ) REFERENCES mainparttemplate(id) ON DELETE SET NULL ON UPDATE CASCADE, FOREIGN KEY (id_basement_template ) REFERENCES basementtemplate(id) ON DELETE SET NULL ON UPDATE CASCADE )
2022-02-18 22:31:56.138 [main] INFO  com.kaa.simplebuild.DataProviderJDBC - conn18: url=jdbc:h2:tcp://localhost/~/test user=ADMIN
2022-02-18 22:31:56.151 [main] INFO  com.kaa.simplebuild.DataProviderJDBCTest - update  MainPartMaterial{id=1645212716138, name='test2', price=2.0, soundTransmission=2.0}
2022-02-18 22:31:56.152 [main] DEBUG com.kaa.simplebuild.DataProviderJDBC - prep235:  DELETE FROM MAINPARTMATERIAL WHERE id= (?) {1: 1645212716138}
2022-02-18 22:31:56.152 [main] DEBUG com.kaa.simplebuild.DataProviderJDBC - conn18: url=jdbc:h2:tcp://localhost/~/test user=ADMIN
2022-02-18 22:31:56.159 [main] INFO  com.kaa.simplebuild.DataProviderJDBC - prep236: CREATE TABLE IF NOT EXISTS ROOFMATERIAL ( id long UNIQUE NOT NULL , name char(50) NOT NULL , price double NOT NULL , durabilityYears int NOT NULL )
2022-02-18 22:31:56.159 [main] INFO  com.kaa.simplebuild.DataProviderJDBC - conn19: url=jdbc:h2:tcp://localhost/~/test user=ADMIN
2022-02-18 22:31:56.160 [main] INFO  com.kaa.simplebuild.DataProviderJDBC - prep237: CREATE TABLE IF NOT EXISTS MAINPARTMATERIAL ( id long UNIQUE NOT NULL , name char(50) NOT NULL, price double NOT NULL, soundTransmission double NOT NULL )
2022-02-18 22:31:56.160 [main] INFO  com.kaa.simplebuild.DataProviderJDBC - conn19: url=jdbc:h2:tcp://localhost/~/test user=ADMIN
2022-02-18 22:31:56.160 [main] INFO  com.kaa.simplebuild.DataProviderJDBC - prep238: CREATE TABLE IF NOT EXISTS BASEMENTMATERIAL ( id long UNIQUE NOT NULL , name char(50) NOT NULL, price double NOT NULL, frostresistance int NOT NULL , waterproof int NOT NULL)
2022-02-18 22:31:56.160 [main] INFO  com.kaa.simplebuild.DataProviderJDBC - conn19: url=jdbc:h2:tcp://localhost/~/test user=ADMIN
2022-02-18 22:31:56.160 [main] INFO  com.kaa.simplebuild.DataProviderJDBC - prep239:  CREATE TABLE IF NOT EXISTS rooftemplate ( id long UNIQUE NOT NULL , name char(50) NOT NULL, pricemultiplier double NOT NULL, id_material long NOT NULL, insulation boolean NOT NULL, pipe boolean NOT NULL, FOREIGN KEY (id_material ) REFERENCES roofmaterial(id) ON DELETE SET NULL ON UPDATE CASCADE )
2022-02-18 22:31:56.160 [main] INFO  com.kaa.simplebuild.DataProviderJDBC - conn19: url=jdbc:h2:tcp://localhost/~/test user=ADMIN
2022-02-18 22:31:56.160 [main] INFO  com.kaa.simplebuild.DataProviderJDBC - prep240: CREATE TABLE IF NOT EXISTS mainparttemplate ( id long UNIQUE NOT NULL , name char(50) NOT NULL, pricemultiplier double NOT NULL, id_material long NOT NULL,  veranda boolean NOT NULL, windows int NOT NULL, FOREIGN KEY (id_material ) REFERENCES mainpartmaterial(id) ON DELETE SET NULL  ON UPDATE CASCADE )
2022-02-18 22:31:56.160 [main] INFO  com.kaa.simplebuild.DataProviderJDBC - conn19: url=jdbc:h2:tcp://localhost/~/test user=ADMIN
2022-02-18 22:31:56.160 [main] INFO  com.kaa.simplebuild.DataProviderJDBC - prep241: CREATE TABLE IF NOT EXISTS basementtemplate ( id long UNIQUE NOT NULL , name char(50) NOT NULL, pricemultiplier double NOT NULL, id_material long NOT NULL, cellar boolean NOT NULL, FOREIGN KEY (id_material ) REFERENCES basementmaterial(id) ON DELETE SET NULL ON UPDATE CASCADE )
2022-02-18 22:31:56.160 [main] INFO  com.kaa.simplebuild.DataProviderJDBC - conn19: url=jdbc:h2:tcp://localhost/~/test user=ADMIN
2022-02-18 22:31:56.161 [main] INFO  com.kaa.simplebuild.DataProviderJDBC - prep242: CREATE TABLE IF NOT EXISTS buildingtemplate ( id long UNIQUE NOT NULL, name char(50) NOT NULL, id_roof_template long NOT NULL, id_main_part_template long NOT NULL, id_basement_template long NOT NULL, FOREIGN KEY (id_roof_template ) REFERENCES rooftemplate(id) ON DELETE SET NULL ON UPDATE CASCADE , FOREIGN KEY (id_main_part_template ) REFERENCES mainparttemplate(id) ON DELETE SET NULL ON UPDATE CASCADE, FOREIGN KEY (id_basement_template ) REFERENCES basementtemplate(id) ON DELETE SET NULL ON UPDATE CASCADE )
2022-02-18 22:31:56.161 [main] INFO  com.kaa.simplebuild.DataProviderJDBC - conn19: url=jdbc:h2:tcp://localhost/~/test user=ADMIN
2022-02-18 22:31:56.177 [main] INFO  com.kaa.simplebuild.DataProviderJDBC - prep248: CREATE TABLE IF NOT EXISTS ROOFMATERIAL ( id long UNIQUE NOT NULL , name char(50) NOT NULL , price double NOT NULL , durabilityYears int NOT NULL )
2022-02-18 22:31:56.177 [main] INFO  com.kaa.simplebuild.DataProviderJDBC - conn20: url=jdbc:h2:tcp://localhost/~/test user=ADMIN
2022-02-18 22:31:56.178 [main] INFO  com.kaa.simplebuild.DataProviderJDBC - prep249: CREATE TABLE IF NOT EXISTS MAINPARTMATERIAL ( id long UNIQUE NOT NULL , name char(50) NOT NULL, price double NOT NULL, soundTransmission double NOT NULL )
2022-02-18 22:31:56.178 [main] INFO  com.kaa.simplebuild.DataProviderJDBC - conn20: url=jdbc:h2:tcp://localhost/~/test user=ADMIN
2022-02-18 22:31:56.178 [main] INFO  com.kaa.simplebuild.DataProviderJDBC - prep250: CREATE TABLE IF NOT EXISTS BASEMENTMATERIAL ( id long UNIQUE NOT NULL , name char(50) NOT NULL, price double NOT NULL, frostresistance int NOT NULL , waterproof int NOT NULL)
2022-02-18 22:31:56.178 [main] INFO  com.kaa.simplebuild.DataProviderJDBC - conn20: url=jdbc:h2:tcp://localhost/~/test user=ADMIN
2022-02-18 22:31:56.178 [main] INFO  com.kaa.simplebuild.DataProviderJDBC - prep251:  CREATE TABLE IF NOT EXISTS rooftemplate ( id long UNIQUE NOT NULL , name char(50) NOT NULL, pricemultiplier double NOT NULL, id_material long NOT NULL, insulation boolean NOT NULL, pipe boolean NOT NULL, FOREIGN KEY (id_material ) REFERENCES roofmaterial(id) ON DELETE SET NULL ON UPDATE CASCADE )
2022-02-18 22:31:56.178 [main] INFO  com.kaa.simplebuild.DataProviderJDBC - conn20: url=jdbc:h2:tcp://localhost/~/test user=ADMIN
2022-02-18 22:31:56.178 [main] INFO  com.kaa.simplebuild.DataProviderJDBC - prep252: CREATE TABLE IF NOT EXISTS mainparttemplate ( id long UNIQUE NOT NULL , name char(50) NOT NULL, pricemultiplier double NOT NULL, id_material long NOT NULL,  veranda boolean NOT NULL, windows int NOT NULL, FOREIGN KEY (id_material ) REFERENCES mainpartmaterial(id) ON DELETE SET NULL  ON UPDATE CASCADE )
2022-02-18 22:31:56.179 [main] INFO  com.kaa.simplebuild.DataProviderJDBC - conn20: url=jdbc:h2:tcp://localhost/~/test user=ADMIN
2022-02-18 22:31:56.179 [main] INFO  com.kaa.simplebuild.DataProviderJDBC - prep253: CREATE TABLE IF NOT EXISTS basementtemplate ( id long UNIQUE NOT NULL , name char(50) NOT NULL, pricemultiplier double NOT NULL, id_material long NOT NULL, cellar boolean NOT NULL, FOREIGN KEY (id_material ) REFERENCES basementmaterial(id) ON DELETE SET NULL ON UPDATE CASCADE )
2022-02-18 22:31:56.179 [main] INFO  com.kaa.simplebuild.DataProviderJDBC - conn20: url=jdbc:h2:tcp://localhost/~/test user=ADMIN
2022-02-18 22:31:56.179 [main] INFO  com.kaa.simplebuild.DataProviderJDBC - prep254: CREATE TABLE IF NOT EXISTS buildingtemplate ( id long UNIQUE NOT NULL, name char(50) NOT NULL, id_roof_template long NOT NULL, id_main_part_template long NOT NULL, id_basement_template long NOT NULL, FOREIGN KEY (id_roof_template ) REFERENCES rooftemplate(id) ON DELETE SET NULL ON UPDATE CASCADE , FOREIGN KEY (id_main_part_template ) REFERENCES mainparttemplate(id) ON DELETE SET NULL ON UPDATE CASCADE, FOREIGN KEY (id_basement_template ) REFERENCES basementtemplate(id) ON DELETE SET NULL ON UPDATE CASCADE )
2022-02-18 22:31:56.179 [main] INFO  com.kaa.simplebuild.DataProviderJDBC - conn20: url=jdbc:h2:tcp://localhost/~/test user=ADMIN
2022-02-18 22:31:56.198 [main] ERROR com.kaa.simplebuild.DataProviderJDBC - utils.NullObjectException: entity is null
2022-02-18 22:31:56.198 [main] INFO  com.kaa.simplebuild.DataProviderJDBCTest - delnull
2022-02-18 22:31:56.198 [main] ERROR com.kaa.simplebuild.DataProviderJDBC - utils.NullObjectException: entity is null
2022-02-18 22:31:56.201 [main] INFO  com.kaa.simplebuild.DataProviderJDBC - prep261: CREATE TABLE IF NOT EXISTS ROOFMATERIAL ( id long UNIQUE NOT NULL , name char(50) NOT NULL , price double NOT NULL , durabilityYears int NOT NULL )
2022-02-18 22:31:56.201 [main] INFO  com.kaa.simplebuild.DataProviderJDBC - conn21: url=jdbc:h2:tcp://localhost/~/test user=ADMIN
2022-02-18 22:31:56.201 [main] INFO  com.kaa.simplebuild.DataProviderJDBC - prep262: CREATE TABLE IF NOT EXISTS MAINPARTMATERIAL ( id long UNIQUE NOT NULL , name char(50) NOT NULL, price double NOT NULL, soundTransmission double NOT NULL )
2022-02-18 22:31:56.201 [main] INFO  com.kaa.simplebuild.DataProviderJDBC - conn21: url=jdbc:h2:tcp://localhost/~/test user=ADMIN
2022-02-18 22:31:56.201 [main] INFO  com.kaa.simplebuild.DataProviderJDBC - prep263: CREATE TABLE IF NOT EXISTS BASEMENTMATERIAL ( id long UNIQUE NOT NULL , name char(50) NOT NULL, price double NOT NULL, frostresistance int NOT NULL , waterproof int NOT NULL)
2022-02-18 22:31:56.201 [main] INFO  com.kaa.simplebuild.DataProviderJDBC - conn21: url=jdbc:h2:tcp://localhost/~/test user=ADMIN
2022-02-18 22:31:56.202 [main] INFO  com.kaa.simplebuild.DataProviderJDBC - prep264:  CREATE TABLE IF NOT EXISTS rooftemplate ( id long UNIQUE NOT NULL , name char(50) NOT NULL, pricemultiplier double NOT NULL, id_material long NOT NULL, insulation boolean NOT NULL, pipe boolean NOT NULL, FOREIGN KEY (id_material ) REFERENCES roofmaterial(id) ON DELETE SET NULL ON UPDATE CASCADE )
2022-02-18 22:31:56.202 [main] INFO  com.kaa.simplebuild.DataProviderJDBC - conn21: url=jdbc:h2:tcp://localhost/~/test user=ADMIN
2022-02-18 22:31:56.202 [main] INFO  com.kaa.simplebuild.DataProviderJDBC - prep265: CREATE TABLE IF NOT EXISTS mainparttemplate ( id long UNIQUE NOT NULL , name char(50) NOT NULL, pricemultiplier double NOT NULL, id_material long NOT NULL,  veranda boolean NOT NULL, windows int NOT NULL, FOREIGN KEY (id_material ) REFERENCES mainpartmaterial(id) ON DELETE SET NULL  ON UPDATE CASCADE )
2022-02-18 22:31:56.202 [main] INFO  com.kaa.simplebuild.DataProviderJDBC - conn21: url=jdbc:h2:tcp://localhost/~/test user=ADMIN
2022-02-18 22:31:56.202 [main] INFO  com.kaa.simplebuild.DataProviderJDBC - prep266: CREATE TABLE IF NOT EXISTS basementtemplate ( id long UNIQUE NOT NULL , name char(50) NOT NULL, pricemultiplier double NOT NULL, id_material long NOT NULL, cellar boolean NOT NULL, FOREIGN KEY (id_material ) REFERENCES basementmaterial(id) ON DELETE SET NULL ON UPDATE CASCADE )
2022-02-18 22:31:56.202 [main] INFO  com.kaa.simplebuild.DataProviderJDBC - conn21: url=jdbc:h2:tcp://localhost/~/test user=ADMIN
2022-02-18 22:31:56.202 [main] INFO  com.kaa.simplebuild.DataProviderJDBC - prep267: CREATE TABLE IF NOT EXISTS buildingtemplate ( id long UNIQUE NOT NULL, name char(50) NOT NULL, id_roof_template long NOT NULL, id_main_part_template long NOT NULL, id_basement_template long NOT NULL, FOREIGN KEY (id_roof_template ) REFERENCES rooftemplate(id) ON DELETE SET NULL ON UPDATE CASCADE , FOREIGN KEY (id_main_part_template ) REFERENCES mainparttemplate(id) ON DELETE SET NULL ON UPDATE CASCADE, FOREIGN KEY (id_basement_template ) REFERENCES basementtemplate(id) ON DELETE SET NULL ON UPDATE CASCADE )
2022-02-18 22:31:56.202 [main] INFO  com.kaa.simplebuild.DataProviderJDBC - conn21: url=jdbc:h2:tcp://localhost/~/test user=ADMIN
2022-02-18 22:31:56.205 [main] INFO  com.kaa.simplebuild.DataProviderJDBC - prep269: CREATE TABLE IF NOT EXISTS ROOFMATERIAL ( id long UNIQUE NOT NULL , name char(50) NOT NULL , price double NOT NULL , durabilityYears int NOT NULL )
2022-02-18 22:31:56.205 [main] INFO  com.kaa.simplebuild.DataProviderJDBC - conn22: url=jdbc:h2:tcp://localhost/~/test user=ADMIN
2022-02-18 22:31:56.205 [main] INFO  com.kaa.simplebuild.DataProviderJDBC - prep270: CREATE TABLE IF NOT EXISTS MAINPARTMATERIAL ( id long UNIQUE NOT NULL , name char(50) NOT NULL, price double NOT NULL, soundTransmission double NOT NULL )
2022-02-18 22:31:56.205 [main] INFO  com.kaa.simplebuild.DataProviderJDBC - conn22: url=jdbc:h2:tcp://localhost/~/test user=ADMIN
2022-02-18 22:31:56.206 [main] INFO  com.kaa.simplebuild.DataProviderJDBC - prep271: CREATE TABLE IF NOT EXISTS BASEMENTMATERIAL ( id long UNIQUE NOT NULL , name char(50) NOT NULL, price double NOT NULL, frostresistance int NOT NULL , waterproof int NOT NULL)
2022-02-18 22:31:56.206 [main] INFO  com.kaa.simplebuild.DataProviderJDBC - conn22: url=jdbc:h2:tcp://localhost/~/test user=ADMIN
2022-02-18 22:31:56.206 [main] INFO  com.kaa.simplebuild.DataProviderJDBC - prep272:  CREATE TABLE IF NOT EXISTS rooftemplate ( id long UNIQUE NOT NULL , name char(50) NOT NULL, pricemultiplier double NOT NULL, id_material long NOT NULL, insulation boolean NOT NULL, pipe boolean NOT NULL, FOREIGN KEY (id_material ) REFERENCES roofmaterial(id) ON DELETE SET NULL ON UPDATE CASCADE )
2022-02-18 22:31:56.206 [main] INFO  com.kaa.simplebuild.DataProviderJDBC - conn22: url=jdbc:h2:tcp://localhost/~/test user=ADMIN
2022-02-18 22:31:56.206 [main] INFO  com.kaa.simplebuild.DataProviderJDBC - prep273: CREATE TABLE IF NOT EXISTS mainparttemplate ( id long UNIQUE NOT NULL , name char(50) NOT NULL, pricemultiplier double NOT NULL, id_material long NOT NULL,  veranda boolean NOT NULL, windows int NOT NULL, FOREIGN KEY (id_material ) REFERENCES mainpartmaterial(id) ON DELETE SET NULL  ON UPDATE CASCADE )
2022-02-18 22:31:56.206 [main] INFO  com.kaa.simplebuild.DataProviderJDBC - conn22: url=jdbc:h2:tcp://localhost/~/test user=ADMIN
2022-02-18 22:31:56.206 [main] INFO  com.kaa.simplebuild.DataProviderJDBC - prep274: CREATE TABLE IF NOT EXISTS basementtemplate ( id long UNIQUE NOT NULL , name char(50) NOT NULL, pricemultiplier double NOT NULL, id_material long NOT NULL, cellar boolean NOT NULL, FOREIGN KEY (id_material ) REFERENCES basementmaterial(id) ON DELETE SET NULL ON UPDATE CASCADE )
2022-02-18 22:31:56.206 [main] INFO  com.kaa.simplebuild.DataProviderJDBC - conn22: url=jdbc:h2:tcp://localhost/~/test user=ADMIN
2022-02-18 22:31:56.206 [main] INFO  com.kaa.simplebuild.DataProviderJDBC - prep275: CREATE TABLE IF NOT EXISTS buildingtemplate ( id long UNIQUE NOT NULL, name char(50) NOT NULL, id_roof_template long NOT NULL, id_main_part_template long NOT NULL, id_basement_template long NOT NULL, FOREIGN KEY (id_roof_template ) REFERENCES rooftemplate(id) ON DELETE SET NULL ON UPDATE CASCADE , FOREIGN KEY (id_main_part_template ) REFERENCES mainparttemplate(id) ON DELETE SET NULL ON UPDATE CASCADE, FOREIGN KEY (id_basement_template ) REFERENCES basementtemplate(id) ON DELETE SET NULL ON UPDATE CASCADE )
2022-02-18 22:31:56.206 [main] INFO  com.kaa.simplebuild.DataProviderJDBC - conn22: url=jdbc:h2:tcp://localhost/~/test user=ADMIN
2022-02-18 22:31:56.208 [main] INFO  com.kaa.simplebuild.DataProviderJDBC - prep277: CREATE TABLE IF NOT EXISTS ROOFMATERIAL ( id long UNIQUE NOT NULL , name char(50) NOT NULL , price double NOT NULL , durabilityYears int NOT NULL )
2022-02-18 22:31:56.209 [main] INFO  com.kaa.simplebuild.DataProviderJDBC - conn23: url=jdbc:h2:tcp://localhost/~/test user=ADMIN
2022-02-18 22:31:56.209 [main] INFO  com.kaa.simplebuild.DataProviderJDBC - prep278: CREATE TABLE IF NOT EXISTS MAINPARTMATERIAL ( id long UNIQUE NOT NULL , name char(50) NOT NULL, price double NOT NULL, soundTransmission double NOT NULL )
2022-02-18 22:31:56.209 [main] INFO  com.kaa.simplebuild.DataProviderJDBC - conn23: url=jdbc:h2:tcp://localhost/~/test user=ADMIN
2022-02-18 22:31:56.209 [main] INFO  com.kaa.simplebuild.DataProviderJDBC - prep279: CREATE TABLE IF NOT EXISTS BASEMENTMATERIAL ( id long UNIQUE NOT NULL , name char(50) NOT NULL, price double NOT NULL, frostresistance int NOT NULL , waterproof int NOT NULL)
2022-02-18 22:31:56.209 [main] INFO  com.kaa.simplebuild.DataProviderJDBC - conn23: url=jdbc:h2:tcp://localhost/~/test user=ADMIN
2022-02-18 22:31:56.210 [main] INFO  com.kaa.simplebuild.DataProviderJDBC - prep280:  CREATE TABLE IF NOT EXISTS rooftemplate ( id long UNIQUE NOT NULL , name char(50) NOT NULL, pricemultiplier double NOT NULL, id_material long NOT NULL, insulation boolean NOT NULL, pipe boolean NOT NULL, FOREIGN KEY (id_material ) REFERENCES roofmaterial(id) ON DELETE SET NULL ON UPDATE CASCADE )
2022-02-18 22:31:56.210 [main] INFO  com.kaa.simplebuild.DataProviderJDBC - conn23: url=jdbc:h2:tcp://localhost/~/test user=ADMIN
2022-02-18 22:31:56.211 [main] INFO  com.kaa.simplebuild.DataProviderJDBC - prep281: CREATE TABLE IF NOT EXISTS mainparttemplate ( id long UNIQUE NOT NULL , name char(50) NOT NULL, pricemultiplier double NOT NULL, id_material long NOT NULL,  veranda boolean NOT NULL, windows int NOT NULL, FOREIGN KEY (id_material ) REFERENCES mainpartmaterial(id) ON DELETE SET NULL  ON UPDATE CASCADE )
2022-02-18 22:31:56.211 [main] INFO  com.kaa.simplebuild.DataProviderJDBC - conn23: url=jdbc:h2:tcp://localhost/~/test user=ADMIN
2022-02-18 22:31:56.213 [main] INFO  com.kaa.simplebuild.DataProviderJDBC - prep282: CREATE TABLE IF NOT EXISTS basementtemplate ( id long UNIQUE NOT NULL , name char(50) NOT NULL, pricemultiplier double NOT NULL, id_material long NOT NULL, cellar boolean NOT NULL, FOREIGN KEY (id_material ) REFERENCES basementmaterial(id) ON DELETE SET NULL ON UPDATE CASCADE )
2022-02-18 22:31:56.213 [main] INFO  com.kaa.simplebuild.DataProviderJDBC - conn23: url=jdbc:h2:tcp://localhost/~/test user=ADMIN
2022-02-18 22:31:56.213 [main] INFO  com.kaa.simplebuild.DataProviderJDBC - prep283: CREATE TABLE IF NOT EXISTS buildingtemplate ( id long UNIQUE NOT NULL, name char(50) NOT NULL, id_roof_template long NOT NULL, id_main_part_template long NOT NULL, id_basement_template long NOT NULL, FOREIGN KEY (id_roof_template ) REFERENCES rooftemplate(id) ON DELETE SET NULL ON UPDATE CASCADE , FOREIGN KEY (id_main_part_template ) REFERENCES mainparttemplate(id) ON DELETE SET NULL ON UPDATE CASCADE, FOREIGN KEY (id_basement_template ) REFERENCES basementtemplate(id) ON DELETE SET NULL ON UPDATE CASCADE )
2022-02-18 22:31:56.214 [main] INFO  com.kaa.simplebuild.DataProviderJDBC - conn23: url=jdbc:h2:tcp://localhost/~/test user=ADMIN
2022-02-18 22:31:56.228 [main] INFO  com.kaa.simplebuild.DataProviderJDBCTest - update  BasementMaterial{id=1645212716215, name='test2', price=2.0, frostResistance=2, waterproof=2}
2022-02-18 22:31:56.238 [main] INFO  com.kaa.simplebuild.DataProviderJDBC - prep292: CREATE TABLE IF NOT EXISTS ROOFMATERIAL ( id long UNIQUE NOT NULL , name char(50) NOT NULL , price double NOT NULL , durabilityYears int NOT NULL )
2022-02-18 22:31:56.238 [main] INFO  com.kaa.simplebuild.DataProviderJDBC - conn24: url=jdbc:h2:tcp://localhost/~/test user=ADMIN
2022-02-18 22:31:56.238 [main] INFO  com.kaa.simplebuild.DataProviderJDBC - prep293: CREATE TABLE IF NOT EXISTS MAINPARTMATERIAL ( id long UNIQUE NOT NULL , name char(50) NOT NULL, price double NOT NULL, soundTransmission double NOT NULL )
2022-02-18 22:31:56.239 [main] INFO  com.kaa.simplebuild.DataProviderJDBC - conn24: url=jdbc:h2:tcp://localhost/~/test user=ADMIN
2022-02-18 22:31:56.239 [main] INFO  com.kaa.simplebuild.DataProviderJDBC - prep294: CREATE TABLE IF NOT EXISTS BASEMENTMATERIAL ( id long UNIQUE NOT NULL , name char(50) NOT NULL, price double NOT NULL, frostresistance int NOT NULL , waterproof int NOT NULL)
2022-02-18 22:31:56.239 [main] INFO  com.kaa.simplebuild.DataProviderJDBC - conn24: url=jdbc:h2:tcp://localhost/~/test user=ADMIN
2022-02-18 22:31:56.239 [main] INFO  com.kaa.simplebuild.DataProviderJDBC - prep295:  CREATE TABLE IF NOT EXISTS rooftemplate ( id long UNIQUE NOT NULL , name char(50) NOT NULL, pricemultiplier double NOT NULL, id_material long NOT NULL, insulation boolean NOT NULL, pipe boolean NOT NULL, FOREIGN KEY (id_material ) REFERENCES roofmaterial(id) ON DELETE SET NULL ON UPDATE CASCADE )
2022-02-18 22:31:56.239 [main] INFO  com.kaa.simplebuild.DataProviderJDBC - conn24: url=jdbc:h2:tcp://localhost/~/test user=ADMIN
2022-02-18 22:31:56.239 [main] INFO  com.kaa.simplebuild.DataProviderJDBC - prep296: CREATE TABLE IF NOT EXISTS mainparttemplate ( id long UNIQUE NOT NULL , name char(50) NOT NULL, pricemultiplier double NOT NULL, id_material long NOT NULL,  veranda boolean NOT NULL, windows int NOT NULL, FOREIGN KEY (id_material ) REFERENCES mainpartmaterial(id) ON DELETE SET NULL  ON UPDATE CASCADE )
2022-02-18 22:31:56.239 [main] INFO  com.kaa.simplebuild.DataProviderJDBC - conn24: url=jdbc:h2:tcp://localhost/~/test user=ADMIN
2022-02-18 22:31:56.239 [main] INFO  com.kaa.simplebuild.DataProviderJDBC - prep297: CREATE TABLE IF NOT EXISTS basementtemplate ( id long UNIQUE NOT NULL , name char(50) NOT NULL, pricemultiplier double NOT NULL, id_material long NOT NULL, cellar boolean NOT NULL, FOREIGN KEY (id_material ) REFERENCES basementmaterial(id) ON DELETE SET NULL ON UPDATE CASCADE )
2022-02-18 22:31:56.239 [main] INFO  com.kaa.simplebuild.DataProviderJDBC - conn24: url=jdbc:h2:tcp://localhost/~/test user=ADMIN
2022-02-18 22:31:56.240 [main] INFO  com.kaa.simplebuild.DataProviderJDBC - prep298: CREATE TABLE IF NOT EXISTS buildingtemplate ( id long UNIQUE NOT NULL, name char(50) NOT NULL, id_roof_template long NOT NULL, id_main_part_template long NOT NULL, id_basement_template long NOT NULL, FOREIGN KEY (id_roof_template ) REFERENCES rooftemplate(id) ON DELETE SET NULL ON UPDATE CASCADE , FOREIGN KEY (id_main_part_template ) REFERENCES mainparttemplate(id) ON DELETE SET NULL ON UPDATE CASCADE, FOREIGN KEY (id_basement_template ) REFERENCES basementtemplate(id) ON DELETE SET NULL ON UPDATE CASCADE )
2022-02-18 22:31:56.240 [main] INFO  com.kaa.simplebuild.DataProviderJDBC - conn24: url=jdbc:h2:tcp://localhost/~/test user=ADMIN
2022-02-18 22:31:56.259 [main] INFO  com.kaa.simplebuild.DataProviderJDBC - prep304: CREATE TABLE IF NOT EXISTS ROOFMATERIAL ( id long UNIQUE NOT NULL , name char(50) NOT NULL , price double NOT NULL , durabilityYears int NOT NULL )
2022-02-18 22:31:56.259 [main] INFO  com.kaa.simplebuild.DataProviderJDBC - conn25: url=jdbc:h2:tcp://localhost/~/test user=ADMIN
2022-02-18 22:31:56.260 [main] INFO  com.kaa.simplebuild.DataProviderJDBC - prep305: CREATE TABLE IF NOT EXISTS MAINPARTMATERIAL ( id long UNIQUE NOT NULL , name char(50) NOT NULL, price double NOT NULL, soundTransmission double NOT NULL )
2022-02-18 22:31:56.260 [main] INFO  com.kaa.simplebuild.DataProviderJDBC - conn25: url=jdbc:h2:tcp://localhost/~/test user=ADMIN
2022-02-18 22:31:56.260 [main] INFO  com.kaa.simplebuild.DataProviderJDBC - prep306: CREATE TABLE IF NOT EXISTS BASEMENTMATERIAL ( id long UNIQUE NOT NULL , name char(50) NOT NULL, price double NOT NULL, frostresistance int NOT NULL , waterproof int NOT NULL)
2022-02-18 22:31:56.260 [main] INFO  com.kaa.simplebuild.DataProviderJDBC - conn25: url=jdbc:h2:tcp://localhost/~/test user=ADMIN
2022-02-18 22:31:56.261 [main] INFO  com.kaa.simplebuild.DataProviderJDBC - prep307:  CREATE TABLE IF NOT EXISTS rooftemplate ( id long UNIQUE NOT NULL , name char(50) NOT NULL, pricemultiplier double NOT NULL, id_material long NOT NULL, insulation boolean NOT NULL, pipe boolean NOT NULL, FOREIGN KEY (id_material ) REFERENCES roofmaterial(id) ON DELETE SET NULL ON UPDATE CASCADE )
2022-02-18 22:31:56.261 [main] INFO  com.kaa.simplebuild.DataProviderJDBC - conn25: url=jdbc:h2:tcp://localhost/~/test user=ADMIN
2022-02-18 22:31:56.261 [main] INFO  com.kaa.simplebuild.DataProviderJDBC - prep308: CREATE TABLE IF NOT EXISTS mainparttemplate ( id long UNIQUE NOT NULL , name char(50) NOT NULL, pricemultiplier double NOT NULL, id_material long NOT NULL,  veranda boolean NOT NULL, windows int NOT NULL, FOREIGN KEY (id_material ) REFERENCES mainpartmaterial(id) ON DELETE SET NULL  ON UPDATE CASCADE )
2022-02-18 22:31:56.261 [main] INFO  com.kaa.simplebuild.DataProviderJDBC - conn25: url=jdbc:h2:tcp://localhost/~/test user=ADMIN
2022-02-18 22:31:56.261 [main] INFO  com.kaa.simplebuild.DataProviderJDBC - prep309: CREATE TABLE IF NOT EXISTS basementtemplate ( id long UNIQUE NOT NULL , name char(50) NOT NULL, pricemultiplier double NOT NULL, id_material long NOT NULL, cellar boolean NOT NULL, FOREIGN KEY (id_material ) REFERENCES basementmaterial(id) ON DELETE SET NULL ON UPDATE CASCADE )
2022-02-18 22:31:56.261 [main] INFO  com.kaa.simplebuild.DataProviderJDBC - conn25: url=jdbc:h2:tcp://localhost/~/test user=ADMIN
2022-02-18 22:31:56.261 [main] INFO  com.kaa.simplebuild.DataProviderJDBC - prep310: CREATE TABLE IF NOT EXISTS buildingtemplate ( id long UNIQUE NOT NULL, name char(50) NOT NULL, id_roof_template long NOT NULL, id_main_part_template long NOT NULL, id_basement_template long NOT NULL, FOREIGN KEY (id_roof_template ) REFERENCES rooftemplate(id) ON DELETE SET NULL ON UPDATE CASCADE , FOREIGN KEY (id_main_part_template ) REFERENCES mainparttemplate(id) ON DELETE SET NULL ON UPDATE CASCADE, FOREIGN KEY (id_basement_template ) REFERENCES basementtemplate(id) ON DELETE SET NULL ON UPDATE CASCADE )
2022-02-18 22:31:56.261 [main] INFO  com.kaa.simplebuild.DataProviderJDBC - conn25: url=jdbc:h2:tcp://localhost/~/test user=ADMIN
2022-02-18 22:31:56.273 [main] INFO  com.kaa.simplebuild.DataProviderJDBCTest - create  MainPartTemplate{id=1645212716262, name='test' , priceMultiplier=1.0, idMaterial=1}
2022-02-18 22:31:56.284 [main] INFO  com.kaa.simplebuild.DataProviderJDBC - prep316: CREATE TABLE IF NOT EXISTS ROOFMATERIAL ( id long UNIQUE NOT NULL , name char(50) NOT NULL , price double NOT NULL , durabilityYears int NOT NULL )
2022-02-18 22:31:56.284 [main] INFO  com.kaa.simplebuild.DataProviderJDBC - conn26: url=jdbc:h2:tcp://localhost/~/test user=ADMIN
2022-02-18 22:31:56.284 [main] INFO  com.kaa.simplebuild.DataProviderJDBC - prep317: CREATE TABLE IF NOT EXISTS MAINPARTMATERIAL ( id long UNIQUE NOT NULL , name char(50) NOT NULL, price double NOT NULL, soundTransmission double NOT NULL )
2022-02-18 22:31:56.284 [main] INFO  com.kaa.simplebuild.DataProviderJDBC - conn26: url=jdbc:h2:tcp://localhost/~/test user=ADMIN
2022-02-18 22:31:56.284 [main] INFO  com.kaa.simplebuild.DataProviderJDBC - prep318: CREATE TABLE IF NOT EXISTS BASEMENTMATERIAL ( id long UNIQUE NOT NULL , name char(50) NOT NULL, price double NOT NULL, frostresistance int NOT NULL , waterproof int NOT NULL)
2022-02-18 22:31:56.284 [main] INFO  com.kaa.simplebuild.DataProviderJDBC - conn26: url=jdbc:h2:tcp://localhost/~/test user=ADMIN
2022-02-18 22:31:56.284 [main] INFO  com.kaa.simplebuild.DataProviderJDBC - prep319:  CREATE TABLE IF NOT EXISTS rooftemplate ( id long UNIQUE NOT NULL , name char(50) NOT NULL, pricemultiplier double NOT NULL, id_material long NOT NULL, insulation boolean NOT NULL, pipe boolean NOT NULL, FOREIGN KEY (id_material ) REFERENCES roofmaterial(id) ON DELETE SET NULL ON UPDATE CASCADE )
2022-02-18 22:31:56.285 [main] INFO  com.kaa.simplebuild.DataProviderJDBC - conn26: url=jdbc:h2:tcp://localhost/~/test user=ADMIN
2022-02-18 22:31:56.285 [main] INFO  com.kaa.simplebuild.DataProviderJDBC - prep320: CREATE TABLE IF NOT EXISTS mainparttemplate ( id long UNIQUE NOT NULL , name char(50) NOT NULL, pricemultiplier double NOT NULL, id_material long NOT NULL,  veranda boolean NOT NULL, windows int NOT NULL, FOREIGN KEY (id_material ) REFERENCES mainpartmaterial(id) ON DELETE SET NULL  ON UPDATE CASCADE )
2022-02-18 22:31:56.285 [main] INFO  com.kaa.simplebuild.DataProviderJDBC - conn26: url=jdbc:h2:tcp://localhost/~/test user=ADMIN
2022-02-18 22:31:56.285 [main] INFO  com.kaa.simplebuild.DataProviderJDBC - prep321: CREATE TABLE IF NOT EXISTS basementtemplate ( id long UNIQUE NOT NULL , name char(50) NOT NULL, pricemultiplier double NOT NULL, id_material long NOT NULL, cellar boolean NOT NULL, FOREIGN KEY (id_material ) REFERENCES basementmaterial(id) ON DELETE SET NULL ON UPDATE CASCADE )
2022-02-18 22:31:56.285 [main] INFO  com.kaa.simplebuild.DataProviderJDBC - conn26: url=jdbc:h2:tcp://localhost/~/test user=ADMIN
2022-02-18 22:31:56.285 [main] INFO  com.kaa.simplebuild.DataProviderJDBC - prep322: CREATE TABLE IF NOT EXISTS buildingtemplate ( id long UNIQUE NOT NULL, name char(50) NOT NULL, id_roof_template long NOT NULL, id_main_part_template long NOT NULL, id_basement_template long NOT NULL, FOREIGN KEY (id_roof_template ) REFERENCES rooftemplate(id) ON DELETE SET NULL ON UPDATE CASCADE , FOREIGN KEY (id_main_part_template ) REFERENCES mainparttemplate(id) ON DELETE SET NULL ON UPDATE CASCADE, FOREIGN KEY (id_basement_template ) REFERENCES basementtemplate(id) ON DELETE SET NULL ON UPDATE CASCADE )
2022-02-18 22:31:56.285 [main] INFO  com.kaa.simplebuild.DataProviderJDBC - conn26: url=jdbc:h2:tcp://localhost/~/test user=ADMIN
2022-02-18 22:31:56.299 [main] ERROR com.kaa.simplebuild.DataProviderJDBC - utils.NullObjectException: entity is null
2022-02-18 22:31:56.300 [main] INFO  com.kaa.simplebuild.DataProviderJDBCTest - delnull
2022-02-18 22:31:56.300 [main] ERROR com.kaa.simplebuild.DataProviderJDBC - utils.NullObjectException: entity is null
2022-02-18 22:31:56.302 [main] INFO  com.kaa.simplebuild.DataProviderJDBC - prep329: CREATE TABLE IF NOT EXISTS ROOFMATERIAL ( id long UNIQUE NOT NULL , name char(50) NOT NULL , price double NOT NULL , durabilityYears int NOT NULL )
2022-02-18 22:31:56.302 [main] INFO  com.kaa.simplebuild.DataProviderJDBC - conn27: url=jdbc:h2:tcp://localhost/~/test user=ADMIN
2022-02-18 22:31:56.302 [main] INFO  com.kaa.simplebuild.DataProviderJDBC - prep330: CREATE TABLE IF NOT EXISTS MAINPARTMATERIAL ( id long UNIQUE NOT NULL , name char(50) NOT NULL, price double NOT NULL, soundTransmission double NOT NULL )
2022-02-18 22:31:56.302 [main] INFO  com.kaa.simplebuild.DataProviderJDBC - conn27: url=jdbc:h2:tcp://localhost/~/test user=ADMIN
2022-02-18 22:31:56.302 [main] INFO  com.kaa.simplebuild.DataProviderJDBC - prep331: CREATE TABLE IF NOT EXISTS BASEMENTMATERIAL ( id long UNIQUE NOT NULL , name char(50) NOT NULL, price double NOT NULL, frostresistance int NOT NULL , waterproof int NOT NULL)
2022-02-18 22:31:56.302 [main] INFO  com.kaa.simplebuild.DataProviderJDBC - conn27: url=jdbc:h2:tcp://localhost/~/test user=ADMIN
2022-02-18 22:31:56.303 [main] INFO  com.kaa.simplebuild.DataProviderJDBC - prep332:  CREATE TABLE IF NOT EXISTS rooftemplate ( id long UNIQUE NOT NULL , name char(50) NOT NULL, pricemultiplier double NOT NULL, id_material long NOT NULL, insulation boolean NOT NULL, pipe boolean NOT NULL, FOREIGN KEY (id_material ) REFERENCES roofmaterial(id) ON DELETE SET NULL ON UPDATE CASCADE )
2022-02-18 22:31:56.303 [main] INFO  com.kaa.simplebuild.DataProviderJDBC - conn27: url=jdbc:h2:tcp://localhost/~/test user=ADMIN
2022-02-18 22:31:56.303 [main] INFO  com.kaa.simplebuild.DataProviderJDBC - prep333: CREATE TABLE IF NOT EXISTS mainparttemplate ( id long UNIQUE NOT NULL , name char(50) NOT NULL, pricemultiplier double NOT NULL, id_material long NOT NULL,  veranda boolean NOT NULL, windows int NOT NULL, FOREIGN KEY (id_material ) REFERENCES mainpartmaterial(id) ON DELETE SET NULL  ON UPDATE CASCADE )
2022-02-18 22:31:56.303 [main] INFO  com.kaa.simplebuild.DataProviderJDBC - conn27: url=jdbc:h2:tcp://localhost/~/test user=ADMIN
2022-02-18 22:31:56.303 [main] INFO  com.kaa.simplebuild.DataProviderJDBC - prep334: CREATE TABLE IF NOT EXISTS basementtemplate ( id long UNIQUE NOT NULL , name char(50) NOT NULL, pricemultiplier double NOT NULL, id_material long NOT NULL, cellar boolean NOT NULL, FOREIGN KEY (id_material ) REFERENCES basementmaterial(id) ON DELETE SET NULL ON UPDATE CASCADE )
2022-02-18 22:31:56.303 [main] INFO  com.kaa.simplebuild.DataProviderJDBC - conn27: url=jdbc:h2:tcp://localhost/~/test user=ADMIN
2022-02-18 22:31:56.303 [main] INFO  com.kaa.simplebuild.DataProviderJDBC - prep335: CREATE TABLE IF NOT EXISTS buildingtemplate ( id long UNIQUE NOT NULL, name char(50) NOT NULL, id_roof_template long NOT NULL, id_main_part_template long NOT NULL, id_basement_template long NOT NULL, FOREIGN KEY (id_roof_template ) REFERENCES rooftemplate(id) ON DELETE SET NULL ON UPDATE CASCADE , FOREIGN KEY (id_main_part_template ) REFERENCES mainparttemplate(id) ON DELETE SET NULL ON UPDATE CASCADE, FOREIGN KEY (id_basement_template ) REFERENCES basementtemplate(id) ON DELETE SET NULL ON UPDATE CASCADE )
2022-02-18 22:31:56.303 [main] INFO  com.kaa.simplebuild.DataProviderJDBC - conn27: url=jdbc:h2:tcp://localhost/~/test user=ADMIN
2022-02-18 22:31:56.306 [main] INFO  com.kaa.simplebuild.DataProviderJDBC - prep337: CREATE TABLE IF NOT EXISTS ROOFMATERIAL ( id long UNIQUE NOT NULL , name char(50) NOT NULL , price double NOT NULL , durabilityYears int NOT NULL )
2022-02-18 22:31:56.306 [main] INFO  com.kaa.simplebuild.DataProviderJDBC - conn28: url=jdbc:h2:tcp://localhost/~/test user=ADMIN
2022-02-18 22:31:56.306 [main] INFO  com.kaa.simplebuild.DataProviderJDBC - prep338: CREATE TABLE IF NOT EXISTS MAINPARTMATERIAL ( id long UNIQUE NOT NULL , name char(50) NOT NULL, price double NOT NULL, soundTransmission double NOT NULL )
2022-02-18 22:31:56.306 [main] INFO  com.kaa.simplebuild.DataProviderJDBC - conn28: url=jdbc:h2:tcp://localhost/~/test user=ADMIN
2022-02-18 22:31:56.306 [main] INFO  com.kaa.simplebuild.DataProviderJDBC - prep339: CREATE TABLE IF NOT EXISTS BASEMENTMATERIAL ( id long UNIQUE NOT NULL , name char(50) NOT NULL, price double NOT NULL, frostresistance int NOT NULL , waterproof int NOT NULL)
2022-02-18 22:31:56.306 [main] INFO  com.kaa.simplebuild.DataProviderJDBC - conn28: url=jdbc:h2:tcp://localhost/~/test user=ADMIN
2022-02-18 22:31:56.306 [main] INFO  com.kaa.simplebuild.DataProviderJDBC - prep340:  CREATE TABLE IF NOT EXISTS rooftemplate ( id long UNIQUE NOT NULL , name char(50) NOT NULL, pricemultiplier double NOT NULL, id_material long NOT NULL, insulation boolean NOT NULL, pipe boolean NOT NULL, FOREIGN KEY (id_material ) REFERENCES roofmaterial(id) ON DELETE SET NULL ON UPDATE CASCADE )
2022-02-18 22:31:56.307 [main] INFO  com.kaa.simplebuild.DataProviderJDBC - conn28: url=jdbc:h2:tcp://localhost/~/test user=ADMIN
2022-02-18 22:31:56.307 [main] INFO  com.kaa.simplebuild.DataProviderJDBC - prep341: CREATE TABLE IF NOT EXISTS mainparttemplate ( id long UNIQUE NOT NULL , name char(50) NOT NULL, pricemultiplier double NOT NULL, id_material long NOT NULL,  veranda boolean NOT NULL, windows int NOT NULL, FOREIGN KEY (id_material ) REFERENCES mainpartmaterial(id) ON DELETE SET NULL  ON UPDATE CASCADE )
2022-02-18 22:31:56.307 [main] INFO  com.kaa.simplebuild.DataProviderJDBC - conn28: url=jdbc:h2:tcp://localhost/~/test user=ADMIN
2022-02-18 22:31:56.307 [main] INFO  com.kaa.simplebuild.DataProviderJDBC - prep342: CREATE TABLE IF NOT EXISTS basementtemplate ( id long UNIQUE NOT NULL , name char(50) NOT NULL, pricemultiplier double NOT NULL, id_material long NOT NULL, cellar boolean NOT NULL, FOREIGN KEY (id_material ) REFERENCES basementmaterial(id) ON DELETE SET NULL ON UPDATE CASCADE )
2022-02-18 22:31:56.307 [main] INFO  com.kaa.simplebuild.DataProviderJDBC - conn28: url=jdbc:h2:tcp://localhost/~/test user=ADMIN
2022-02-18 22:31:56.307 [main] INFO  com.kaa.simplebuild.DataProviderJDBC - prep343: CREATE TABLE IF NOT EXISTS buildingtemplate ( id long UNIQUE NOT NULL, name char(50) NOT NULL, id_roof_template long NOT NULL, id_main_part_template long NOT NULL, id_basement_template long NOT NULL, FOREIGN KEY (id_roof_template ) REFERENCES rooftemplate(id) ON DELETE SET NULL ON UPDATE CASCADE , FOREIGN KEY (id_main_part_template ) REFERENCES mainparttemplate(id) ON DELETE SET NULL ON UPDATE CASCADE, FOREIGN KEY (id_basement_template ) REFERENCES basementtemplate(id) ON DELETE SET NULL ON UPDATE CASCADE )
2022-02-18 22:31:56.307 [main] INFO  com.kaa.simplebuild.DataProviderJDBC - conn28: url=jdbc:h2:tcp://localhost/~/test user=ADMIN
2022-02-18 22:31:56.326 [main] INFO  com.kaa.simplebuild.DataProviderJDBCTest - update  RoofTemplate{id=1645212716308, name='test2' , priceMultiplier=1.0, idMaterial=1, insulation=true, pipe=true}
2022-02-18 22:31:56.355 [main] INFO  com.kaa.simplebuild.DataProviderJDBC - prep352: CREATE TABLE IF NOT EXISTS ROOFMATERIAL ( id long UNIQUE NOT NULL , name char(50) NOT NULL , price double NOT NULL , durabilityYears int NOT NULL )
2022-02-18 22:31:56.355 [main] INFO  com.kaa.simplebuild.DataProviderJDBC - conn29: url=jdbc:h2:tcp://localhost/~/test user=ADMIN
2022-02-18 22:31:56.356 [main] INFO  com.kaa.simplebuild.DataProviderJDBC - prep353: CREATE TABLE IF NOT EXISTS MAINPARTMATERIAL ( id long UNIQUE NOT NULL , name char(50) NOT NULL, price double NOT NULL, soundTransmission double NOT NULL )
2022-02-18 22:31:56.356 [main] INFO  com.kaa.simplebuild.DataProviderJDBC - conn29: url=jdbc:h2:tcp://localhost/~/test user=ADMIN
2022-02-18 22:31:56.356 [main] INFO  com.kaa.simplebuild.DataProviderJDBC - prep354: CREATE TABLE IF NOT EXISTS BASEMENTMATERIAL ( id long UNIQUE NOT NULL , name char(50) NOT NULL, price double NOT NULL, frostresistance int NOT NULL , waterproof int NOT NULL)
2022-02-18 22:31:56.356 [main] INFO  com.kaa.simplebuild.DataProviderJDBC - conn29: url=jdbc:h2:tcp://localhost/~/test user=ADMIN
2022-02-18 22:31:56.356 [main] INFO  com.kaa.simplebuild.DataProviderJDBC - prep355:  CREATE TABLE IF NOT EXISTS rooftemplate ( id long UNIQUE NOT NULL , name char(50) NOT NULL, pricemultiplier double NOT NULL, id_material long NOT NULL, insulation boolean NOT NULL, pipe boolean NOT NULL, FOREIGN KEY (id_material ) REFERENCES roofmaterial(id) ON DELETE SET NULL ON UPDATE CASCADE )
2022-02-18 22:31:56.357 [main] INFO  com.kaa.simplebuild.DataProviderJDBC - conn29: url=jdbc:h2:tcp://localhost/~/test user=ADMIN
2022-02-18 22:31:56.357 [main] INFO  com.kaa.simplebuild.DataProviderJDBC - prep356: CREATE TABLE IF NOT EXISTS mainparttemplate ( id long UNIQUE NOT NULL , name char(50) NOT NULL, pricemultiplier double NOT NULL, id_material long NOT NULL,  veranda boolean NOT NULL, windows int NOT NULL, FOREIGN KEY (id_material ) REFERENCES mainpartmaterial(id) ON DELETE SET NULL  ON UPDATE CASCADE )
2022-02-18 22:31:56.357 [main] INFO  com.kaa.simplebuild.DataProviderJDBC - conn29: url=jdbc:h2:tcp://localhost/~/test user=ADMIN
2022-02-18 22:31:56.357 [main] INFO  com.kaa.simplebuild.DataProviderJDBC - prep357: CREATE TABLE IF NOT EXISTS basementtemplate ( id long UNIQUE NOT NULL , name char(50) NOT NULL, pricemultiplier double NOT NULL, id_material long NOT NULL, cellar boolean NOT NULL, FOREIGN KEY (id_material ) REFERENCES basementmaterial(id) ON DELETE SET NULL ON UPDATE CASCADE )
2022-02-18 22:31:56.357 [main] INFO  com.kaa.simplebuild.DataProviderJDBC - conn29: url=jdbc:h2:tcp://localhost/~/test user=ADMIN
2022-02-18 22:31:56.357 [main] INFO  com.kaa.simplebuild.DataProviderJDBC - prep358: CREATE TABLE IF NOT EXISTS buildingtemplate ( id long UNIQUE NOT NULL, name char(50) NOT NULL, id_roof_template long NOT NULL, id_main_part_template long NOT NULL, id_basement_template long NOT NULL, FOREIGN KEY (id_roof_template ) REFERENCES rooftemplate(id) ON DELETE SET NULL ON UPDATE CASCADE , FOREIGN KEY (id_main_part_template ) REFERENCES mainparttemplate(id) ON DELETE SET NULL ON UPDATE CASCADE, FOREIGN KEY (id_basement_template ) REFERENCES basementtemplate(id) ON DELETE SET NULL ON UPDATE CASCADE )
2022-02-18 22:31:56.357 [main] INFO  com.kaa.simplebuild.DataProviderJDBC - conn29: url=jdbc:h2:tcp://localhost/~/test user=ADMIN
2022-02-18 22:31:56.365 [main] INFO  com.kaa.simplebuild.DataProviderJDBCTest - create  BasementTemplate{id=1645212716358, name='test' , priceMultiplier=1.0, idMaterial=1, cellar=false}
2022-02-18 22:31:56.386 [main] INFO  com.kaa.simplebuild.DataProviderJDBC - prep364: CREATE TABLE IF NOT EXISTS ROOFMATERIAL ( id long UNIQUE NOT NULL , name char(50) NOT NULL , price double NOT NULL , durabilityYears int NOT NULL )
2022-02-18 22:31:56.386 [main] INFO  com.kaa.simplebuild.DataProviderJDBC - conn30: url=jdbc:h2:tcp://localhost/~/test user=ADMIN
2022-02-18 22:31:56.386 [main] INFO  com.kaa.simplebuild.DataProviderJDBC - prep365: CREATE TABLE IF NOT EXISTS MAINPARTMATERIAL ( id long UNIQUE NOT NULL , name char(50) NOT NULL, price double NOT NULL, soundTransmission double NOT NULL )
2022-02-18 22:31:56.386 [main] INFO  com.kaa.simplebuild.DataProviderJDBC - conn30: url=jdbc:h2:tcp://localhost/~/test user=ADMIN
2022-02-18 22:31:56.387 [main] INFO  com.kaa.simplebuild.DataProviderJDBC - prep366: CREATE TABLE IF NOT EXISTS BASEMENTMATERIAL ( id long UNIQUE NOT NULL , name char(50) NOT NULL, price double NOT NULL, frostresistance int NOT NULL , waterproof int NOT NULL)
2022-02-18 22:31:56.387 [main] INFO  com.kaa.simplebuild.DataProviderJDBC - conn30: url=jdbc:h2:tcp://localhost/~/test user=ADMIN
2022-02-18 22:31:56.387 [main] INFO  com.kaa.simplebuild.DataProviderJDBC - prep367:  CREATE TABLE IF NOT EXISTS rooftemplate ( id long UNIQUE NOT NULL , name char(50) NOT NULL, pricemultiplier double NOT NULL, id_material long NOT NULL, insulation boolean NOT NULL, pipe boolean NOT NULL, FOREIGN KEY (id_material ) REFERENCES roofmaterial(id) ON DELETE SET NULL ON UPDATE CASCADE )
2022-02-18 22:31:56.387 [main] INFO  com.kaa.simplebuild.DataProviderJDBC - conn30: url=jdbc:h2:tcp://localhost/~/test user=ADMIN
2022-02-18 22:31:56.387 [main] INFO  com.kaa.simplebuild.DataProviderJDBC - prep368: CREATE TABLE IF NOT EXISTS mainparttemplate ( id long UNIQUE NOT NULL , name char(50) NOT NULL, pricemultiplier double NOT NULL, id_material long NOT NULL,  veranda boolean NOT NULL, windows int NOT NULL, FOREIGN KEY (id_material ) REFERENCES mainpartmaterial(id) ON DELETE SET NULL  ON UPDATE CASCADE )
2022-02-18 22:31:56.387 [main] INFO  com.kaa.simplebuild.DataProviderJDBC - conn30: url=jdbc:h2:tcp://localhost/~/test user=ADMIN
2022-02-18 22:31:56.387 [main] INFO  com.kaa.simplebuild.DataProviderJDBC - prep369: CREATE TABLE IF NOT EXISTS basementtemplate ( id long UNIQUE NOT NULL , name char(50) NOT NULL, pricemultiplier double NOT NULL, id_material long NOT NULL, cellar boolean NOT NULL, FOREIGN KEY (id_material ) REFERENCES basementmaterial(id) ON DELETE SET NULL ON UPDATE CASCADE )
2022-02-18 22:31:56.387 [main] INFO  com.kaa.simplebuild.DataProviderJDBC - conn30: url=jdbc:h2:tcp://localhost/~/test user=ADMIN
2022-02-18 22:31:56.387 [main] INFO  com.kaa.simplebuild.DataProviderJDBC - prep370: CREATE TABLE IF NOT EXISTS buildingtemplate ( id long UNIQUE NOT NULL, name char(50) NOT NULL, id_roof_template long NOT NULL, id_main_part_template long NOT NULL, id_basement_template long NOT NULL, FOREIGN KEY (id_roof_template ) REFERENCES rooftemplate(id) ON DELETE SET NULL ON UPDATE CASCADE , FOREIGN KEY (id_main_part_template ) REFERENCES mainparttemplate(id) ON DELETE SET NULL ON UPDATE CASCADE, FOREIGN KEY (id_basement_template ) REFERENCES basementtemplate(id) ON DELETE SET NULL ON UPDATE CASCADE )
2022-02-18 22:31:56.387 [main] INFO  com.kaa.simplebuild.DataProviderJDBC - conn30: url=jdbc:h2:tcp://localhost/~/test user=ADMIN
2022-02-18 22:31:56.390 [main] INFO  com.kaa.simplebuild.DataProviderJDBC - prep372: INSERT INTO ROOFMATERIAL VALUES (?,?,?,?) {1: 1645212716389, 2: 'test', 3: 1.0, 4: 1}
2022-02-18 22:31:56.390 [main] INFO  com.kaa.simplebuild.DataProviderJDBC - conn30: url=jdbc:h2:tcp://localhost/~/test user=ADMIN
2022-02-18 22:31:56.397 [main] DEBUG com.kaa.simplebuild.DataProviderJDBC - [RoofMaterial{id=1645212716389, name='test', price=1.0, durabilityYears=1}]
2022-02-18 22:31:56.397 [main] INFO  com.kaa.simplebuild.DataProviderJDBCTest - create  RoofMaterial{id=1645212716389, name='test', price=1.0, durabilityYears=1}
2022-02-18 22:31:56.398 [main] DEBUG com.kaa.simplebuild.DataProviderJDBC - [RoofMaterial{id=1645212716389, name='test', price=1.0, durabilityYears=1}]
2022-02-18 22:31:56.418 [main] INFO  com.kaa.simplebuild.DataProviderJDBC - prep376: CREATE TABLE IF NOT EXISTS ROOFMATERIAL ( id long UNIQUE NOT NULL , name char(50) NOT NULL , price double NOT NULL , durabilityYears int NOT NULL )
2022-02-18 22:31:56.418 [main] INFO  com.kaa.simplebuild.DataProviderJDBC - conn31: url=jdbc:h2:tcp://localhost/~/test user=ADMIN
2022-02-18 22:31:56.418 [main] INFO  com.kaa.simplebuild.DataProviderJDBC - prep377: CREATE TABLE IF NOT EXISTS MAINPARTMATERIAL ( id long UNIQUE NOT NULL , name char(50) NOT NULL, price double NOT NULL, soundTransmission double NOT NULL )
2022-02-18 22:31:56.418 [main] INFO  com.kaa.simplebuild.DataProviderJDBC - conn31: url=jdbc:h2:tcp://localhost/~/test user=ADMIN
2022-02-18 22:31:56.419 [main] INFO  com.kaa.simplebuild.DataProviderJDBC - prep378: CREATE TABLE IF NOT EXISTS BASEMENTMATERIAL ( id long UNIQUE NOT NULL , name char(50) NOT NULL, price double NOT NULL, frostresistance int NOT NULL , waterproof int NOT NULL)
2022-02-18 22:31:56.419 [main] INFO  com.kaa.simplebuild.DataProviderJDBC - conn31: url=jdbc:h2:tcp://localhost/~/test user=ADMIN
2022-02-18 22:31:56.419 [main] INFO  com.kaa.simplebuild.DataProviderJDBC - prep379:  CREATE TABLE IF NOT EXISTS rooftemplate ( id long UNIQUE NOT NULL , name char(50) NOT NULL, pricemultiplier double NOT NULL, id_material long NOT NULL, insulation boolean NOT NULL, pipe boolean NOT NULL, FOREIGN KEY (id_material ) REFERENCES roofmaterial(id) ON DELETE SET NULL ON UPDATE CASCADE )
2022-02-18 22:31:56.419 [main] INFO  com.kaa.simplebuild.DataProviderJDBC - conn31: url=jdbc:h2:tcp://localhost/~/test user=ADMIN
2022-02-18 22:31:56.419 [main] INFO  com.kaa.simplebuild.DataProviderJDBC - prep380: CREATE TABLE IF NOT EXISTS mainparttemplate ( id long UNIQUE NOT NULL , name char(50) NOT NULL, pricemultiplier double NOT NULL, id_material long NOT NULL,  veranda boolean NOT NULL, windows int NOT NULL, FOREIGN KEY (id_material ) REFERENCES mainpartmaterial(id) ON DELETE SET NULL  ON UPDATE CASCADE )
2022-02-18 22:31:56.419 [main] INFO  com.kaa.simplebuild.DataProviderJDBC - conn31: url=jdbc:h2:tcp://localhost/~/test user=ADMIN
2022-02-18 22:31:56.419 [main] INFO  com.kaa.simplebuild.DataProviderJDBC - prep381: CREATE TABLE IF NOT EXISTS basementtemplate ( id long UNIQUE NOT NULL , name char(50) NOT NULL, pricemultiplier double NOT NULL, id_material long NOT NULL, cellar boolean NOT NULL, FOREIGN KEY (id_material ) REFERENCES basementmaterial(id) ON DELETE SET NULL ON UPDATE CASCADE )
2022-02-18 22:31:56.419 [main] INFO  com.kaa.simplebuild.DataProviderJDBC - conn31: url=jdbc:h2:tcp://localhost/~/test user=ADMIN
2022-02-18 22:31:56.420 [main] INFO  com.kaa.simplebuild.DataProviderJDBC - prep382: CREATE TABLE IF NOT EXISTS buildingtemplate ( id long UNIQUE NOT NULL, name char(50) NOT NULL, id_roof_template long NOT NULL, id_main_part_template long NOT NULL, id_basement_template long NOT NULL, FOREIGN KEY (id_roof_template ) REFERENCES rooftemplate(id) ON DELETE SET NULL ON UPDATE CASCADE , FOREIGN KEY (id_main_part_template ) REFERENCES mainparttemplate(id) ON DELETE SET NULL ON UPDATE CASCADE, FOREIGN KEY (id_basement_template ) REFERENCES basementtemplate(id) ON DELETE SET NULL ON UPDATE CASCADE )
2022-02-18 22:31:56.420 [main] INFO  com.kaa.simplebuild.DataProviderJDBC - conn31: url=jdbc:h2:tcp://localhost/~/test user=ADMIN
2022-02-18 22:31:56.423 [main] INFO  com.kaa.simplebuild.DataProviderJDBC - prep384: CREATE TABLE IF NOT EXISTS ROOFMATERIAL ( id long UNIQUE NOT NULL , name char(50) NOT NULL , price double NOT NULL , durabilityYears int NOT NULL )
2022-02-18 22:31:56.424 [main] INFO  com.kaa.simplebuild.DataProviderJDBC - conn32: url=jdbc:h2:tcp://localhost/~/test user=ADMIN
2022-02-18 22:31:56.424 [main] INFO  com.kaa.simplebuild.DataProviderJDBC - prep385: CREATE TABLE IF NOT EXISTS MAINPARTMATERIAL ( id long UNIQUE NOT NULL , name char(50) NOT NULL, price double NOT NULL, soundTransmission double NOT NULL )
2022-02-18 22:31:56.424 [main] INFO  com.kaa.simplebuild.DataProviderJDBC - conn32: url=jdbc:h2:tcp://localhost/~/test user=ADMIN
2022-02-18 22:31:56.424 [main] INFO  com.kaa.simplebuild.DataProviderJDBC - prep386: CREATE TABLE IF NOT EXISTS BASEMENTMATERIAL ( id long UNIQUE NOT NULL , name char(50) NOT NULL, price double NOT NULL, frostresistance int NOT NULL , waterproof int NOT NULL)
2022-02-18 22:31:56.424 [main] INFO  com.kaa.simplebuild.DataProviderJDBC - conn32: url=jdbc:h2:tcp://localhost/~/test user=ADMIN
2022-02-18 22:31:56.424 [main] INFO  com.kaa.simplebuild.DataProviderJDBC - prep387:  CREATE TABLE IF NOT EXISTS rooftemplate ( id long UNIQUE NOT NULL , name char(50) NOT NULL, pricemultiplier double NOT NULL, id_material long NOT NULL, insulation boolean NOT NULL, pipe boolean NOT NULL, FOREIGN KEY (id_material ) REFERENCES roofmaterial(id) ON DELETE SET NULL ON UPDATE CASCADE )
2022-02-18 22:31:56.424 [main] INFO  com.kaa.simplebuild.DataProviderJDBC - conn32: url=jdbc:h2:tcp://localhost/~/test user=ADMIN
2022-02-18 22:31:56.424 [main] INFO  com.kaa.simplebuild.DataProviderJDBC - prep388: CREATE TABLE IF NOT EXISTS mainparttemplate ( id long UNIQUE NOT NULL , name char(50) NOT NULL, pricemultiplier double NOT NULL, id_material long NOT NULL,  veranda boolean NOT NULL, windows int NOT NULL, FOREIGN KEY (id_material ) REFERENCES mainpartmaterial(id) ON DELETE SET NULL  ON UPDATE CASCADE )
2022-02-18 22:31:56.424 [main] INFO  com.kaa.simplebuild.DataProviderJDBC - conn32: url=jdbc:h2:tcp://localhost/~/test user=ADMIN
2022-02-18 22:31:56.425 [main] INFO  com.kaa.simplebuild.DataProviderJDBC - prep389: CREATE TABLE IF NOT EXISTS basementtemplate ( id long UNIQUE NOT NULL , name char(50) NOT NULL, pricemultiplier double NOT NULL, id_material long NOT NULL, cellar boolean NOT NULL, FOREIGN KEY (id_material ) REFERENCES basementmaterial(id) ON DELETE SET NULL ON UPDATE CASCADE )
2022-02-18 22:31:56.425 [main] INFO  com.kaa.simplebuild.DataProviderJDBC - conn32: url=jdbc:h2:tcp://localhost/~/test user=ADMIN
2022-02-18 22:31:56.425 [main] INFO  com.kaa.simplebuild.DataProviderJDBC - prep390: CREATE TABLE IF NOT EXISTS buildingtemplate ( id long UNIQUE NOT NULL, name char(50) NOT NULL, id_roof_template long NOT NULL, id_main_part_template long NOT NULL, id_basement_template long NOT NULL, FOREIGN KEY (id_roof_template ) REFERENCES rooftemplate(id) ON DELETE SET NULL ON UPDATE CASCADE , FOREIGN KEY (id_main_part_template ) REFERENCES mainparttemplate(id) ON DELETE SET NULL ON UPDATE CASCADE, FOREIGN KEY (id_basement_template ) REFERENCES basementtemplate(id) ON DELETE SET NULL ON UPDATE CASCADE )
2022-02-18 22:31:56.425 [main] INFO  com.kaa.simplebuild.DataProviderJDBC - conn32: url=jdbc:h2:tcp://localhost/~/test user=ADMIN
2022-02-18 22:31:56.444 [main] INFO  com.kaa.simplebuild.DataProviderJDBC - prep396: CREATE TABLE IF NOT EXISTS ROOFMATERIAL ( id long UNIQUE NOT NULL , name char(50) NOT NULL , price double NOT NULL , durabilityYears int NOT NULL )
2022-02-18 22:31:56.445 [main] INFO  com.kaa.simplebuild.DataProviderJDBC - conn33: url=jdbc:h2:tcp://localhost/~/test user=ADMIN
2022-02-18 22:31:56.445 [main] INFO  com.kaa.simplebuild.DataProviderJDBC - prep397: CREATE TABLE IF NOT EXISTS MAINPARTMATERIAL ( id long UNIQUE NOT NULL , name char(50) NOT NULL, price double NOT NULL, soundTransmission double NOT NULL )
2022-02-18 22:31:56.445 [main] INFO  com.kaa.simplebuild.DataProviderJDBC - conn33: url=jdbc:h2:tcp://localhost/~/test user=ADMIN
2022-02-18 22:31:56.445 [main] INFO  com.kaa.simplebuild.DataProviderJDBC - prep398: CREATE TABLE IF NOT EXISTS BASEMENTMATERIAL ( id long UNIQUE NOT NULL , name char(50) NOT NULL, price double NOT NULL, frostresistance int NOT NULL , waterproof int NOT NULL)
2022-02-18 22:31:56.445 [main] INFO  com.kaa.simplebuild.DataProviderJDBC - conn33: url=jdbc:h2:tcp://localhost/~/test user=ADMIN
2022-02-18 22:31:56.445 [main] INFO  com.kaa.simplebuild.DataProviderJDBC - prep399:  CREATE TABLE IF NOT EXISTS rooftemplate ( id long UNIQUE NOT NULL , name char(50) NOT NULL, pricemultiplier double NOT NULL, id_material long NOT NULL, insulation boolean NOT NULL, pipe boolean NOT NULL, FOREIGN KEY (id_material ) REFERENCES roofmaterial(id) ON DELETE SET NULL ON UPDATE CASCADE )
2022-02-18 22:31:56.445 [main] INFO  com.kaa.simplebuild.DataProviderJDBC - conn33: url=jdbc:h2:tcp://localhost/~/test user=ADMIN
2022-02-18 22:31:56.445 [main] INFO  com.kaa.simplebuild.DataProviderJDBC - prep400: CREATE TABLE IF NOT EXISTS mainparttemplate ( id long UNIQUE NOT NULL , name char(50) NOT NULL, pricemultiplier double NOT NULL, id_material long NOT NULL,  veranda boolean NOT NULL, windows int NOT NULL, FOREIGN KEY (id_material ) REFERENCES mainpartmaterial(id) ON DELETE SET NULL  ON UPDATE CASCADE )
2022-02-18 22:31:56.445 [main] INFO  com.kaa.simplebuild.DataProviderJDBC - conn33: url=jdbc:h2:tcp://localhost/~/test user=ADMIN
2022-02-18 22:31:56.447 [main] INFO  com.kaa.simplebuild.DataProviderJDBC - prep401: CREATE TABLE IF NOT EXISTS basementtemplate ( id long UNIQUE NOT NULL , name char(50) NOT NULL, pricemultiplier double NOT NULL, id_material long NOT NULL, cellar boolean NOT NULL, FOREIGN KEY (id_material ) REFERENCES basementmaterial(id) ON DELETE SET NULL ON UPDATE CASCADE )
2022-02-18 22:31:56.447 [main] INFO  com.kaa.simplebuild.DataProviderJDBC - conn33: url=jdbc:h2:tcp://localhost/~/test user=ADMIN
2022-02-18 22:31:56.447 [main] INFO  com.kaa.simplebuild.DataProviderJDBC - prep402: CREATE TABLE IF NOT EXISTS buildingtemplate ( id long UNIQUE NOT NULL, name char(50) NOT NULL, id_roof_template long NOT NULL, id_main_part_template long NOT NULL, id_basement_template long NOT NULL, FOREIGN KEY (id_roof_template ) REFERENCES rooftemplate(id) ON DELETE SET NULL ON UPDATE CASCADE , FOREIGN KEY (id_main_part_template ) REFERENCES mainparttemplate(id) ON DELETE SET NULL ON UPDATE CASCADE, FOREIGN KEY (id_basement_template ) REFERENCES basementtemplate(id) ON DELETE SET NULL ON UPDATE CASCADE )
2022-02-18 22:31:56.447 [main] INFO  com.kaa.simplebuild.DataProviderJDBC - conn33: url=jdbc:h2:tcp://localhost/~/test user=ADMIN
2022-02-18 22:31:56.448 [main] INFO  com.kaa.simplebuild.DataProviderJDBC - prep404: INSERT INTO ROOFMATERIAL VALUES (?,?,?,?) {1: 1645212716447, 2: 'test', 3: 1.0, 4: 1}
2022-02-18 22:31:56.448 [main] INFO  com.kaa.simplebuild.DataProviderJDBC - conn33: url=jdbc:h2:tcp://localhost/~/test user=ADMIN
2022-02-18 22:31:56.457 [main] DEBUG com.kaa.simplebuild.DataProviderJDBC - [RoofMaterial{id=1645212716447, name='test', price=1.0, durabilityYears=1}]
2022-02-18 22:31:56.457 [main] DEBUG com.kaa.simplebuild.DataProviderJDBC - [RoofMaterial{id=1645212716447, name='test', price=1.0, durabilityYears=1}]
2022-02-18 22:31:56.468 [main] INFO  com.kaa.simplebuild.DataProviderJDBC - prep408: CREATE TABLE IF NOT EXISTS ROOFMATERIAL ( id long UNIQUE NOT NULL , name char(50) NOT NULL , price double NOT NULL , durabilityYears int NOT NULL )
2022-02-18 22:31:56.468 [main] INFO  com.kaa.simplebuild.DataProviderJDBC - conn34: url=jdbc:h2:tcp://localhost/~/test user=ADMIN
2022-02-18 22:31:56.469 [main] INFO  com.kaa.simplebuild.DataProviderJDBC - prep409: CREATE TABLE IF NOT EXISTS MAINPARTMATERIAL ( id long UNIQUE NOT NULL , name char(50) NOT NULL, price double NOT NULL, soundTransmission double NOT NULL )
2022-02-18 22:31:56.469 [main] INFO  com.kaa.simplebuild.DataProviderJDBC - conn34: url=jdbc:h2:tcp://localhost/~/test user=ADMIN
2022-02-18 22:31:56.469 [main] INFO  com.kaa.simplebuild.DataProviderJDBC - prep410: CREATE TABLE IF NOT EXISTS BASEMENTMATERIAL ( id long UNIQUE NOT NULL , name char(50) NOT NULL, price double NOT NULL, frostresistance int NOT NULL , waterproof int NOT NULL)
2022-02-18 22:31:56.469 [main] INFO  com.kaa.simplebuild.DataProviderJDBC - conn34: url=jdbc:h2:tcp://localhost/~/test user=ADMIN
2022-02-18 22:31:56.469 [main] INFO  com.kaa.simplebuild.DataProviderJDBC - prep411:  CREATE TABLE IF NOT EXISTS rooftemplate ( id long UNIQUE NOT NULL , name char(50) NOT NULL, pricemultiplier double NOT NULL, id_material long NOT NULL, insulation boolean NOT NULL, pipe boolean NOT NULL, FOREIGN KEY (id_material ) REFERENCES roofmaterial(id) ON DELETE SET NULL ON UPDATE CASCADE )
2022-02-18 22:31:56.469 [main] INFO  com.kaa.simplebuild.DataProviderJDBC - conn34: url=jdbc:h2:tcp://localhost/~/test user=ADMIN
2022-02-18 22:31:56.469 [main] INFO  com.kaa.simplebuild.DataProviderJDBC - prep412: CREATE TABLE IF NOT EXISTS mainparttemplate ( id long UNIQUE NOT NULL , name char(50) NOT NULL, pricemultiplier double NOT NULL, id_material long NOT NULL,  veranda boolean NOT NULL, windows int NOT NULL, FOREIGN KEY (id_material ) REFERENCES mainpartmaterial(id) ON DELETE SET NULL  ON UPDATE CASCADE )
2022-02-18 22:31:56.469 [main] INFO  com.kaa.simplebuild.DataProviderJDBC - conn34: url=jdbc:h2:tcp://localhost/~/test user=ADMIN
2022-02-18 22:31:56.469 [main] INFO  com.kaa.simplebuild.DataProviderJDBC - prep413: CREATE TABLE IF NOT EXISTS basementtemplate ( id long UNIQUE NOT NULL , name char(50) NOT NULL, pricemultiplier double NOT NULL, id_material long NOT NULL, cellar boolean NOT NULL, FOREIGN KEY (id_material ) REFERENCES basementmaterial(id) ON DELETE SET NULL ON UPDATE CASCADE )
2022-02-18 22:31:56.469 [main] INFO  com.kaa.simplebuild.DataProviderJDBC - conn34: url=jdbc:h2:tcp://localhost/~/test user=ADMIN
2022-02-18 22:31:56.469 [main] INFO  com.kaa.simplebuild.DataProviderJDBC - prep414: CREATE TABLE IF NOT EXISTS buildingtemplate ( id long UNIQUE NOT NULL, name char(50) NOT NULL, id_roof_template long NOT NULL, id_main_part_template long NOT NULL, id_basement_template long NOT NULL, FOREIGN KEY (id_roof_template ) REFERENCES rooftemplate(id) ON DELETE SET NULL ON UPDATE CASCADE , FOREIGN KEY (id_main_part_template ) REFERENCES mainparttemplate(id) ON DELETE SET NULL ON UPDATE CASCADE, FOREIGN KEY (id_basement_template ) REFERENCES basementtemplate(id) ON DELETE SET NULL ON UPDATE CASCADE )
2022-02-18 22:31:56.469 [main] INFO  com.kaa.simplebuild.DataProviderJDBC - conn34: url=jdbc:h2:tcp://localhost/~/test user=ADMIN
2022-02-18 22:31:56.476 [main] INFO  com.kaa.simplebuild.DataProviderJDBCTest - create  BuildingTemplate{id=1645212716470, name='test' , idRoofTenplate=2, idMainPartTemplate=1, idBasementTemplate=1}
2022-02-18 22:31:56.476 [main] ERROR com.kaa.simplebuild.DataProviderJDBC - utils.NullObjectException: entity is null
2022-02-18 22:31:56.477 [main] DEBUG com.kaa.simplebuild.DataProviderJDBC - prep419:  DELETE FROM BUILDINGTEMPLATE WHERE id= (?) {1: 1645212716470}
2022-02-18 22:31:56.569 [main] INFO  com.kaa.simplebuild.DataProviderXMLTest - create  MainPartMaterial{id=1645212716486, name='test', price=1.0, soundTransmission=1.0}
2022-02-18 22:31:56.602 [main] INFO  com.kaa.simplebuild.DataProviderXMLTest - delnull
2022-02-18 22:31:56.622 [main] INFO  com.kaa.simplebuild.DataProviderXMLTest - delnull
2022-02-18 22:31:56.649 [main] INFO  com.kaa.simplebuild.DataProviderXMLTest - update  MainPartTemplate{id=1645212716623, name='test2' , priceMultiplier=2.2, idMaterial=2}
2022-02-18 22:31:56.709 [main] INFO  com.kaa.simplebuild.DataProviderXMLTest - update  RoofMaterial{id=1645212716675, name='test2', price=2.0, durabilityYears=2}
2022-02-18 22:31:56.730 [main] INFO  com.kaa.simplebuild.DataProviderXMLTest - create  BasementMaterial{id=1645212716719, name='test', price=1.0, frostResistance=1, waterproof=1}
2022-02-18 22:31:56.756 [main] INFO  com.kaa.simplebuild.DataProviderXMLTest - delnull
2022-02-18 22:31:56.798 [main] INFO  com.kaa.simplebuild.DataProviderXMLTest - update  BasementTemplate{id=1645212716757, name='test2' , priceMultiplier=2.2, idMaterial=2, cellar=false}
2022-02-18 22:31:56.812 [main] ERROR com.kaa.simplebuild.DataProviderXml - utils.NullObjectException: bean not found
2022-02-18 22:31:56.905 [main] ERROR com.kaa.simplebuild.DataProviderXml - utils.NullObjectException: bean not found
2022-02-18 22:31:56.934 [main] ERROR com.kaa.simplebuild.DataProviderXml - utils.NullObjectException: bean not found
2022-02-18 22:31:56.934 [main] INFO  com.kaa.simplebuild.DataProviderXMLTest - delnull
2022-02-18 22:31:56.935 [main] ERROR com.kaa.simplebuild.DataProviderXml - utils.NullObjectException: bean not found
2022-02-18 22:31:56.957 [main] INFO  com.kaa.simplebuild.DataProviderXMLTest - delnull
2022-02-18 22:31:56.976 [main] INFO  com.kaa.simplebuild.DataProviderXMLTest - create  RoofTemplate{id=1645212716958, name='test' , priceMultiplier=1.0, idMaterial=1, insulation=true, pipe=true}
2022-02-18 22:31:56.992 [main] ERROR com.kaa.simplebuild.DataProviderXml - utils.NullObjectException: bean not found
2022-02-18 22:31:57.022 [main] ERROR com.kaa.simplebuild.DataProviderXml - utils.NullObjectException: bean not found
2022-02-18 22:31:57.030 [main] INFO  com.kaa.simplebuild.DataProviderXMLTest - update  BuildingTemplate{id=1645212716991, name='test2' , idRoofTenplate=2, idMainPartTemplate=1, idBasementTemplate=1}
2022-02-18 22:31:57.061 [main] INFO  com.kaa.simplebuild.DataProviderXMLTest - update  MainPartMaterial{id=1645212717039, name='test2', price=2.0, soundTransmission=2.0}
2022-02-18 22:31:57.094 [main] INFO  com.kaa.simplebuild.DataProviderXMLTest - delnull
2022-02-18 22:31:57.117 [main] INFO  com.kaa.simplebuild.DataProviderXMLTest - update  BasementMaterial{id=1645212717095, name='test2', price=2.0, frostResistance=2, waterproof=2}
2022-02-18 22:31:57.149 [main] INFO  com.kaa.simplebuild.DataProviderXMLTest - create  MainPartTemplate{id=1645212717141, name='test' , priceMultiplier=1.0, idMaterial=1}
2022-02-18 22:31:57.170 [main] INFO  com.kaa.simplebuild.DataProviderXMLTest - delnull
2022-02-18 22:31:57.196 [main] INFO  com.kaa.simplebuild.DataProviderXMLTest - update  RoofTemplate{id=1645212717171, name='test2' , priceMultiplier=1.0, idMaterial=1, insulation=true, pipe=true}
2022-02-18 22:31:57.213 [main] INFO  com.kaa.simplebuild.DataProviderXMLTest - create  BasementTemplate{id=1645212717204, name='test' , priceMultiplier=1.0, idMaterial=1, cellar=false}
2022-02-18 22:31:57.239 [main] INFO  com.kaa.simplebuild.DataProviderXMLTest - create  RoofMaterial{id=1645212717228, name='test', price=1.0, durabilityYears=1}
2022-02-18 22:31:57.272 [main] ERROR com.kaa.simplebuild.DataProviderXml - utils.NullObjectException: bean not found
2022-02-18 22:31:57.278 [main] INFO  com.kaa.simplebuild.DataProviderXMLTest - create  BuildingTemplate{id=1645212717271, name='test' , idRoofTenplate=2, idMainPartTemplate=1, idBasementTemplate=1}
