2021-12-21 16:11:25.191 [main] DEBUG history.NewMain - NewMain()[0]: starting application.........
2021-12-21 16:11:27.279 [main] ERROR com.kaa.simplebuild.DataProviderJDBC - org.h2.jdbc.JdbcSQLException: Соединение разорвано: "java.net.ConnectException: Connection refused: no further information: localhost"
Connection is broken: "java.net.ConnectException: Connection refused: no further information: localhost" [90067-195]
2021-12-21 16:12:09.551 [main] DEBUG history.NewMain - NewMain()[0]: starting application.........
2021-12-21 16:12:50.771 [main] DEBUG history.NewMain - NewMain()[0]: starting application.........
2021-12-21 16:12:50.823 [main] INFO  history.NewMain - [BasementMaterial{id=122, name='aaaa2aaadas', price=122.0}]
2021-12-21 16:13:55.759 [main] DEBUG history.NewMain - NewMain()[0]: starting application.........
2021-12-21 16:13:55.812 [main] INFO  history.NewMain - [BasementMaterial{id=122, name='aaaa2aaadas', price=122.0}]
2021-12-21 16:16:23.169 [main] DEBUG history.NewMain - NewMain()[0]: starting application.........
2021-12-21 16:16:23.225 [main] INFO  history.NewMain - [BasementMaterial{id=122, name='aaaa2aaadas', price=122.0}]
2021-12-21 16:52:44.167 [main] DEBUG history.NewMain - NewMain()[0]: starting application.........
2021-12-21 16:52:44.231 [main] INFO  history.NewMain - [BasementMaterial{id=122, name='aaaa2aaadas', price=122.0}]
2021-12-21 17:03:29.020 [main] DEBUG history.NewMain - NewMain()[0]: starting application.........
2021-12-21 17:03:29.086 [main] INFO  history.NewMain - [BasementMaterial{id=122, name='aaaa2aaadas', price=122.0}]
2021-12-21 20:15:18.299 [main] DEBUG history.NewMain - NewMain()[0]: starting application.........
2021-12-21 20:15:18.301 [main] ERROR history.NewMain - No date provider selected
2021-12-21 20:41:08.549 [main] ERROR com.kaa.simplebuild.DataProviderCsv - utils.NullObjectException: entity is null
2021-12-21 20:41:09.184 [main] ERROR com.kaa.simplebuild.DataProviderCsv - utils.NullObjectException: entity is null
2021-12-21 20:41:09.186 [main] INFO  com.kaa.simplebuild.DataProviderCsv - null
2021-12-21 20:41:09.204 [main] ERROR com.kaa.simplebuild.DataProviderCsv - utils.NullObjectException: entity is null
2021-12-21 20:41:09.221 [main] ERROR com.kaa.simplebuild.DataProviderCsv - utils.NullObjectException: entity is null
2021-12-21 20:41:09.410 [main] ERROR com.kaa.simplebuild.DataProviderCsv - utils.NullObjectException: entity is null
2021-12-21 20:41:09.523 [main] ERROR com.kaa.simplebuild.DataProviderCsv - utils.NullObjectException: entity is null
2021-12-21 20:41:09.559 [main] ERROR com.kaa.simplebuild.DataProviderXml - javax.xml.stream.XMLStreamException: ParseError at [row,col]:[1,1]
Message: Premature end of file.
2021-12-21 20:41:09.560 [main] ERROR com.kaa.simplebuild.DataProviderXml - javax.xml.stream.XMLStreamException: ParseError at [row,col]:[1,1]
Message: Premature end of file.
2021-12-21 20:41:09.648 [main] ERROR com.kaa.simplebuild.DataProviderXml - org.simpleframework.xml.core.AttributeException: Attribute 'id' does not have a match in class entity.BuildingTemplate at line 2
2021-12-21 20:41:09.683 [main] ERROR com.kaa.simplebuild.DataProviderXml - utils.NullObjectException: bean not found
2021-12-21 20:41:09.715 [main] ERROR com.kaa.simplebuild.DataProviderXml - javax.xml.stream.XMLStreamException: ParseError at [row,col]:[1,1]
Message: Premature end of file.
2021-12-21 20:41:09.717 [main] ERROR com.kaa.simplebuild.DataProviderXml - javax.xml.stream.XMLStreamException: ParseError at [row,col]:[1,1]
Message: Premature end of file.
2021-12-21 20:41:51.521 [main] ERROR com.kaa.simplebuild.DataProviderCsv - utils.NullObjectException: entity is null
2021-12-21 20:41:51.954 [main] ERROR com.kaa.simplebuild.DataProviderCsv - utils.NullObjectException: entity is null
2021-12-21 20:41:51.956 [main] INFO  com.kaa.simplebuild.DataProviderCsv - null
2021-12-21 20:41:51.976 [main] ERROR com.kaa.simplebuild.DataProviderCsv - utils.NullObjectException: entity is null
2021-12-21 20:41:52.038 [main] ERROR com.kaa.simplebuild.DataProviderCsv - utils.NullObjectException: entity is null
2021-12-21 20:41:52.191 [main] ERROR com.kaa.simplebuild.DataProviderCsv - utils.NullObjectException: entity is null
2021-12-21 20:41:52.289 [main] ERROR com.kaa.simplebuild.DataProviderCsv - utils.NullObjectException: entity is null
2021-12-21 20:41:52.504 [main] ERROR com.kaa.simplebuild.DataProviderXml - utils.NullObjectException: bean not found
2021-12-21 20:44:31.989 [main] DEBUG history.NewMain - NewMain()[0]: starting application.........
2021-12-21 20:44:31.992 [main] ERROR history.NewMain - No date provider selected
