03.12:17.48.56  INFO	ru.sfedu.simpleBuilder.api.DataProviderCsv:277 - ru.sfedu.simpleBuilder.exception.NullObjectException: BuildingTemplate entity is null
03.12:17.48.56  INFO	ru.sfedu.simpleBuilder.api.DataProviderCsv:147 - Entity with the same id was not found.
Entity creation operation in progress
03.12:17.48.56  INFO	ru.sfedu.simpleBuilder.DataProviderCSVTest:321 - create  BuildingTemplate{id=1647096536453, name='test' , idRoofTemplate=2, idMainPartTemplate=1, idBasementTemplate=1' , idRoofMaterial=1, idMainPartMaterial=1, idBasementMaterial=1}
03.12:17.48.56  INFO	ru.sfedu.simpleBuilder.DataProviderJDBCTest:81 - create  MainPartMaterial{id=1647096536545, name='test', price=1.0, soundTransmission=1.0}
03.12:17.48.56 DEBUG	ru.sfedu.simpleBuilder.api.DataProviderJDBC:779 - prep17:  DELETE FROM MAINPARTMATERIAL WHERE id= (?) {1: 1647096536545}
03.12:17.48.56 DEBUG	ru.sfedu.simpleBuilder.api.DataProviderJDBC:780 - conn0: url=jdbc:h2:tcp://localhost/~/test user=ADMIN
03.12:17.48.56  INFO	ru.sfedu.simpleBuilder.api.DataProviderJDBC:72 - prep32: INSERT INTO ROOFMATERIAL VALUES (?,?,?,?) {1: 1647096536561, 2: 'test', 3: 1.0, 4: 1}
03.12:17.48.56  INFO	ru.sfedu.simpleBuilder.api.DataProviderJDBC:73 - conn1: url=jdbc:h2:tcp://localhost/~/test user=ADMIN
03.12:17.48.56 ERROR	ru.sfedu.simpleBuilder.api.DataProviderJDBC:420 - ru.sfedu.simpleBuilder.exception.NullObjectException: entity is null
03.12:17.48.56  INFO	ru.sfedu.simpleBuilder.DataProviderJDBCTest:42 - delnull
03.12:17.48.56 ERROR	ru.sfedu.simpleBuilder.api.DataProviderJDBC:420 - ru.sfedu.simpleBuilder.exception.NullObjectException: entity is null
03.12:17.48.56 ERROR	ru.sfedu.simpleBuilder.api.DataProviderJDBC:471 - ru.sfedu.simpleBuilder.exception.NullObjectException: entity is null
03.12:17.48.56  INFO	ru.sfedu.simpleBuilder.DataProviderJDBCTest:236 - delnull
03.12:17.48.56 ERROR	ru.sfedu.simpleBuilder.api.DataProviderJDBC:471 - ru.sfedu.simpleBuilder.exception.NullObjectException: entity is null
03.12:17.48.56  INFO	ru.sfedu.simpleBuilder.DataProviderJDBCTest:247 - update  MainPartTemplate{id=1647096536594, name='test2' , priceMultiplier=2.2}
03.12:17.48.56  INFO	ru.sfedu.simpleBuilder.api.DataProviderJDBC:72 - prep109: INSERT INTO ROOFMATERIAL VALUES (?,?,?,?) {1: 1647096536626, 2: 'test', 3: 1.0, 4: 1}
03.12:17.48.56  INFO	ru.sfedu.simpleBuilder.api.DataProviderJDBC:73 - conn5: url=jdbc:h2:tcp://localhost/~/test user=ADMIN
03.12:17.48.56  INFO	ru.sfedu.simpleBuilder.DataProviderJDBCTest:53 - update  RoofMaterial{id=1647096536626, name='test2', price=2.0, durabilityYears=2}
03.12:17.48.56  INFO	ru.sfedu.simpleBuilder.DataProviderJDBCTest:129 - create  BasementMaterial{id=1647096536648, name='test', price=1.0, frostResistance=1, waterproof=1}
03.12:17.48.56 ERROR	ru.sfedu.simpleBuilder.api.DataProviderJDBC:488 - ru.sfedu.simpleBuilder.exception.NullObjectException: entity is null
03.12:17.48.56  INFO	ru.sfedu.simpleBuilder.DataProviderJDBCTest:284 - delnull
03.12:17.48.56 ERROR	ru.sfedu.simpleBuilder.api.DataProviderJDBC:488 - ru.sfedu.simpleBuilder.exception.NullObjectException: entity is null
03.12:17.48.56  INFO	ru.sfedu.simpleBuilder.DataProviderJDBCTest:295 - update  BasementTemplate{id=1647096536683, name='test2' , priceMultiplier=2.2, cellar=true}
03.12:17.48.56 ERROR	ru.sfedu.simpleBuilder.api.DataProviderJDBC:488 - ru.sfedu.simpleBuilder.exception.NullObjectException: entity is null
03.12:17.48.56 DEBUG	ru.sfedu.simpleBuilder.api.DataProviderJDBC:869 - prep233:  DELETE FROM BUILDINGTEMPLATE WHERE id= (?) {1: 1647096536706}
03.12:17.48.56 DEBUG	ru.sfedu.simpleBuilder.api.DataProviderJDBC:779 - prep251:  DELETE FROM MAINPARTMATERIAL WHERE id= (?) {1: 1647096536734}
03.12:17.48.56 DEBUG	ru.sfedu.simpleBuilder.api.DataProviderJDBC:780 - conn13: url=jdbc:h2:tcp://localhost/~/test user=ADMIN
03.12:17.48.56 ERROR	ru.sfedu.simpleBuilder.api.DataProviderJDBC:488 - ru.sfedu.simpleBuilder.exception.NullObjectException: entity is null
03.12:17.48.56 DEBUG	ru.sfedu.simpleBuilder.api.DataProviderJDBC:869 - prep268:  DELETE FROM BUILDINGTEMPLATE WHERE id= (?) {1: 1647096536752}
03.12:17.48.56 ERROR	ru.sfedu.simpleBuilder.api.DataProviderJDBC:403 - ru.sfedu.simpleBuilder.exception.NullObjectException: entity is null
03.12:17.48.56  INFO	ru.sfedu.simpleBuilder.DataProviderJDBCTest:332 - delnull
03.12:17.48.56 ERROR	ru.sfedu.simpleBuilder.api.DataProviderJDBC:403 - ru.sfedu.simpleBuilder.exception.NullObjectException: entity is null
03.12:17.48.56 DEBUG	ru.sfedu.simpleBuilder.api.DataProviderJDBC:779 - prep287:  DELETE FROM MAINPARTMATERIAL WHERE id= (?) {1: 1647096536768}
03.12:17.48.56 DEBUG	ru.sfedu.simpleBuilder.api.DataProviderJDBC:780 - conn15: url=jdbc:h2:tcp://localhost/~/test user=ADMIN
03.12:17.48.56 ERROR	ru.sfedu.simpleBuilder.api.DataProviderJDBC:454 - ru.sfedu.simpleBuilder.exception.NullObjectException: entity is null
03.12:17.48.56  INFO	ru.sfedu.simpleBuilder.DataProviderJDBCTest:92 - delnull
03.12:17.48.56 ERROR	ru.sfedu.simpleBuilder.api.DataProviderJDBC:454 - ru.sfedu.simpleBuilder.exception.NullObjectException: entity is null
03.12:17.48.56  INFO	ru.sfedu.simpleBuilder.DataProviderJDBCTest:177 - create  RoofTemplate{id=1647096536783, name='test' , priceMultiplier=1.0, insulation=true, pipe=true}
03.12:17.48.56  INFO	ru.sfedu.simpleBuilder.DataProviderJDBCTest:343 - update  BuildingTemplate{id=1647096536797, name='test2' , idRoofTemplate=2, idMainPartTemplate=1, idBasementTemplate=1' , idRoofMaterial=1, idMainPartMaterial=1, idBasementMaterial=0}
03.12:17.48.56 ERROR	ru.sfedu.simpleBuilder.api.DataProviderJDBC:488 - ru.sfedu.simpleBuilder.exception.NullObjectException: entity is null
03.12:17.48.56 DEBUG	ru.sfedu.simpleBuilder.api.DataProviderJDBC:869 - prep328:  DELETE FROM BUILDINGTEMPLATE WHERE id= (?) {1: 1647096536797}
03.12:17.48.56  INFO	ru.sfedu.simpleBuilder.DataProviderJDBCTest:103 - update  MainPartMaterial{id=1647096536815, name='test2', price=2.0, soundTransmission=2.0}
03.12:17.48.56 DEBUG	ru.sfedu.simpleBuilder.api.DataProviderJDBC:779 - prep349:  DELETE FROM MAINPARTMATERIAL WHERE id= (?) {1: 1647096536815}
03.12:17.48.56 DEBUG	ru.sfedu.simpleBuilder.api.DataProviderJDBC:780 - conn18: url=jdbc:h2:tcp://localhost/~/test user=ADMIN
03.12:17.48.56 ERROR	ru.sfedu.simpleBuilder.api.DataProviderJDBC:437 - ru.sfedu.simpleBuilder.exception.NullObjectException: entity is null
03.12:17.48.56  INFO	ru.sfedu.simpleBuilder.DataProviderJDBCTest:140 - delnull
03.12:17.48.56 ERROR	ru.sfedu.simpleBuilder.api.DataProviderJDBC:437 - ru.sfedu.simpleBuilder.exception.NullObjectException: entity is null
03.12:17.48.56  INFO	ru.sfedu.simpleBuilder.DataProviderJDBCTest:151 - update  BasementMaterial{id=1647096536863, name='test2', price=2.0, frostResistance=2, waterproof=2}
03.12:17.48.56  INFO	ru.sfedu.simpleBuilder.DataProviderJDBCTest:225 - create  MainPartTemplate{id=1647096536896, name='test' , priceMultiplier=1.0}
03.12:17.48.56 ERROR	ru.sfedu.simpleBuilder.api.DataProviderJDBC:505 - ru.sfedu.simpleBuilder.exception.NullObjectException: entity is null
03.12:17.48.56  INFO	ru.sfedu.simpleBuilder.DataProviderJDBCTest:188 - delnull
03.12:17.48.56 ERROR	ru.sfedu.simpleBuilder.api.DataProviderJDBC:505 - ru.sfedu.simpleBuilder.exception.NullObjectException: entity is null
03.12:17.48.56  INFO	ru.sfedu.simpleBuilder.DataProviderJDBCTest:199 - update  RoofTemplate{id=1647096536940, name='test2' , priceMultiplier=1.0, insulation=true, pipe=true}
03.12:17.48.56  INFO	ru.sfedu.simpleBuilder.DataProviderJDBCTest:273 - create  BasementTemplate{id=1647096536958, name='test' , priceMultiplier=1.0, cellar=true}
03.12:17.48.56  INFO	ru.sfedu.simpleBuilder.api.DataProviderJDBC:72 - prep544: INSERT INTO ROOFMATERIAL VALUES (?,?,?,?) {1: 1647096536972, 2: 'test', 3: 1.0, 4: 1}
03.12:17.48.56  INFO	ru.sfedu.simpleBuilder.api.DataProviderJDBC:73 - conn29: url=jdbc:h2:tcp://localhost/~/test user=ADMIN
03.12:17.48.56  INFO	ru.sfedu.simpleBuilder.DataProviderJDBCTest:31 - create  RoofMaterial{id=1647096536972, name='test', price=1.0, durabilityYears=1}
03.12:17.48.57  INFO	ru.sfedu.simpleBuilder.api.DataProviderJDBC:72 - prep594: INSERT INTO ROOFMATERIAL VALUES (?,?,?,?) {1: 1647096537002, 2: 'test', 3: 1.0, 4: 1}
03.12:17.48.57  INFO	ru.sfedu.simpleBuilder.api.DataProviderJDBC:73 - conn32: url=jdbc:h2:tcp://localhost/~/test user=ADMIN
03.12:17.48.57  INFO	ru.sfedu.simpleBuilder.DataProviderJDBCTest:321 - create  BuildingTemplate{id=1647096537024, name='test' , idRoofTemplate=2, idMainPartTemplate=1, idBasementTemplate=1' , idRoofMaterial=1, idMainPartMaterial=1, idBasementMaterial=0}
03.12:17.48.57 ERROR	ru.sfedu.simpleBuilder.api.DataProviderJDBC:488 - ru.sfedu.simpleBuilder.exception.NullObjectException: entity is null
03.12:17.48.57 DEBUG	ru.sfedu.simpleBuilder.api.DataProviderJDBC:869 - prep615:  DELETE FROM BUILDINGTEMPLATE WHERE id= (?) {1: 1647096537024}
03.12:17.48.57 ERROR	ru.sfedu.simpleBuilder.api.DataProviderXml:446 - java.lang.ClassNotFoundException: entity.MainPartMaterial
03.12:17.48.57 ERROR	ru.sfedu.simpleBuilder.api.DataProviderXml:446 - java.lang.ClassNotFoundException: entity.MainPartMaterial
03.12:17.48.57  INFO	ru.sfedu.simpleBuilder.DataProviderXMLTest:76 - create  MainPartMaterial{id=1647096537038, name='test', price=1.0, soundTransmission=1.0}
03.12:17.48.57  INFO	ru.sfedu.simpleBuilder.DataProviderXMLTest:42 - delnull
03.12:17.48.57  INFO	ru.sfedu.simpleBuilder.DataProviderXMLTest:219 - delnull
03.12:17.48.57  INFO	ru.sfedu.simpleBuilder.DataProviderXMLTest:230 - update  MainPartTemplate{id=1647096537165, name='test2' , priceMultiplier=2.2}
03.12:17.48.57  INFO	ru.sfedu.simpleBuilder.DataProviderXMLTest:53 - update  RoofMaterial{id=1647096537218, name='test2', price=2.0, durabilityYears=2}
03.12:17.48.57  INFO	ru.sfedu.simpleBuilder.DataProviderXMLTest:120 - create  BasementMaterial{id=1647096537246, name='test', price=1.0, frostResistance=1, waterproof=1}
03.12:17.48.57  INFO	ru.sfedu.simpleBuilder.DataProviderXMLTest:263 - delnull
03.12:17.48.57  INFO	ru.sfedu.simpleBuilder.DataProviderXMLTest:274 - update  BasementTemplate{id=1647096537277, name='test2' , priceMultiplier=2.2, cellar=true}
03.12:17.48.57 ERROR	ru.sfedu.simpleBuilder.api.DataProviderXml:218 - ru.sfedu.simpleBuilder.exception.NullObjectException: bean not found
03.12:17.48.57 ERROR	ru.sfedu.simpleBuilder.api.DataProviderXml:218 - ru.sfedu.simpleBuilder.exception.NullObjectException: bean not found
03.12:17.48.57 ERROR	ru.sfedu.simpleBuilder.api.DataProviderXml:218 - ru.sfedu.simpleBuilder.exception.NullObjectException: bean not found
03.12:17.48.57  INFO	ru.sfedu.simpleBuilder.DataProviderXMLTest:307 - delnull
03.12:17.48.57 ERROR	ru.sfedu.simpleBuilder.api.DataProviderXml:218 - ru.sfedu.simpleBuilder.exception.NullObjectException: bean not found
03.12:17.48.57  INFO	ru.sfedu.simpleBuilder.DataProviderXMLTest:87 - delnull
03.12:17.48.57  INFO	ru.sfedu.simpleBuilder.DataProviderXMLTest:164 - create  RoofTemplate{id=1647096537368, name='test' , priceMultiplier=1.0, insulation=true, pipe=true}
03.12:17.48.57 ERROR	ru.sfedu.simpleBuilder.api.DataProviderXml:218 - ru.sfedu.simpleBuilder.exception.NullObjectException: bean not found
03.12:17.48.57 ERROR	ru.sfedu.simpleBuilder.api.DataProviderXml:218 - ru.sfedu.simpleBuilder.exception.NullObjectException: bean not found
03.12:17.48.57  INFO	ru.sfedu.simpleBuilder.DataProviderXMLTest:318 - update  BuildingTemplate{id=1647096537386, name='test2' , idRoofTemplate=2, idMainPartTemplate=1, idBasementTemplate=1' , idRoofMaterial=1, idMainPartMaterial=1, idBasementMaterial=1}
03.12:17.48.57  INFO	ru.sfedu.simpleBuilder.DataProviderXMLTest:98 - update  MainPartMaterial{id=1647096537419, name='test2', price=2.0, soundTransmission=2.0}
03.12:17.48.57  INFO	ru.sfedu.simpleBuilder.DataProviderXMLTest:131 - delnull
03.12:17.48.57  INFO	ru.sfedu.simpleBuilder.DataProviderXMLTest:142 - update  BasementMaterial{id=1647096537480, name='test2', price=2.0, frostResistance=2, waterproof=2}
03.12:17.48.57  INFO	ru.sfedu.simpleBuilder.DataProviderXMLTest:208 - create  MainPartTemplate{id=1647096537521, name='test' , priceMultiplier=1.0}
03.12:17.48.57  INFO	ru.sfedu.simpleBuilder.DataProviderXMLTest:175 - delnull
03.12:17.48.57  INFO	ru.sfedu.simpleBuilder.DataProviderXMLTest:186 - update  RoofTemplate{id=1647096537558, name='test2' , priceMultiplier=1.0, insulation=true, pipe=true}
03.12:17.48.57  INFO	ru.sfedu.simpleBuilder.DataProviderXMLTest:252 - create  BasementTemplate{id=1647096537592, name='test' , priceMultiplier=1.0, cellar=true}
03.12:17.48.57  INFO	ru.sfedu.simpleBuilder.DataProviderXMLTest:31 - create  RoofMaterial{id=1647096537612, name='test', price=1.0, durabilityYears=1}
03.12:17.48.57 ERROR	ru.sfedu.simpleBuilder.api.DataProviderXml:218 - ru.sfedu.simpleBuilder.exception.NullObjectException: bean not found
03.12:17.48.57  INFO	ru.sfedu.simpleBuilder.DataProviderXMLTest:296 - create  BuildingTemplate{id=1647096537653, name='test' , idRoofTemplate=2, idMainPartTemplate=1, idBasementTemplate=1' , idRoofMaterial=1, idMainPartMaterial=1, idBasementMaterial=1}
03.12:17.50.12 DEBUG	ru.sfedu.simpleBuilder.NewMain:28 - NewMain()[0]: starting application.........
03.12:18.03.17  INFO	ru.sfedu.simpleBuilder.api.DataProviderCsv:563 - src/main/resources/csv/MainPartMaterial.csv
03.12:18.03.17  INFO	ru.sfedu.simpleBuilder.api.DataProviderCsv:563 - src/main/resources/csv/MainPartMaterial.csv
03.12:18.03.17  INFO	ru.sfedu.simpleBuilder.api.DataProviderCsv:187 - ru.sfedu.simpleBuilder.exception.NullObjectException:  MainPartMaterial entity is null
03.12:18.03.17  INFO	ru.sfedu.simpleBuilder.api.DataProviderCsv:63 - Entity with the same id was not found.
Entity creation operation in progress
03.12:18.03.17  INFO	ru.sfedu.simpleBuilder.DataProviderCSVTest:81 - create  MainPartMaterial{id=1647097397294, name='test', price=1.0, soundTransmission=1.0}
03.12:18.03.17  INFO	ru.sfedu.simpleBuilder.api.DataProviderCsv:563 - src/main/resources/csv/RoofMaterial.csv
03.12:18.03.17  INFO	ru.sfedu.simpleBuilder.api.DataProviderCsv:563 - src/main/resources/csv/RoofMaterial.csv
03.12:18.03.17  INFO	ru.sfedu.simpleBuilder.api.DataProviderCsv:169 - ru.sfedu.simpleBuilder.exception.NullObjectException:  RoofMaterial entity is null
03.12:18.03.17  INFO	ru.sfedu.simpleBuilder.api.DataProviderCsv:45 - Entity with the same id was not found.
Entity creation operation in progress
03.12:18.03.17  INFO	ru.sfedu.simpleBuilder.api.DataProviderCsv:169 - ru.sfedu.simpleBuilder.exception.NullObjectException:  RoofMaterial entity is null
03.12:18.03.17  INFO	ru.sfedu.simpleBuilder.DataProviderCSVTest:42 - delnull
03.12:18.03.17  INFO	ru.sfedu.simpleBuilder.api.DataProviderCsv:169 - ru.sfedu.simpleBuilder.exception.NullObjectException:  RoofMaterial entity is null
03.12:18.03.17  INFO	ru.sfedu.simpleBuilder.api.DataProviderCsv:563 - src/main/resources/csv/MainPartTemplate.csv
03.12:18.03.17  INFO	ru.sfedu.simpleBuilder.api.DataProviderCsv:563 - src/main/resources/csv/MainPartTemplate.csv
03.12:18.03.17  INFO	ru.sfedu.simpleBuilder.api.DataProviderCsv:241 - ru.sfedu.simpleBuilder.exception.NullObjectException: MainPartTemplate entity is null
03.12:18.03.17  INFO	ru.sfedu.simpleBuilder.api.DataProviderCsv:113 - Entity with the same id was not found.
Entity creation operation in progress
03.12:18.03.17  INFO	ru.sfedu.simpleBuilder.api.DataProviderCsv:241 - ru.sfedu.simpleBuilder.exception.NullObjectException: MainPartTemplate entity is null
03.12:18.03.17  INFO	ru.sfedu.simpleBuilder.DataProviderCSVTest:236 - del null
03.12:18.03.17  INFO	ru.sfedu.simpleBuilder.api.DataProviderCsv:241 - ru.sfedu.simpleBuilder.exception.NullObjectException: MainPartTemplate entity is null
03.12:18.03.17  INFO	ru.sfedu.simpleBuilder.api.DataProviderCsv:563 - src/main/resources/csv/MainPartTemplate.csv
03.12:18.03.17  INFO	ru.sfedu.simpleBuilder.api.DataProviderCsv:563 - src/main/resources/csv/MainPartTemplate.csv
03.12:18.03.17  INFO	ru.sfedu.simpleBuilder.api.DataProviderCsv:241 - ru.sfedu.simpleBuilder.exception.NullObjectException: MainPartTemplate entity is null
03.12:18.03.17  INFO	ru.sfedu.simpleBuilder.api.DataProviderCsv:113 - Entity with the same id was not found.
Entity creation operation in progress
03.12:18.03.17  INFO	ru.sfedu.simpleBuilder.api.DataProviderCsv:563 - src/main/resources/csv/MainPartTemplate.csv
03.12:18.03.17  INFO	ru.sfedu.simpleBuilder.api.DataProviderCsv:563 - src/main/resources/csv/MainPartTemplate.csv
03.12:18.03.17  INFO	ru.sfedu.simpleBuilder.api.DataProviderCsv:241 - ru.sfedu.simpleBuilder.exception.NullObjectException: MainPartTemplate entity is null
03.12:18.03.17  INFO	ru.sfedu.simpleBuilder.api.DataProviderCsv:113 - Entity with the same id was not found.
Entity creation operation in progress
03.12:18.03.17  INFO	ru.sfedu.simpleBuilder.DataProviderCSVTest:247 - update  MainPartTemplate{id=1647097397496, name='test2' , priceMultiplier=2.2}
03.12:18.03.17  INFO	ru.sfedu.simpleBuilder.api.DataProviderCsv:563 - src/main/resources/csv/BasementTemplate.csv
03.12:18.03.17  INFO	ru.sfedu.simpleBuilder.api.DataProviderCsv:563 - src/main/resources/csv/BasementTemplate.csv
03.12:18.03.17  INFO	ru.sfedu.simpleBuilder.api.DataProviderCsv:259 - ru.sfedu.simpleBuilder.exception.NullObjectException: BasementTemplate entity is null
03.12:18.03.17  INFO	ru.sfedu.simpleBuilder.api.DataProviderCsv:130 - Entity with the same id was not found.
Entity creation operation in progress
03.12:18.03.17  INFO	ru.sfedu.simpleBuilder.api.DataProviderCsv:563 - src/main/resources/csv/RoofMaterial.csv
03.12:18.03.17  INFO	ru.sfedu.simpleBuilder.api.DataProviderCsv:563 - src/main/resources/csv/RoofMaterial.csv
03.12:18.03.17  INFO	ru.sfedu.simpleBuilder.api.DataProviderCsv:169 - ru.sfedu.simpleBuilder.exception.NullObjectException:  RoofMaterial entity is null
03.12:18.03.17  INFO	ru.sfedu.simpleBuilder.api.DataProviderCsv:45 - Entity with the same id was not found.
Entity creation operation in progress
03.12:18.03.17  INFO	ru.sfedu.simpleBuilder.api.DataProviderCsv:563 - src/main/resources/csv/RoofMaterial.csv
03.12:18.03.17  INFO	ru.sfedu.simpleBuilder.api.DataProviderCsv:563 - src/main/resources/csv/RoofMaterial.csv
03.12:18.03.17  INFO	ru.sfedu.simpleBuilder.api.DataProviderCsv:169 - ru.sfedu.simpleBuilder.exception.NullObjectException:  RoofMaterial entity is null
03.12:18.03.17  INFO	ru.sfedu.simpleBuilder.api.DataProviderCsv:45 - Entity with the same id was not found.
Entity creation operation in progress
03.12:18.03.17  INFO	ru.sfedu.simpleBuilder.DataProviderCSVTest:53 - update  RoofMaterial{id=1647097397624, name='test2', price=2.0, durabilityYears=2}
03.12:18.03.17  INFO	ru.sfedu.simpleBuilder.api.DataProviderCsv:563 - src/main/resources/csv/BasementMaterial.csv
03.12:18.03.17  INFO	ru.sfedu.simpleBuilder.api.DataProviderCsv:563 - src/main/resources/csv/BasementMaterial.csv
03.12:18.03.17  INFO	ru.sfedu.simpleBuilder.api.DataProviderCsv:205 - ru.sfedu.simpleBuilder.exception.NullObjectException: BasementMaterial entity is null
03.12:18.03.17  INFO	ru.sfedu.simpleBuilder.api.DataProviderCsv:79 - Entity with the same id was not found.
Entity creation operation in progress
03.12:18.03.17  INFO	ru.sfedu.simpleBuilder.DataProviderCSVTest:129 - create  BasementMaterial{id=1647097397711, name='test', price=1.0, frostResistance=1, waterproof=1}
03.12:18.03.17  INFO	ru.sfedu.simpleBuilder.api.DataProviderCsv:563 - src/main/resources/csv/BasementTemplate.csv
03.12:18.03.17  INFO	ru.sfedu.simpleBuilder.api.DataProviderCsv:563 - src/main/resources/csv/BasementTemplate.csv
03.12:18.03.17  INFO	ru.sfedu.simpleBuilder.api.DataProviderCsv:259 - ru.sfedu.simpleBuilder.exception.NullObjectException: BasementTemplate entity is null
03.12:18.03.17  INFO	ru.sfedu.simpleBuilder.api.DataProviderCsv:130 - Entity with the same id was not found.
Entity creation operation in progress
03.12:18.03.17  INFO	ru.sfedu.simpleBuilder.api.DataProviderCsv:259 - ru.sfedu.simpleBuilder.exception.NullObjectException: BasementTemplate entity is null
03.12:18.03.17  INFO	ru.sfedu.simpleBuilder.DataProviderCSVTest:284 - delnull
03.12:18.03.17  INFO	ru.sfedu.simpleBuilder.api.DataProviderCsv:259 - ru.sfedu.simpleBuilder.exception.NullObjectException: BasementTemplate entity is null
03.12:18.03.17  INFO	ru.sfedu.simpleBuilder.api.DataProviderCsv:563 - src/main/resources/csv/BasementTemplate.csv
03.12:18.03.17  INFO	ru.sfedu.simpleBuilder.api.DataProviderCsv:563 - src/main/resources/csv/BasementTemplate.csv
03.12:18.03.17  INFO	ru.sfedu.simpleBuilder.api.DataProviderCsv:259 - ru.sfedu.simpleBuilder.exception.NullObjectException: BasementTemplate entity is null
03.12:18.03.17  INFO	ru.sfedu.simpleBuilder.api.DataProviderCsv:130 - Entity with the same id was not found.
Entity creation operation in progress
03.12:18.03.17  INFO	ru.sfedu.simpleBuilder.api.DataProviderCsv:563 - src/main/resources/csv/BasementTemplate.csv
03.12:18.03.17  INFO	ru.sfedu.simpleBuilder.api.DataProviderCsv:563 - src/main/resources/csv/BasementTemplate.csv
03.12:18.03.17  INFO	ru.sfedu.simpleBuilder.api.DataProviderCsv:259 - ru.sfedu.simpleBuilder.exception.NullObjectException: BasementTemplate entity is null
03.12:18.03.17  INFO	ru.sfedu.simpleBuilder.api.DataProviderCsv:130 - Entity with the same id was not found.
Entity creation operation in progress
03.12:18.03.17  INFO	ru.sfedu.simpleBuilder.DataProviderCSVTest:295 - update  BasementTemplate{id=1647097397927, name='test2' , priceMultiplier=2.2, cellar=true}
03.12:18.03.18  INFO	ru.sfedu.simpleBuilder.api.DataProviderCsv:563 - src/main/resources/csv/BuildingTemplate.csv
03.12:18.03.18  INFO	ru.sfedu.simpleBuilder.api.DataProviderCsv:563 - src/main/resources/csv/BuildingTemplate.csv
03.12:18.03.18  INFO	ru.sfedu.simpleBuilder.api.DataProviderCsv:277 - ru.sfedu.simpleBuilder.exception.NullObjectException: BuildingTemplate entity is null
03.12:18.03.18  INFO	ru.sfedu.simpleBuilder.api.DataProviderCsv:147 - Entity with the same id was not found.
Entity creation operation in progress
03.12:18.03.18  INFO	ru.sfedu.simpleBuilder.api.DataProviderCsv:563 - src/main/resources/csv/MainPartMaterial.csv
03.12:18.03.18  INFO	ru.sfedu.simpleBuilder.api.DataProviderCsv:563 - src/main/resources/csv/MainPartMaterial.csv
03.12:18.03.18  INFO	ru.sfedu.simpleBuilder.api.DataProviderCsv:187 - ru.sfedu.simpleBuilder.exception.NullObjectException:  MainPartMaterial entity is null
03.12:18.03.18  INFO	ru.sfedu.simpleBuilder.api.DataProviderCsv:63 - Entity with the same id was not found.
Entity creation operation in progress
03.12:18.03.18  INFO	ru.sfedu.simpleBuilder.api.DataProviderCsv:563 - src/main/resources/csv/BuildingTemplate.csv
03.12:18.03.18  INFO	ru.sfedu.simpleBuilder.api.DataProviderCsv:563 - src/main/resources/csv/BuildingTemplate.csv
03.12:18.03.18  INFO	ru.sfedu.simpleBuilder.api.DataProviderCsv:277 - ru.sfedu.simpleBuilder.exception.NullObjectException: BuildingTemplate entity is null
03.12:18.03.18  INFO	ru.sfedu.simpleBuilder.api.DataProviderCsv:147 - Entity with the same id was not found.
Entity creation operation in progress
03.12:18.03.18  INFO	ru.sfedu.simpleBuilder.api.DataProviderCsv:277 - ru.sfedu.simpleBuilder.exception.NullObjectException: BuildingTemplate entity is null
03.12:18.03.18  INFO	ru.sfedu.simpleBuilder.DataProviderCSVTest:332 - delnull
03.12:18.03.18  INFO	ru.sfedu.simpleBuilder.api.DataProviderCsv:277 - ru.sfedu.simpleBuilder.exception.NullObjectException: BuildingTemplate entity is null
03.12:18.03.18  INFO	ru.sfedu.simpleBuilder.api.DataProviderCsv:563 - src/main/resources/csv/MainPartMaterial.csv
03.12:18.03.18  INFO	ru.sfedu.simpleBuilder.api.DataProviderCsv:563 - src/main/resources/csv/MainPartMaterial.csv
03.12:18.03.18  INFO	ru.sfedu.simpleBuilder.api.DataProviderCsv:187 - ru.sfedu.simpleBuilder.exception.NullObjectException:  MainPartMaterial entity is null
03.12:18.03.18  INFO	ru.sfedu.simpleBuilder.api.DataProviderCsv:63 - Entity with the same id was not found.
Entity creation operation in progress
03.12:18.03.18  INFO	ru.sfedu.simpleBuilder.api.DataProviderCsv:187 - ru.sfedu.simpleBuilder.exception.NullObjectException:  MainPartMaterial entity is null
03.12:18.03.18  INFO	ru.sfedu.simpleBuilder.DataProviderCSVTest:92 - delnull
03.12:18.03.18  INFO	ru.sfedu.simpleBuilder.api.DataProviderCsv:187 - ru.sfedu.simpleBuilder.exception.NullObjectException:  MainPartMaterial entity is null
03.12:18.03.18  INFO	ru.sfedu.simpleBuilder.api.DataProviderCsv:563 - src/main/resources/csv/RoofTemplate.csv
03.12:18.03.18  INFO	ru.sfedu.simpleBuilder.api.DataProviderCsv:563 - src/main/resources/csv/RoofTemplate.csv
03.12:18.03.18  INFO	ru.sfedu.simpleBuilder.api.DataProviderCsv:223 - ru.sfedu.simpleBuilder.exception.NullObjectException: RoofTemplate entity is null
03.12:18.03.18  INFO	ru.sfedu.simpleBuilder.api.DataProviderCsv:96 - Entity with the same id was not found.
Entity creation operation in progress
03.12:18.03.18  INFO	ru.sfedu.simpleBuilder.DataProviderCSVTest:177 - create  RoofTemplate{id=1647097398245, name='test' , priceMultiplier=1.0, insulation=true, pipe=true}
03.12:18.03.18  INFO	ru.sfedu.simpleBuilder.api.DataProviderCsv:563 - src/main/resources/csv/BuildingTemplate.csv
03.12:18.03.18  INFO	ru.sfedu.simpleBuilder.api.DataProviderCsv:563 - src/main/resources/csv/BuildingTemplate.csv
03.12:18.03.18  INFO	ru.sfedu.simpleBuilder.api.DataProviderCsv:277 - ru.sfedu.simpleBuilder.exception.NullObjectException: BuildingTemplate entity is null
03.12:18.03.18  INFO	ru.sfedu.simpleBuilder.api.DataProviderCsv:147 - Entity with the same id was not found.
Entity creation operation in progress
03.12:18.03.18  INFO	ru.sfedu.simpleBuilder.api.DataProviderCsv:563 - src/main/resources/csv/BuildingTemplate.csv
03.12:18.03.18  INFO	ru.sfedu.simpleBuilder.api.DataProviderCsv:563 - src/main/resources/csv/BuildingTemplate.csv
03.12:18.03.18  INFO	ru.sfedu.simpleBuilder.api.DataProviderCsv:277 - ru.sfedu.simpleBuilder.exception.NullObjectException: BuildingTemplate entity is null
03.12:18.03.18  INFO	ru.sfedu.simpleBuilder.api.DataProviderCsv:147 - Entity with the same id was not found.
Entity creation operation in progress
03.12:18.03.18  INFO	ru.sfedu.simpleBuilder.DataProviderCSVTest:343 - update  BuildingTemplate{id=1647097398308, name='test2' , idRoofTemplate=2, idMainPartTemplate=1, idBasementTemplate=1' , idRoofMaterial=1, idMainPartMaterial=1, idBasementMaterial=1}
03.12:18.03.18  INFO	ru.sfedu.simpleBuilder.api.DataProviderCsv:563 - src/main/resources/csv/MainPartMaterial.csv
03.12:18.03.18  INFO	ru.sfedu.simpleBuilder.api.DataProviderCsv:563 - src/main/resources/csv/MainPartMaterial.csv
03.12:18.03.18  INFO	ru.sfedu.simpleBuilder.api.DataProviderCsv:187 - ru.sfedu.simpleBuilder.exception.NullObjectException:  MainPartMaterial entity is null
03.12:18.03.18  INFO	ru.sfedu.simpleBuilder.api.DataProviderCsv:63 - Entity with the same id was not found.
Entity creation operation in progress
03.12:18.03.18  INFO	ru.sfedu.simpleBuilder.api.DataProviderCsv:563 - src/main/resources/csv/MainPartMaterial.csv
03.12:18.03.18  INFO	ru.sfedu.simpleBuilder.api.DataProviderCsv:563 - src/main/resources/csv/MainPartMaterial.csv
03.12:18.03.18  INFO	ru.sfedu.simpleBuilder.api.DataProviderCsv:187 - ru.sfedu.simpleBuilder.exception.NullObjectException:  MainPartMaterial entity is null
03.12:18.03.18  INFO	ru.sfedu.simpleBuilder.api.DataProviderCsv:63 - Entity with the same id was not found.
Entity creation operation in progress
03.12:18.03.18  INFO	ru.sfedu.simpleBuilder.DataProviderCSVTest:103 - update  MainPartMaterial{id=1647097398404, name='test2', price=2.0, soundTransmission=2.0}
03.12:18.03.18  INFO	ru.sfedu.simpleBuilder.api.DataProviderCsv:563 - src/main/resources/csv/BasementMaterial.csv
03.12:18.03.18  INFO	ru.sfedu.simpleBuilder.api.DataProviderCsv:563 - src/main/resources/csv/BasementMaterial.csv
03.12:18.03.18  INFO	ru.sfedu.simpleBuilder.api.DataProviderCsv:205 - ru.sfedu.simpleBuilder.exception.NullObjectException: BasementMaterial entity is null
03.12:18.03.18  INFO	ru.sfedu.simpleBuilder.api.DataProviderCsv:79 - Entity with the same id was not found.
Entity creation operation in progress
03.12:18.03.18  INFO	ru.sfedu.simpleBuilder.api.DataProviderCsv:563 - src/main/resources/csv/BasementMaterial.csv
03.12:18.03.18  INFO	ru.sfedu.simpleBuilder.api.DataProviderCsv:563 - src/main/resources/csv/BasementMaterial.csv
03.12:18.03.18  INFO	ru.sfedu.simpleBuilder.api.DataProviderCsv:205 - ru.sfedu.simpleBuilder.exception.NullObjectException: BasementMaterial entity is null
03.12:18.03.18  INFO	ru.sfedu.simpleBuilder.api.DataProviderCsv:79 - Entity with the same id was not found.
Entity creation operation in progress
03.12:18.03.18  INFO	ru.sfedu.simpleBuilder.api.DataProviderCsv:205 - ru.sfedu.simpleBuilder.exception.NullObjectException: BasementMaterial entity is null
03.12:18.03.18  INFO	ru.sfedu.simpleBuilder.DataProviderCSVTest:140 - delnull
03.12:18.03.18  INFO	ru.sfedu.simpleBuilder.api.DataProviderCsv:205 - ru.sfedu.simpleBuilder.exception.NullObjectException: BasementMaterial entity is null
03.12:18.03.18  INFO	ru.sfedu.simpleBuilder.api.DataProviderCsv:563 - src/main/resources/csv/BasementMaterial.csv
03.12:18.03.18  INFO	ru.sfedu.simpleBuilder.api.DataProviderCsv:563 - src/main/resources/csv/BasementMaterial.csv
03.12:18.03.18  INFO	ru.sfedu.simpleBuilder.api.DataProviderCsv:205 - ru.sfedu.simpleBuilder.exception.NullObjectException: BasementMaterial entity is null
03.12:18.03.18  INFO	ru.sfedu.simpleBuilder.api.DataProviderCsv:79 - Entity with the same id was not found.
Entity creation operation in progress
03.12:18.03.18  INFO	ru.sfedu.simpleBuilder.api.DataProviderCsv:563 - src/main/resources/csv/BasementMaterial.csv
03.12:18.03.18  INFO	ru.sfedu.simpleBuilder.api.DataProviderCsv:563 - src/main/resources/csv/BasementMaterial.csv
03.12:18.03.18  INFO	ru.sfedu.simpleBuilder.api.DataProviderCsv:205 - ru.sfedu.simpleBuilder.exception.NullObjectException: BasementMaterial entity is null
03.12:18.03.18  INFO	ru.sfedu.simpleBuilder.api.DataProviderCsv:79 - Entity with the same id was not found.
Entity creation operation in progress
03.12:18.03.18  INFO	ru.sfedu.simpleBuilder.DataProviderCSVTest:151 - update  BasementMaterial{id=1647097398649, name='test2', price=2.0, frostResistance=2, waterproof=2}
03.12:18.03.18  INFO	ru.sfedu.simpleBuilder.api.DataProviderCsv:563 - src/main/resources/csv/RoofTemplate.csv
03.12:18.03.18  INFO	ru.sfedu.simpleBuilder.api.DataProviderCsv:563 - src/main/resources/csv/RoofTemplate.csv
03.12:18.03.18  INFO	ru.sfedu.simpleBuilder.api.DataProviderCsv:223 - ru.sfedu.simpleBuilder.exception.NullObjectException: RoofTemplate entity is null
03.12:18.03.18  INFO	ru.sfedu.simpleBuilder.api.DataProviderCsv:96 - Entity with the same id was not found.
Entity creation operation in progress
03.12:18.03.18  INFO	ru.sfedu.simpleBuilder.api.DataProviderCsv:563 - src/main/resources/csv/MainPartTemplate.csv
03.12:18.03.18  INFO	ru.sfedu.simpleBuilder.api.DataProviderCsv:563 - src/main/resources/csv/MainPartTemplate.csv
03.12:18.03.18  INFO	ru.sfedu.simpleBuilder.api.DataProviderCsv:241 - ru.sfedu.simpleBuilder.exception.NullObjectException: MainPartTemplate entity is null
03.12:18.03.18  INFO	ru.sfedu.simpleBuilder.api.DataProviderCsv:113 - Entity with the same id was not found.
Entity creation operation in progress
03.12:18.03.18  INFO	ru.sfedu.simpleBuilder.DataProviderCSVTest:225 - create  MainPartTemplate{id=1647097398763, name='test' , priceMultiplier=1.0}
03.12:18.03.18  INFO	ru.sfedu.simpleBuilder.api.DataProviderCsv:563 - src/main/resources/csv/RoofTemplate.csv
03.12:18.03.18  INFO	ru.sfedu.simpleBuilder.api.DataProviderCsv:563 - src/main/resources/csv/RoofTemplate.csv
03.12:18.03.18  INFO	ru.sfedu.simpleBuilder.api.DataProviderCsv:223 - ru.sfedu.simpleBuilder.exception.NullObjectException: RoofTemplate entity is null
03.12:18.03.18  INFO	ru.sfedu.simpleBuilder.api.DataProviderCsv:96 - Entity with the same id was not found.
Entity creation operation in progress
03.12:18.03.18  INFO	ru.sfedu.simpleBuilder.api.DataProviderCsv:223 - ru.sfedu.simpleBuilder.exception.NullObjectException: RoofTemplate entity is null
03.12:18.03.18  INFO	ru.sfedu.simpleBuilder.DataProviderCSVTest:188 - delnull
03.12:18.03.18  INFO	ru.sfedu.simpleBuilder.api.DataProviderCsv:223 - ru.sfedu.simpleBuilder.exception.NullObjectException: RoofTemplate entity is null
03.12:18.03.18  INFO	ru.sfedu.simpleBuilder.api.DataProviderCsv:563 - src/main/resources/csv/RoofTemplate.csv
03.12:18.03.18  INFO	ru.sfedu.simpleBuilder.api.DataProviderCsv:563 - src/main/resources/csv/RoofTemplate.csv
03.12:18.03.18  INFO	ru.sfedu.simpleBuilder.api.DataProviderCsv:223 - ru.sfedu.simpleBuilder.exception.NullObjectException: RoofTemplate entity is null
03.12:18.03.18  INFO	ru.sfedu.simpleBuilder.api.DataProviderCsv:96 - Entity with the same id was not found.
Entity creation operation in progress
03.12:18.03.18  INFO	ru.sfedu.simpleBuilder.api.DataProviderCsv:563 - src/main/resources/csv/RoofTemplate.csv
03.12:18.03.18  INFO	ru.sfedu.simpleBuilder.api.DataProviderCsv:563 - src/main/resources/csv/RoofTemplate.csv
03.12:18.03.18  INFO	ru.sfedu.simpleBuilder.api.DataProviderCsv:223 - ru.sfedu.simpleBuilder.exception.NullObjectException: RoofTemplate entity is null
03.12:18.03.18  INFO	ru.sfedu.simpleBuilder.api.DataProviderCsv:96 - Entity with the same id was not found.
Entity creation operation in progress
03.12:18.03.18  INFO	ru.sfedu.simpleBuilder.DataProviderCSVTest:199 - update  RoofTemplate{id=1647097398875, name='test2' , priceMultiplier=1.0, insulation=true, pipe=true}
03.12:18.03.18  INFO	ru.sfedu.simpleBuilder.api.DataProviderCsv:563 - src/main/resources/csv/BasementTemplate.csv
03.12:18.03.18  INFO	ru.sfedu.simpleBuilder.api.DataProviderCsv:563 - src/main/resources/csv/BasementTemplate.csv
03.12:18.03.18  INFO	ru.sfedu.simpleBuilder.api.DataProviderCsv:259 - ru.sfedu.simpleBuilder.exception.NullObjectException: BasementTemplate entity is null
03.12:18.03.18  INFO	ru.sfedu.simpleBuilder.api.DataProviderCsv:130 - Entity with the same id was not found.
Entity creation operation in progress
03.12:18.03.19  INFO	ru.sfedu.simpleBuilder.DataProviderCSVTest:273 - create  BasementTemplate{id=1647097398968, name='test' , priceMultiplier=1.0, cellar=true}
03.12:18.03.19  INFO	ru.sfedu.simpleBuilder.api.DataProviderCsv:563 - src/main/resources/csv/RoofMaterial.csv
03.12:18.03.19  INFO	ru.sfedu.simpleBuilder.api.DataProviderCsv:563 - src/main/resources/csv/RoofMaterial.csv
03.12:18.03.19  INFO	ru.sfedu.simpleBuilder.api.DataProviderCsv:169 - ru.sfedu.simpleBuilder.exception.NullObjectException:  RoofMaterial entity is null
03.12:18.03.19  INFO	ru.sfedu.simpleBuilder.api.DataProviderCsv:45 - Entity with the same id was not found.
Entity creation operation in progress
03.12:18.03.19  INFO	ru.sfedu.simpleBuilder.DataProviderCSVTest:31 - create  RoofMaterial{id=1647097399037, name='test', price=1.0, durabilityYears=1}
03.12:18.03.19  INFO	ru.sfedu.simpleBuilder.api.DataProviderCsv:563 - src/main/resources/csv/MainPartTemplate.csv
03.12:18.03.19  INFO	ru.sfedu.simpleBuilder.api.DataProviderCsv:563 - src/main/resources/csv/MainPartTemplate.csv
03.12:18.03.19  INFO	ru.sfedu.simpleBuilder.api.DataProviderCsv:241 - ru.sfedu.simpleBuilder.exception.NullObjectException: MainPartTemplate entity is null
03.12:18.03.19  INFO	ru.sfedu.simpleBuilder.api.DataProviderCsv:113 - Entity with the same id was not found.
Entity creation operation in progress
03.12:18.03.19  INFO	ru.sfedu.simpleBuilder.api.DataProviderCsv:563 - src/main/resources/csv/RoofMaterial.csv
03.12:18.03.19  INFO	ru.sfedu.simpleBuilder.api.DataProviderCsv:563 - src/main/resources/csv/RoofMaterial.csv
03.12:18.03.19  INFO	ru.sfedu.simpleBuilder.api.DataProviderCsv:169 - ru.sfedu.simpleBuilder.exception.NullObjectException:  RoofMaterial entity is null
03.12:18.03.19  INFO	ru.sfedu.simpleBuilder.api.DataProviderCsv:45 - Entity with the same id was not found.
Entity creation operation in progress
03.12:18.03.19  INFO	ru.sfedu.simpleBuilder.api.DataProviderCsv:563 - src/main/resources/csv/BuildingTemplate.csv
03.12:18.03.19  INFO	ru.sfedu.simpleBuilder.api.DataProviderCsv:563 - src/main/resources/csv/BuildingTemplate.csv
03.12:18.03.19  INFO	ru.sfedu.simpleBuilder.api.DataProviderCsv:277 - ru.sfedu.simpleBuilder.exception.NullObjectException: BuildingTemplate entity is null
03.12:18.03.19  INFO	ru.sfedu.simpleBuilder.api.DataProviderCsv:147 - Entity with the same id was not found.
Entity creation operation in progress
03.12:18.03.19  INFO	ru.sfedu.simpleBuilder.DataProviderCSVTest:321 - create  BuildingTemplate{id=1647097399155, name='test' , idRoofTemplate=2, idMainPartTemplate=1, idBasementTemplate=1' , idRoofMaterial=1, idMainPartMaterial=1, idBasementMaterial=1}
03.12:18.03.19  INFO	ru.sfedu.simpleBuilder.DataProviderJDBCTest:81 - create  MainPartMaterial{id=1647097399230, name='test', price=1.0, soundTransmission=1.0}
03.12:18.03.19 DEBUG	ru.sfedu.simpleBuilder.api.DataProviderJDBC:779 - prep17:  DELETE FROM MAINPARTMATERIAL WHERE id= (?) {1: 1647097399230}
03.12:18.03.19 DEBUG	ru.sfedu.simpleBuilder.api.DataProviderJDBC:780 - conn0: url=jdbc:h2:tcp://localhost/~/test user=ADMIN
03.12:18.03.19  INFO	ru.sfedu.simpleBuilder.api.DataProviderJDBC:72 - prep32: INSERT INTO ROOFMATERIAL VALUES (?,?,?,?) {1: 1647097399248, 2: 'test', 3: 1.0, 4: 1}
03.12:18.03.19  INFO	ru.sfedu.simpleBuilder.api.DataProviderJDBC:73 - conn1: url=jdbc:h2:tcp://localhost/~/test user=ADMIN
03.12:18.03.19 ERROR	ru.sfedu.simpleBuilder.api.DataProviderJDBC:420 - ru.sfedu.simpleBuilder.exception.NullObjectException: entity is null
03.12:18.03.19  INFO	ru.sfedu.simpleBuilder.DataProviderJDBCTest:42 - delnull
03.12:18.03.19 ERROR	ru.sfedu.simpleBuilder.api.DataProviderJDBC:420 - ru.sfedu.simpleBuilder.exception.NullObjectException: entity is null
03.12:18.03.19 ERROR	ru.sfedu.simpleBuilder.api.DataProviderJDBC:471 - ru.sfedu.simpleBuilder.exception.NullObjectException: entity is null
03.12:18.03.19  INFO	ru.sfedu.simpleBuilder.DataProviderJDBCTest:236 - delnull
03.12:18.03.19 ERROR	ru.sfedu.simpleBuilder.api.DataProviderJDBC:471 - ru.sfedu.simpleBuilder.exception.NullObjectException: entity is null
03.12:18.03.19  INFO	ru.sfedu.simpleBuilder.DataProviderJDBCTest:247 - update  MainPartTemplate{id=1647097399287, name='test2' , priceMultiplier=2.2}
03.12:18.03.19  INFO	ru.sfedu.simpleBuilder.api.DataProviderJDBC:72 - prep109: INSERT INTO ROOFMATERIAL VALUES (?,?,?,?) {1: 1647097399330, 2: 'test', 3: 1.0, 4: 1}
03.12:18.03.19  INFO	ru.sfedu.simpleBuilder.api.DataProviderJDBC:73 - conn5: url=jdbc:h2:tcp://localhost/~/test user=ADMIN
03.12:18.03.19  INFO	ru.sfedu.simpleBuilder.DataProviderJDBCTest:53 - update  RoofMaterial{id=1647097399330, name='test2', price=2.0, durabilityYears=2}
03.12:18.03.19  INFO	ru.sfedu.simpleBuilder.DataProviderJDBCTest:129 - create  BasementMaterial{id=1647097399366, name='test', price=1.0, frostResistance=1, waterproof=1}
03.12:18.03.19 ERROR	ru.sfedu.simpleBuilder.api.DataProviderJDBC:488 - ru.sfedu.simpleBuilder.exception.NullObjectException: entity is null
03.12:18.03.19  INFO	ru.sfedu.simpleBuilder.DataProviderJDBCTest:284 - delnull
03.12:18.03.19 ERROR	ru.sfedu.simpleBuilder.api.DataProviderJDBC:488 - ru.sfedu.simpleBuilder.exception.NullObjectException: entity is null
03.12:18.03.19  INFO	ru.sfedu.simpleBuilder.DataProviderJDBCTest:295 - update  BasementTemplate{id=1647097399408, name='test2' , priceMultiplier=2.2, cellar=true}
03.12:18.03.19 ERROR	ru.sfedu.simpleBuilder.api.DataProviderJDBC:488 - ru.sfedu.simpleBuilder.exception.NullObjectException: entity is null
03.12:18.03.19 DEBUG	ru.sfedu.simpleBuilder.api.DataProviderJDBC:869 - prep233:  DELETE FROM BUILDINGTEMPLATE WHERE id= (?) {1: 1647097399433}
03.12:18.03.19 DEBUG	ru.sfedu.simpleBuilder.api.DataProviderJDBC:779 - prep251:  DELETE FROM MAINPARTMATERIAL WHERE id= (?) {1: 1647097399450}
03.12:18.03.19 DEBUG	ru.sfedu.simpleBuilder.api.DataProviderJDBC:780 - conn13: url=jdbc:h2:tcp://localhost/~/test user=ADMIN
03.12:18.03.19 ERROR	ru.sfedu.simpleBuilder.api.DataProviderJDBC:488 - ru.sfedu.simpleBuilder.exception.NullObjectException: entity is null
03.12:18.03.19 DEBUG	ru.sfedu.simpleBuilder.api.DataProviderJDBC:869 - prep268:  DELETE FROM BUILDINGTEMPLATE WHERE id= (?) {1: 1647097399469}
03.12:18.03.19 ERROR	ru.sfedu.simpleBuilder.api.DataProviderJDBC:403 - ru.sfedu.simpleBuilder.exception.NullObjectException: entity is null
03.12:18.03.19  INFO	ru.sfedu.simpleBuilder.DataProviderJDBCTest:332 - delnull
03.12:18.03.19 ERROR	ru.sfedu.simpleBuilder.api.DataProviderJDBC:403 - ru.sfedu.simpleBuilder.exception.NullObjectException: entity is null
03.12:18.03.19 DEBUG	ru.sfedu.simpleBuilder.api.DataProviderJDBC:779 - prep287:  DELETE FROM MAINPARTMATERIAL WHERE id= (?) {1: 1647097399497}
03.12:18.03.19 DEBUG	ru.sfedu.simpleBuilder.api.DataProviderJDBC:780 - conn15: url=jdbc:h2:tcp://localhost/~/test user=ADMIN
03.12:18.03.19 ERROR	ru.sfedu.simpleBuilder.api.DataProviderJDBC:454 - ru.sfedu.simpleBuilder.exception.NullObjectException: entity is null
03.12:18.03.19  INFO	ru.sfedu.simpleBuilder.DataProviderJDBCTest:92 - delnull
03.12:18.03.19 ERROR	ru.sfedu.simpleBuilder.api.DataProviderJDBC:454 - ru.sfedu.simpleBuilder.exception.NullObjectException: entity is null
03.12:18.03.19  INFO	ru.sfedu.simpleBuilder.DataProviderJDBCTest:177 - create  RoofTemplate{id=1647097399514, name='test' , priceMultiplier=1.0, insulation=true, pipe=true}
03.12:18.03.19  INFO	ru.sfedu.simpleBuilder.DataProviderJDBCTest:343 - update  BuildingTemplate{id=1647097399527, name='test2' , idRoofTemplate=2, idMainPartTemplate=1, idBasementTemplate=1' , idRoofMaterial=1, idMainPartMaterial=1, idBasementMaterial=0}
03.12:18.03.19 ERROR	ru.sfedu.simpleBuilder.api.DataProviderJDBC:488 - ru.sfedu.simpleBuilder.exception.NullObjectException: entity is null
03.12:18.03.19 DEBUG	ru.sfedu.simpleBuilder.api.DataProviderJDBC:869 - prep328:  DELETE FROM BUILDINGTEMPLATE WHERE id= (?) {1: 1647097399527}
03.12:18.03.19  INFO	ru.sfedu.simpleBuilder.DataProviderJDBCTest:103 - update  MainPartMaterial{id=1647097399548, name='test2', price=2.0, soundTransmission=2.0}
03.12:18.03.19 DEBUG	ru.sfedu.simpleBuilder.api.DataProviderJDBC:779 - prep349:  DELETE FROM MAINPARTMATERIAL WHERE id= (?) {1: 1647097399548}
03.12:18.03.19 DEBUG	ru.sfedu.simpleBuilder.api.DataProviderJDBC:780 - conn18: url=jdbc:h2:tcp://localhost/~/test user=ADMIN
03.12:18.03.19 ERROR	ru.sfedu.simpleBuilder.api.DataProviderJDBC:437 - ru.sfedu.simpleBuilder.exception.NullObjectException: entity is null
03.12:18.03.19  INFO	ru.sfedu.simpleBuilder.DataProviderJDBCTest:140 - delnull
03.12:18.03.19 ERROR	ru.sfedu.simpleBuilder.api.DataProviderJDBC:437 - ru.sfedu.simpleBuilder.exception.NullObjectException: entity is null
03.12:18.03.19  INFO	ru.sfedu.simpleBuilder.DataProviderJDBCTest:151 - update  BasementMaterial{id=1647097399636, name='test2', price=2.0, frostResistance=2, waterproof=2}
03.12:18.03.19  INFO	ru.sfedu.simpleBuilder.DataProviderJDBCTest:225 - create  MainPartTemplate{id=1647097399676, name='test' , priceMultiplier=1.0}
03.12:18.03.19 ERROR	ru.sfedu.simpleBuilder.api.DataProviderJDBC:505 - ru.sfedu.simpleBuilder.exception.NullObjectException: entity is null
03.12:18.03.19  INFO	ru.sfedu.simpleBuilder.DataProviderJDBCTest:188 - delnull
03.12:18.03.19 ERROR	ru.sfedu.simpleBuilder.api.DataProviderJDBC:505 - ru.sfedu.simpleBuilder.exception.NullObjectException: entity is null
03.12:18.03.19  INFO	ru.sfedu.simpleBuilder.DataProviderJDBCTest:199 - update  RoofTemplate{id=1647097399722, name='test2' , priceMultiplier=1.0, insulation=true, pipe=true}
03.12:18.03.19  INFO	ru.sfedu.simpleBuilder.DataProviderJDBCTest:273 - create  BasementTemplate{id=1647097399749, name='test' , priceMultiplier=1.0, cellar=true}
03.12:18.03.19  INFO	ru.sfedu.simpleBuilder.api.DataProviderJDBC:72 - prep544: INSERT INTO ROOFMATERIAL VALUES (?,?,?,?) {1: 1647097399773, 2: 'test', 3: 1.0, 4: 1}
03.12:18.03.19  INFO	ru.sfedu.simpleBuilder.api.DataProviderJDBC:73 - conn29: url=jdbc:h2:tcp://localhost/~/test user=ADMIN
03.12:18.03.19  INFO	ru.sfedu.simpleBuilder.DataProviderJDBCTest:31 - create  RoofMaterial{id=1647097399773, name='test', price=1.0, durabilityYears=1}
03.12:18.03.19  INFO	ru.sfedu.simpleBuilder.api.DataProviderJDBC:72 - prep594: INSERT INTO ROOFMATERIAL VALUES (?,?,?,?) {1: 1647097399808, 2: 'test', 3: 1.0, 4: 1}
03.12:18.03.19  INFO	ru.sfedu.simpleBuilder.api.DataProviderJDBC:73 - conn32: url=jdbc:h2:tcp://localhost/~/test user=ADMIN
03.12:18.03.19  INFO	ru.sfedu.simpleBuilder.DataProviderJDBCTest:321 - create  BuildingTemplate{id=1647097399827, name='test' , idRoofTemplate=2, idMainPartTemplate=1, idBasementTemplate=1' , idRoofMaterial=1, idMainPartMaterial=1, idBasementMaterial=0}
03.12:18.03.19 ERROR	ru.sfedu.simpleBuilder.api.DataProviderJDBC:488 - ru.sfedu.simpleBuilder.exception.NullObjectException: entity is null
03.12:18.03.19 DEBUG	ru.sfedu.simpleBuilder.api.DataProviderJDBC:869 - prep615:  DELETE FROM BUILDINGTEMPLATE WHERE id= (?) {1: 1647097399827}
03.12:18.03.19  INFO	ru.sfedu.simpleBuilder.DataProviderXMLTest:76 - create  MainPartMaterial{id=1647097399840, name='test', price=1.0, soundTransmission=1.0}
03.12:18.03.19  INFO	ru.sfedu.simpleBuilder.DataProviderXMLTest:42 - delnull
03.12:18.03.19  INFO	ru.sfedu.simpleBuilder.DataProviderXMLTest:219 - delnull
03.12:18.03.20  INFO	ru.sfedu.simpleBuilder.DataProviderXMLTest:230 - update  MainPartTemplate{id=1647097399975, name='test2' , priceMultiplier=2.2}
03.12:18.03.20  INFO	ru.sfedu.simpleBuilder.DataProviderXMLTest:53 - update  RoofMaterial{id=1647097400033, name='test2', price=2.0, durabilityYears=2}
03.12:18.03.20  INFO	ru.sfedu.simpleBuilder.DataProviderXMLTest:120 - create  BasementMaterial{id=1647097400085, name='test', price=1.0, frostResistance=1, waterproof=1}
03.12:18.03.20  INFO	ru.sfedu.simpleBuilder.DataProviderXMLTest:263 - delnull
03.12:18.03.20  INFO	ru.sfedu.simpleBuilder.DataProviderXMLTest:274 - update  BasementTemplate{id=1647097400120, name='test2' , priceMultiplier=2.2, cellar=true}
03.12:18.03.20 ERROR	ru.sfedu.simpleBuilder.api.DataProviderXml:218 - ru.sfedu.simpleBuilder.exception.NullObjectException: bean not found
03.12:18.03.20 ERROR	ru.sfedu.simpleBuilder.api.DataProviderXml:218 - ru.sfedu.simpleBuilder.exception.NullObjectException: bean not found
03.12:18.03.20 ERROR	ru.sfedu.simpleBuilder.api.DataProviderXml:218 - ru.sfedu.simpleBuilder.exception.NullObjectException: bean not found
03.12:18.03.20  INFO	ru.sfedu.simpleBuilder.DataProviderXMLTest:307 - delnull
03.12:18.03.20 ERROR	ru.sfedu.simpleBuilder.api.DataProviderXml:218 - ru.sfedu.simpleBuilder.exception.NullObjectException: bean not found
03.12:18.03.20  INFO	ru.sfedu.simpleBuilder.DataProviderXMLTest:87 - delnull
03.12:18.03.20  INFO	ru.sfedu.simpleBuilder.DataProviderXMLTest:164 - create  RoofTemplate{id=1647097400247, name='test' , priceMultiplier=1.0, insulation=true, pipe=true}
03.12:18.03.20 ERROR	ru.sfedu.simpleBuilder.api.DataProviderXml:218 - ru.sfedu.simpleBuilder.exception.NullObjectException: bean not found
03.12:18.03.20 ERROR	ru.sfedu.simpleBuilder.api.DataProviderXml:218 - ru.sfedu.simpleBuilder.exception.NullObjectException: bean not found
03.12:18.03.20  INFO	ru.sfedu.simpleBuilder.DataProviderXMLTest:318 - update  BuildingTemplate{id=1647097400267, name='test2' , idRoofTemplate=2, idMainPartTemplate=1, idBasementTemplate=1' , idRoofMaterial=1, idMainPartMaterial=1, idBasementMaterial=1}
03.12:18.03.20  INFO	ru.sfedu.simpleBuilder.DataProviderXMLTest:98 - update  MainPartMaterial{id=1647097400307, name='test2', price=2.0, soundTransmission=2.0}
03.12:18.03.20  INFO	ru.sfedu.simpleBuilder.DataProviderXMLTest:131 - delnull
03.12:18.03.20  INFO	ru.sfedu.simpleBuilder.DataProviderXMLTest:142 - update  BasementMaterial{id=1647097400386, name='test2', price=2.0, frostResistance=2, waterproof=2}
03.12:18.03.20  INFO	ru.sfedu.simpleBuilder.DataProviderXMLTest:208 - create  MainPartTemplate{id=1647097400439, name='test' , priceMultiplier=1.0}
03.12:18.03.20  INFO	ru.sfedu.simpleBuilder.DataProviderXMLTest:175 - delnull
03.12:18.03.20  INFO	ru.sfedu.simpleBuilder.DataProviderXMLTest:186 - update  RoofTemplate{id=1647097400474, name='test2' , priceMultiplier=1.0, insulation=true, pipe=true}
03.12:18.03.20  INFO	ru.sfedu.simpleBuilder.DataProviderXMLTest:252 - create  BasementTemplate{id=1647097400509, name='test' , priceMultiplier=1.0, cellar=true}
03.12:18.03.20  INFO	ru.sfedu.simpleBuilder.DataProviderXMLTest:31 - create  RoofMaterial{id=1647097400524, name='test', price=1.0, durabilityYears=1}
03.12:18.03.20 ERROR	ru.sfedu.simpleBuilder.api.DataProviderXml:218 - ru.sfedu.simpleBuilder.exception.NullObjectException: bean not found
03.12:18.03.20  INFO	ru.sfedu.simpleBuilder.DataProviderXMLTest:296 - create  BuildingTemplate{id=1647097400576, name='test' , idRoofTemplate=2, idMainPartTemplate=1, idBasementTemplate=1' , idRoofMaterial=1, idMainPartMaterial=1, idBasementMaterial=1}
